OpenROAD 41a51eaf4ca2171c92ff38afb91eb37bbd3f36da 
This program is licensed under the BSD-3 license. See the LICENSE file for details.
Components of this program may be licensed under more restrictive licenses which must be honored.
[INFO]: Reading ODB at '/openlane/designs/alu/runs/RUN_2025.08.23_20.19.57/results/placement/alu.odb'…
define_corners Typical
read_liberty -corner Typical /Users/samprita/.ciel/sky130A/libs.ref/sky130_fd_sc_hd/lib/sky130_fd_sc_hd__tt_025C_1v80.lib
Using 1e-12 for capacitance...
Using 1e+03 for resistance...
Using 1e-09 for time...
Using 1e+00 for voltage...
Using 1e-03 for current...
Using 1e-09 for power...
Using 1e-06 for distance...
Reading design constraints file at '/openlane/designs/alu/runs/RUN_2025.08.23_20.19.57/tmp/placement/9-resizer.sdc'…
[INFO]: Setting RC values...
min_report

===========================================================================
report_checks -path_delay min (Hold)
============================================================================
======================= Typical Corner ===================================

Startpoint: a[0] (input port clocked by clk)
Endpoint: result[0] (output port clocked by clk)
Path Group: clk
Path Type: min

Fanout     Cap    Slew   Delay    Time   Description
-----------------------------------------------------------------------------
                  0.00    0.00    0.00   clock clk (rise edge)
                          0.00    0.00   clock network delay (ideal)
                          2.00    2.00 v input external delay
                  0.01    0.01    2.01 v a[0] (in)
     1    0.00                           a[0] (net)
                  0.01    0.00    2.01 v input1/A (sky130_fd_sc_hd__buf_1)
                  0.07    0.10    2.11 v input1/X (sky130_fd_sc_hd__buf_1)
     4    0.01                           net1 (net)
                  0.07    0.00    2.11 v _088_/A1 (sky130_fd_sc_hd__o21a_1)
                  0.03    0.17    2.28 v _088_/X (sky130_fd_sc_hd__o21a_1)
     1    0.00                           net20 (net)
                  0.03    0.00    2.28 v output20/A (sky130_fd_sc_hd__buf_2)
                  0.09    0.16    2.44 v output20/X (sky130_fd_sc_hd__buf_2)
     1    0.03                           result[0] (net)
                  0.09    0.00    2.44 v result[0] (out)
                                  2.44   data arrival time

                  0.00    0.00    0.00   clock clk (rise edge)
                          0.00    0.00   clock network delay (ideal)
                          0.25    0.25   clock uncertainty
                          0.00    0.25   clock reconvergence pessimism
                         -2.00   -1.75   output external delay
                                 -1.75   data required time
-----------------------------------------------------------------------------
                                 -1.75   data required time
                                 -2.44   data arrival time
-----------------------------------------------------------------------------
                                  4.19   slack (MET)


Startpoint: a[2] (input port clocked by clk)
Endpoint: result[2] (output port clocked by clk)
Path Group: clk
Path Type: min

Fanout     Cap    Slew   Delay    Time   Description
-----------------------------------------------------------------------------
                  0.00    0.00    0.00   clock clk (rise edge)
                          0.00    0.00   clock network delay (ideal)
                          2.00    2.00 ^ input external delay
                  0.02    0.01    2.01 ^ a[2] (in)
     1    0.00                           a[2] (net)
                  0.02    0.00    2.01 ^ input3/A (sky130_fd_sc_hd__clkbuf_2)
                  0.12    0.14    2.15 ^ input3/X (sky130_fd_sc_hd__clkbuf_2)
     6    0.02                           net3 (net)
                  0.12    0.00    2.15 ^ _116_/A1 (sky130_fd_sc_hd__a311o_1)
                  0.04    0.15    2.31 ^ _116_/X (sky130_fd_sc_hd__a311o_1)
     1    0.00                           net22 (net)
                  0.04    0.00    2.31 ^ output22/A (sky130_fd_sc_hd__clkbuf_4)
                  0.11    0.18    2.48 ^ output22/X (sky130_fd_sc_hd__clkbuf_4)
     1    0.03                           result[2] (net)
                  0.11    0.00    2.48 ^ result[2] (out)
                                  2.48   data arrival time

                  0.00    0.00    0.00   clock clk (rise edge)
                          0.00    0.00   clock network delay (ideal)
                          0.25    0.25   clock uncertainty
                          0.00    0.25   clock reconvergence pessimism
                         -2.00   -1.75   output external delay
                                 -1.75   data required time
-----------------------------------------------------------------------------
                                 -1.75   data required time
                                 -2.48   data arrival time
-----------------------------------------------------------------------------
                                  4.23   slack (MET)


Startpoint: b[3] (input port clocked by clk)
Endpoint: result[3] (output port clocked by clk)
Path Group: clk
Path Type: min

Fanout     Cap    Slew   Delay    Time   Description
-----------------------------------------------------------------------------
                  0.00    0.00    0.00   clock clk (rise edge)
                          0.00    0.00   clock network delay (ideal)
                          2.00    2.00 ^ input external delay
                  0.02    0.01    2.01 ^ b[3] (in)
     1    0.00                           b[3] (net)
                  0.02    0.00    2.01 ^ input12/A (sky130_fd_sc_hd__clkbuf_2)
                  0.10    0.13    2.14 ^ input12/X (sky130_fd_sc_hd__clkbuf_2)
     5    0.02                           net12 (net)
                  0.10    0.00    2.14 ^ _127_/A2 (sky130_fd_sc_hd__a311o_1)
                  0.05    0.17    2.31 ^ _127_/X (sky130_fd_sc_hd__a311o_1)
     1    0.00                           net23 (net)
                  0.05    0.00    2.31 ^ output23/A (sky130_fd_sc_hd__clkbuf_4)
                  0.11    0.18    2.49 ^ output23/X (sky130_fd_sc_hd__clkbuf_4)
     1    0.03                           result[3] (net)
                  0.11    0.00    2.49 ^ result[3] (out)
                                  2.49   data arrival time

                  0.00    0.00    0.00   clock clk (rise edge)
                          0.00    0.00   clock network delay (ideal)
                          0.25    0.25   clock uncertainty
                          0.00    0.25   clock reconvergence pessimism
                         -2.00   -1.75   output external delay
                                 -1.75   data required time
-----------------------------------------------------------------------------
                                 -1.75   data required time
                                 -2.49   data arrival time
-----------------------------------------------------------------------------
                                  4.24   slack (MET)


Startpoint: b[1] (input port clocked by clk)
Endpoint: result[1] (output port clocked by clk)
Path Group: clk
Path Type: min

Fanout     Cap    Slew   Delay    Time   Description
-----------------------------------------------------------------------------
                  0.00    0.00    0.00   clock clk (rise edge)
                          0.00    0.00   clock network delay (ideal)
                          2.00    2.00 ^ input external delay
                  0.02    0.01    2.01 ^ b[1] (in)
     1    0.00                           b[1] (net)
                  0.02    0.00    2.01 ^ input10/A (sky130_fd_sc_hd__clkbuf_2)
                  0.11    0.14    2.15 ^ input10/X (sky130_fd_sc_hd__clkbuf_2)
     7    0.02                           net10 (net)
                  0.11    0.00    2.15 ^ _105_/A2 (sky130_fd_sc_hd__a31o_1)
                  0.04    0.14    2.29 ^ _105_/X (sky130_fd_sc_hd__a31o_1)
     1    0.00                           _038_ (net)
                  0.04    0.00    2.29 ^ _106_/B1 (sky130_fd_sc_hd__a21o_1)
                  0.03    0.07    2.36 ^ _106_/X (sky130_fd_sc_hd__a21o_1)
     1    0.00                           net21 (net)
                  0.03    0.00    2.36 ^ output21/A (sky130_fd_sc_hd__buf_2)
                  0.17    0.18    2.54 ^ output21/X (sky130_fd_sc_hd__buf_2)
     1    0.03                           result[1] (net)
                  0.17    0.00    2.54 ^ result[1] (out)
                                  2.54   data arrival time

                  0.00    0.00    0.00   clock clk (rise edge)
                          0.00    0.00   clock network delay (ideal)
                          0.25    0.25   clock uncertainty
                          0.00    0.25   clock reconvergence pessimism
                         -2.00   -1.75   output external delay
                                 -1.75   data required time
-----------------------------------------------------------------------------
                                 -1.75   data required time
                                 -2.54   data arrival time
-----------------------------------------------------------------------------
                                  4.29   slack (MET)


Startpoint: a[6] (input port clocked by clk)
Endpoint: result[6] (output port clocked by clk)
Path Group: clk
Path Type: min

Fanout     Cap    Slew   Delay    Time   Description
-----------------------------------------------------------------------------
                  0.00    0.00    0.00   clock clk (rise edge)
                          0.00    0.00   clock network delay (ideal)
                          2.00    2.00 ^ input external delay
                  0.02    0.01    2.01 ^ a[6] (in)
     1    0.00                           a[6] (net)
                  0.02    0.00    2.01 ^ input7/A (sky130_fd_sc_hd__clkbuf_2)
                  0.10    0.13    2.15 ^ input7/X (sky130_fd_sc_hd__clkbuf_2)
     5    0.02                           net7 (net)
                  0.10    0.00    2.15 ^ _163_/A1 (sky130_fd_sc_hd__a31o_1)
                  0.04    0.13    2.28 ^ _163_/X (sky130_fd_sc_hd__a31o_1)
     1    0.00                           _007_ (net)
                  0.04    0.00    2.28 ^ _164_/B1 (sky130_fd_sc_hd__a21o_1)
                  0.05    0.08    2.37 ^ _164_/X (sky130_fd_sc_hd__a21o_1)
     1    0.01                           net26 (net)
                  0.05    0.00    2.37 ^ output26/A (sky130_fd_sc_hd__clkbuf_4)
                  0.11    0.18    2.55 ^ output26/X (sky130_fd_sc_hd__clkbuf_4)
     1    0.04                           result[6] (net)
                  0.11    0.00    2.55 ^ result[6] (out)
                                  2.55   data arrival time

                  0.00    0.00    0.00   clock clk (rise edge)
                          0.00    0.00   clock network delay (ideal)
                          0.25    0.25   clock uncertainty
                          0.00    0.25   clock reconvergence pessimism
                         -2.00   -1.75   output external delay
                                 -1.75   data required time
-----------------------------------------------------------------------------
                                 -1.75   data required time
                                 -2.55   data arrival time
-----------------------------------------------------------------------------
                                  4.30   slack (MET)


Startpoint: b[5] (input port clocked by clk)
Endpoint: result[5] (output port clocked by clk)
Path Group: clk
Path Type: min

Fanout     Cap    Slew   Delay    Time   Description
-----------------------------------------------------------------------------
                  0.00    0.00    0.00   clock clk (rise edge)
                          0.00    0.00   clock network delay (ideal)
                          2.00    2.00 ^ input external delay
                  0.02    0.01    2.01 ^ b[5] (in)
     1    0.00                           b[5] (net)
                  0.02    0.00    2.01 ^ input14/A (sky130_fd_sc_hd__clkbuf_2)
                  0.12    0.14    2.15 ^ input14/X (sky130_fd_sc_hd__clkbuf_2)
     6    0.02                           net14 (net)
                  0.12    0.00    2.15 ^ _152_/A2 (sky130_fd_sc_hd__a31o_1)
                  0.04    0.14    2.30 ^ _152_/X (sky130_fd_sc_hd__a31o_1)
     1    0.00                           _081_ (net)
                  0.04    0.00    2.30 ^ _153_/B1 (sky130_fd_sc_hd__a21o_1)
                  0.04    0.07    2.37 ^ _153_/X (sky130_fd_sc_hd__a21o_1)
     1    0.00                           net25 (net)
                  0.04    0.00    2.37 ^ output25/A (sky130_fd_sc_hd__buf_2)
                  0.17    0.18    2.55 ^ output25/X (sky130_fd_sc_hd__buf_2)
     1    0.03                           result[5] (net)
                  0.17    0.00    2.55 ^ result[5] (out)
                                  2.55   data arrival time

                  0.00    0.00    0.00   clock clk (rise edge)
                          0.00    0.00   clock network delay (ideal)
                          0.25    0.25   clock uncertainty
                          0.00    0.25   clock reconvergence pessimism
                         -2.00   -1.75   output external delay
                                 -1.75   data required time
-----------------------------------------------------------------------------
                                 -1.75   data required time
                                 -2.55   data arrival time
-----------------------------------------------------------------------------
                                  4.30   slack (MET)


Startpoint: a[4] (input port clocked by clk)
Endpoint: result[4] (output port clocked by clk)
Path Group: clk
Path Type: min

Fanout     Cap    Slew   Delay    Time   Description
-----------------------------------------------------------------------------
                  0.00    0.00    0.00   clock clk (rise edge)
                          0.00    0.00   clock network delay (ideal)
                          2.00    2.00 ^ input external delay
                  0.02    0.01    2.01 ^ a[4] (in)
     1    0.00                           a[4] (net)
                  0.02    0.00    2.01 ^ input5/A (sky130_fd_sc_hd__clkbuf_2)
                  0.11    0.13    2.14 ^ input5/X (sky130_fd_sc_hd__clkbuf_2)
     5    0.02                           net5 (net)
                  0.11    0.00    2.14 ^ _137_/A1 (sky130_fd_sc_hd__a31o_1)
                  0.04    0.14    2.28 ^ _137_/X (sky130_fd_sc_hd__a31o_1)
     1    0.00                           _067_ (net)
                  0.04    0.00    2.28 ^ _138_/B1 (sky130_fd_sc_hd__a31o_1)
                  0.05    0.09    2.37 ^ _138_/X (sky130_fd_sc_hd__a31o_1)
     1    0.00                           net24 (net)
                  0.05    0.00    2.37 ^ output24/A (sky130_fd_sc_hd__buf_2)
                  0.17    0.19    2.56 ^ output24/X (sky130_fd_sc_hd__buf_2)
     1    0.03                           result[4] (net)
                  0.17    0.00    2.56 ^ result[4] (out)
                                  2.56   data arrival time

                  0.00    0.00    0.00   clock clk (rise edge)
                          0.00    0.00   clock network delay (ideal)
                          0.25    0.25   clock uncertainty
                          0.00    0.25   clock reconvergence pessimism
                         -2.00   -1.75   output external delay
                                 -1.75   data required time
-----------------------------------------------------------------------------
                                 -1.75   data required time
                                 -2.56   data arrival time
-----------------------------------------------------------------------------
                                  4.31   slack (MET)


Startpoint: a[7] (input port clocked by clk)
Endpoint: result[7] (output port clocked by clk)
Path Group: clk
Path Type: min

Fanout     Cap    Slew   Delay    Time   Description
-----------------------------------------------------------------------------
                  0.00    0.00    0.00   clock clk (rise edge)
                          0.00    0.00   clock network delay (ideal)
                          2.00    2.00 ^ input external delay
                  0.02    0.01    2.01 ^ a[7] (in)
     1    0.00                           a[7] (net)
                  0.02    0.00    2.01 ^ input8/A (sky130_fd_sc_hd__buf_1)
                  0.16    0.15    2.16 ^ input8/X (sky130_fd_sc_hd__buf_1)
     4    0.01                           net8 (net)
                  0.16    0.00    2.16 ^ _174_/A1 (sky130_fd_sc_hd__o22a_1)
                  0.05    0.16    2.32 ^ _174_/X (sky130_fd_sc_hd__o22a_1)
     1    0.00                           _017_ (net)
                  0.05    0.00    2.32 ^ _175_/B1 (sky130_fd_sc_hd__a31o_1)
                  0.04    0.08    2.40 ^ _175_/X (sky130_fd_sc_hd__a31o_1)
     1    0.00                           net27 (net)
                  0.04    0.00    2.40 ^ output27/A (sky130_fd_sc_hd__buf_2)
                  0.17    0.18    2.58 ^ output27/X (sky130_fd_sc_hd__buf_2)
     1    0.03                           result[7] (net)
                  0.17    0.00    2.58 ^ result[7] (out)
                                  2.58   data arrival time

                  0.00    0.00    0.00   clock clk (rise edge)
                          0.00    0.00   clock network delay (ideal)
                          0.25    0.25   clock uncertainty
                          0.00    0.25   clock reconvergence pessimism
                         -2.00   -1.75   output external delay
                                 -1.75   data required time
-----------------------------------------------------------------------------
                                 -1.75   data required time
                                 -2.58   data arrival time
-----------------------------------------------------------------------------
                                  4.33   slack (MET)



min_report_end
max_report

===========================================================================
report_checks -path_delay max (Setup)
============================================================================
======================= Typical Corner ===================================

Startpoint: op[2] (input port clocked by clk)
Endpoint: result[7] (output port clocked by clk)
Path Group: clk
Path Type: max

Fanout     Cap    Slew   Delay    Time   Description
-----------------------------------------------------------------------------
                  0.00    0.00    0.00   clock clk (rise edge)
                          0.00    0.00   clock network delay (ideal)
                          2.00    2.00 v input external delay
                  0.01    0.00    2.00 v op[2] (in)
     1    0.00                           op[2] (net)
                  0.01    0.00    2.00 v input19/A (sky130_fd_sc_hd__dlymetal6s2s_1)
                  0.09    0.18    2.18 v input19/X (sky130_fd_sc_hd__dlymetal6s2s_1)
     6    0.02                           net19 (net)
                  0.09    0.00    2.18 v _090_/A (sky130_fd_sc_hd__or3b_1)
                  0.06    0.40    2.58 v _090_/X (sky130_fd_sc_hd__or3b_1)
     1    0.00                           _023_ (net)
                  0.06    0.00    2.58 v _091_/A (sky130_fd_sc_hd__clkbuf_2)
                  0.09    0.17    2.76 v _091_/X (sky130_fd_sc_hd__clkbuf_2)
     8    0.02                           _024_ (net)
                  0.09    0.00    2.76 v _108_/B1 (sky130_fd_sc_hd__o21a_1)
                  0.06    0.15    2.90 v _108_/X (sky130_fd_sc_hd__o21a_1)
     2    0.01                           _040_ (net)
                  0.06    0.00    2.90 v _109_/B (sky130_fd_sc_hd__xnor2_1)
                  0.28    0.26    3.16 ^ _109_/Y (sky130_fd_sc_hd__xnor2_1)
     3    0.01                           _041_ (net)
                  0.28    0.00    3.16 ^ _110_/B (sky130_fd_sc_hd__xor2_1)
                  0.09    0.12    3.29 v _110_/X (sky130_fd_sc_hd__xor2_1)
     2    0.00                           _042_ (net)
                  0.09    0.00    3.29 v _111_/B (sky130_fd_sc_hd__and2_1)
                  0.08    0.22    3.51 v _111_/X (sky130_fd_sc_hd__and2_1)
     5    0.01                           _043_ (net)
                  0.08    0.00    3.51 v _157_/A1 (sky130_fd_sc_hd__o211a_1)
                  0.05    0.25    3.77 v _157_/X (sky130_fd_sc_hd__o211a_1)
     2    0.01                           _001_ (net)
                  0.05    0.00    3.77 v _166_/A1 (sky130_fd_sc_hd__o211a_1)
                  0.05    0.24    4.01 v _166_/X (sky130_fd_sc_hd__o211a_1)
     2    0.00                           _009_ (net)
                  0.05    0.00    4.01 v _171_/B (sky130_fd_sc_hd__or3_1)
                  0.07    0.35    4.36 v _171_/X (sky130_fd_sc_hd__or3_1)
     1    0.00                           _014_ (net)
                  0.07    0.00    4.36 v _175_/A3 (sky130_fd_sc_hd__a31o_1)
                  0.03    0.22    4.58 v _175_/X (sky130_fd_sc_hd__a31o_1)
     1    0.00                           net27 (net)
                  0.03    0.00    4.58 v output27/A (sky130_fd_sc_hd__buf_2)
                  0.09    0.18    4.77 v output27/X (sky130_fd_sc_hd__buf_2)
     1    0.03                           result[7] (net)
                  0.09    0.00    4.77 v result[7] (out)
                                  4.77   data arrival time

                  0.00   10.00   10.00   clock clk (rise edge)
                          0.00   10.00   clock network delay (ideal)
                         -0.25    9.75   clock uncertainty
                          0.00    9.75   clock reconvergence pessimism
                         -2.00    7.75   output external delay
                                  7.75   data required time
-----------------------------------------------------------------------------
                                  7.75   data required time
                                 -4.77   data arrival time
-----------------------------------------------------------------------------
                                  2.98   slack (MET)


Startpoint: op[2] (input port clocked by clk)
Endpoint: result[6] (output port clocked by clk)
Path Group: clk
Path Type: max

Fanout     Cap    Slew   Delay    Time   Description
-----------------------------------------------------------------------------
                  0.00    0.00    0.00   clock clk (rise edge)
                          0.00    0.00   clock network delay (ideal)
                          2.00    2.00 v input external delay
                  0.01    0.00    2.00 v op[2] (in)
     1    0.00                           op[2] (net)
                  0.01    0.00    2.00 v input19/A (sky130_fd_sc_hd__dlymetal6s2s_1)
                  0.09    0.18    2.18 v input19/X (sky130_fd_sc_hd__dlymetal6s2s_1)
     6    0.02                           net19 (net)
                  0.09    0.00    2.18 v _090_/A (sky130_fd_sc_hd__or3b_1)
                  0.06    0.40    2.58 v _090_/X (sky130_fd_sc_hd__or3b_1)
     1    0.00                           _023_ (net)
                  0.06    0.00    2.58 v _091_/A (sky130_fd_sc_hd__clkbuf_2)
                  0.09    0.17    2.76 v _091_/X (sky130_fd_sc_hd__clkbuf_2)
     8    0.02                           _024_ (net)
                  0.09    0.00    2.76 v _108_/B1 (sky130_fd_sc_hd__o21a_1)
                  0.06    0.15    2.90 v _108_/X (sky130_fd_sc_hd__o21a_1)
     2    0.01                           _040_ (net)
                  0.06    0.00    2.90 v _109_/B (sky130_fd_sc_hd__xnor2_1)
                  0.28    0.26    3.16 ^ _109_/Y (sky130_fd_sc_hd__xnor2_1)
     3    0.01                           _041_ (net)
                  0.28    0.00    3.16 ^ _110_/B (sky130_fd_sc_hd__xor2_1)
                  0.09    0.12    3.29 v _110_/X (sky130_fd_sc_hd__xor2_1)
     2    0.00                           _042_ (net)
                  0.09    0.00    3.29 v _111_/B (sky130_fd_sc_hd__and2_1)
                  0.08    0.22    3.51 v _111_/X (sky130_fd_sc_hd__and2_1)
     5    0.01                           _043_ (net)
                  0.08    0.00    3.51 v _157_/A1 (sky130_fd_sc_hd__o211a_1)
                  0.05    0.25    3.77 v _157_/X (sky130_fd_sc_hd__o211a_1)
     2    0.01                           _001_ (net)
                  0.05    0.00    3.77 v _159_/A1 (sky130_fd_sc_hd__o21ai_1)
                  0.14    0.16    3.93 ^ _159_/Y (sky130_fd_sc_hd__o21ai_1)
     1    0.00                           _003_ (net)
                  0.14    0.00    3.93 ^ _160_/B (sky130_fd_sc_hd__xnor2_1)
                  0.12    0.14    4.06 ^ _160_/Y (sky130_fd_sc_hd__xnor2_1)
     1    0.00                           _004_ (net)
                  0.12    0.00    4.06 ^ _164_/A2 (sky130_fd_sc_hd__a21o_1)
                  0.06    0.15    4.21 ^ _164_/X (sky130_fd_sc_hd__a21o_1)
     1    0.01                           net26 (net)
                  0.06    0.00    4.21 ^ output26/A (sky130_fd_sc_hd__clkbuf_4)
                  0.11    0.20    4.41 ^ output26/X (sky130_fd_sc_hd__clkbuf_4)
     1    0.04                           result[6] (net)
                  0.11    0.00    4.41 ^ result[6] (out)
                                  4.41   data arrival time

                  0.00   10.00   10.00   clock clk (rise edge)
                          0.00   10.00   clock network delay (ideal)
                         -0.25    9.75   clock uncertainty
                          0.00    9.75   clock reconvergence pessimism
                         -2.00    7.75   output external delay
                                  7.75   data required time
-----------------------------------------------------------------------------
                                  7.75   data required time
                                 -4.41   data arrival time
-----------------------------------------------------------------------------
                                  3.34   slack (MET)


Startpoint: op[2] (input port clocked by clk)
Endpoint: result[3] (output port clocked by clk)
Path Group: clk
Path Type: max

Fanout     Cap    Slew   Delay    Time   Description
-----------------------------------------------------------------------------
                  0.00    0.00    0.00   clock clk (rise edge)
                          0.00    0.00   clock network delay (ideal)
                          2.00    2.00 v input external delay
                  0.01    0.00    2.00 v op[2] (in)
     1    0.00                           op[2] (net)
                  0.01    0.00    2.00 v input19/A (sky130_fd_sc_hd__dlymetal6s2s_1)
                  0.09    0.18    2.18 v input19/X (sky130_fd_sc_hd__dlymetal6s2s_1)
     6    0.02                           net19 (net)
                  0.09    0.00    2.18 v _090_/A (sky130_fd_sc_hd__or3b_1)
                  0.06    0.40    2.58 v _090_/X (sky130_fd_sc_hd__or3b_1)
     1    0.00                           _023_ (net)
                  0.06    0.00    2.58 v _091_/A (sky130_fd_sc_hd__clkbuf_2)
                  0.09    0.17    2.76 v _091_/X (sky130_fd_sc_hd__clkbuf_2)
     8    0.02                           _024_ (net)
                  0.09    0.00    2.76 v _108_/B1 (sky130_fd_sc_hd__o21a_1)
                  0.06    0.15    2.90 v _108_/X (sky130_fd_sc_hd__o21a_1)
     2    0.01                           _040_ (net)
                  0.06    0.00    2.90 v _109_/B (sky130_fd_sc_hd__xnor2_1)
                  0.28    0.26    3.16 ^ _109_/Y (sky130_fd_sc_hd__xnor2_1)
     3    0.01                           _041_ (net)
                  0.28    0.00    3.16 ^ _110_/B (sky130_fd_sc_hd__xor2_1)
                  0.09    0.12    3.29 v _110_/X (sky130_fd_sc_hd__xor2_1)
     2    0.00                           _042_ (net)
                  0.09    0.00    3.29 v _111_/B (sky130_fd_sc_hd__and2_1)
                  0.08    0.22    3.51 v _111_/X (sky130_fd_sc_hd__and2_1)
     5    0.01                           _043_ (net)
                  0.08    0.00    3.51 v _122_/B1 (sky130_fd_sc_hd__a21o_1)
                  0.04    0.18    3.70 v _122_/X (sky130_fd_sc_hd__a21o_1)
     2    0.01                           _053_ (net)
                  0.04    0.00    3.70 v _123_/A2 (sky130_fd_sc_hd__o21ai_1)
                  0.10    0.12    3.81 ^ _123_/Y (sky130_fd_sc_hd__o21ai_1)
     1    0.00                           _054_ (net)
                  0.10    0.00    3.81 ^ _124_/B1 (sky130_fd_sc_hd__a21oi_1)
                  0.04    0.05    3.86 v _124_/Y (sky130_fd_sc_hd__a21oi_1)
     1    0.00                           _055_ (net)
                  0.04    0.00    3.86 v _127_/B1 (sky130_fd_sc_hd__a311o_1)
                  0.06    0.33    4.19 v _127_/X (sky130_fd_sc_hd__a311o_1)
     1    0.00                           net23 (net)
                  0.06    0.00    4.19 v output23/A (sky130_fd_sc_hd__clkbuf_4)
                  0.08    0.20    4.39 v output23/X (sky130_fd_sc_hd__clkbuf_4)
     1    0.03                           result[3] (net)
                  0.08    0.00    4.39 v result[3] (out)
                                  4.39   data arrival time

                  0.00   10.00   10.00   clock clk (rise edge)
                          0.00   10.00   clock network delay (ideal)
                         -0.25    9.75   clock uncertainty
                          0.00    9.75   clock reconvergence pessimism
                         -2.00    7.75   output external delay
                                  7.75   data required time
-----------------------------------------------------------------------------
                                  7.75   data required time
                                 -4.39   data arrival time
-----------------------------------------------------------------------------
                                  3.36   slack (MET)


Startpoint: op[2] (input port clocked by clk)
Endpoint: result[5] (output port clocked by clk)
Path Group: clk
Path Type: max

Fanout     Cap    Slew   Delay    Time   Description
-----------------------------------------------------------------------------
                  0.00    0.00    0.00   clock clk (rise edge)
                          0.00    0.00   clock network delay (ideal)
                          2.00    2.00 v input external delay
                  0.01    0.00    2.00 v op[2] (in)
     1    0.00                           op[2] (net)
                  0.01    0.00    2.00 v input19/A (sky130_fd_sc_hd__dlymetal6s2s_1)
                  0.09    0.18    2.18 v input19/X (sky130_fd_sc_hd__dlymetal6s2s_1)
     6    0.02                           net19 (net)
                  0.09    0.00    2.18 v _090_/A (sky130_fd_sc_hd__or3b_1)
                  0.06    0.40    2.58 v _090_/X (sky130_fd_sc_hd__or3b_1)
     1    0.00                           _023_ (net)
                  0.06    0.00    2.58 v _091_/A (sky130_fd_sc_hd__clkbuf_2)
                  0.09    0.17    2.76 v _091_/X (sky130_fd_sc_hd__clkbuf_2)
     8    0.02                           _024_ (net)
                  0.09    0.00    2.76 v _108_/B1 (sky130_fd_sc_hd__o21a_1)
                  0.06    0.15    2.90 v _108_/X (sky130_fd_sc_hd__o21a_1)
     2    0.01                           _040_ (net)
                  0.06    0.00    2.90 v _109_/B (sky130_fd_sc_hd__xnor2_1)
                  0.28    0.26    3.16 ^ _109_/Y (sky130_fd_sc_hd__xnor2_1)
     3    0.01                           _041_ (net)
                  0.28    0.00    3.16 ^ _110_/B (sky130_fd_sc_hd__xor2_1)
                  0.09    0.12    3.29 v _110_/X (sky130_fd_sc_hd__xor2_1)
     2    0.00                           _042_ (net)
                  0.09    0.00    3.29 v _111_/B (sky130_fd_sc_hd__and2_1)
                  0.08    0.22    3.51 v _111_/X (sky130_fd_sc_hd__and2_1)
     5    0.01                           _043_ (net)
                  0.08    0.00    3.51 v _132_/A1 (sky130_fd_sc_hd__o211ai_1)
                  0.20    0.23    3.75 ^ _132_/Y (sky130_fd_sc_hd__o211ai_1)
     2    0.01                           _062_ (net)
                  0.20    0.00    3.75 ^ _147_/B (sky130_fd_sc_hd__nand2_1)
                  0.06    0.10    3.85 v _147_/Y (sky130_fd_sc_hd__nand2_1)
     2    0.01                           _076_ (net)
                  0.06    0.00    3.85 v _149_/A2 (sky130_fd_sc_hd__o21a_1)
                  0.03    0.18    4.02 v _149_/X (sky130_fd_sc_hd__o21a_1)
     1    0.00                           _078_ (net)
                  0.03    0.00    4.02 v _153_/A2 (sky130_fd_sc_hd__a21o_1)
                  0.03    0.18    4.20 v _153_/X (sky130_fd_sc_hd__a21o_1)
     1    0.00                           net25 (net)
                  0.03    0.00    4.20 v output25/A (sky130_fd_sc_hd__buf_2)
                  0.09    0.18    4.38 v output25/X (sky130_fd_sc_hd__buf_2)
     1    0.03                           result[5] (net)
                  0.09    0.00    4.38 v result[5] (out)
                                  4.38   data arrival time

                  0.00   10.00   10.00   clock clk (rise edge)
                          0.00   10.00   clock network delay (ideal)
                         -0.25    9.75   clock uncertainty
                          0.00    9.75   clock reconvergence pessimism
                         -2.00    7.75   output external delay
                                  7.75   data required time
-----------------------------------------------------------------------------
                                  7.75   data required time
                                 -4.38   data arrival time
-----------------------------------------------------------------------------
                                  3.37   slack (MET)


Startpoint: op[2] (input port clocked by clk)
Endpoint: result[4] (output port clocked by clk)
Path Group: clk
Path Type: max

Fanout     Cap    Slew   Delay    Time   Description
-----------------------------------------------------------------------------
                  0.00    0.00    0.00   clock clk (rise edge)
                          0.00    0.00   clock network delay (ideal)
                          2.00    2.00 v input external delay
                  0.01    0.00    2.00 v op[2] (in)
     1    0.00                           op[2] (net)
                  0.01    0.00    2.00 v input19/A (sky130_fd_sc_hd__dlymetal6s2s_1)
                  0.09    0.18    2.18 v input19/X (sky130_fd_sc_hd__dlymetal6s2s_1)
     6    0.02                           net19 (net)
                  0.09    0.00    2.18 v _090_/A (sky130_fd_sc_hd__or3b_1)
                  0.06    0.40    2.58 v _090_/X (sky130_fd_sc_hd__or3b_1)
     1    0.00                           _023_ (net)
                  0.06    0.00    2.58 v _091_/A (sky130_fd_sc_hd__clkbuf_2)
                  0.09    0.17    2.76 v _091_/X (sky130_fd_sc_hd__clkbuf_2)
     8    0.02                           _024_ (net)
                  0.09    0.00    2.76 v _108_/B1 (sky130_fd_sc_hd__o21a_1)
                  0.06    0.15    2.90 v _108_/X (sky130_fd_sc_hd__o21a_1)
     2    0.01                           _040_ (net)
                  0.06    0.00    2.90 v _109_/B (sky130_fd_sc_hd__xnor2_1)
                  0.28    0.26    3.16 ^ _109_/Y (sky130_fd_sc_hd__xnor2_1)
     3    0.01                           _041_ (net)
                  0.28    0.00    3.16 ^ _110_/B (sky130_fd_sc_hd__xor2_1)
                  0.09    0.12    3.29 v _110_/X (sky130_fd_sc_hd__xor2_1)
     2    0.00                           _042_ (net)
                  0.09    0.00    3.29 v _111_/B (sky130_fd_sc_hd__and2_1)
                  0.08    0.22    3.51 v _111_/X (sky130_fd_sc_hd__and2_1)
     5    0.01                           _043_ (net)
                  0.08    0.00    3.51 v _133_/A1 (sky130_fd_sc_hd__o21a_1)
                  0.03    0.19    3.70 v _133_/X (sky130_fd_sc_hd__o21a_1)
     1    0.00                           _063_ (net)
                  0.03    0.00    3.70 v _134_/B (sky130_fd_sc_hd__or2_1)
                  0.05    0.21    3.91 v _134_/X (sky130_fd_sc_hd__or2_1)
     1    0.00                           _064_ (net)
                  0.05    0.00    3.91 v _138_/A3 (sky130_fd_sc_hd__a31o_1)
                  0.04    0.23    4.14 v _138_/X (sky130_fd_sc_hd__a31o_1)
     1    0.00                           net24 (net)
                  0.04    0.00    4.14 v output24/A (sky130_fd_sc_hd__buf_2)
                  0.09    0.19    4.33 v output24/X (sky130_fd_sc_hd__buf_2)
     1    0.03                           result[4] (net)
                  0.09    0.00    4.33 v result[4] (out)
                                  4.33   data arrival time

                  0.00   10.00   10.00   clock clk (rise edge)
                          0.00   10.00   clock network delay (ideal)
                         -0.25    9.75   clock uncertainty
                          0.00    9.75   clock reconvergence pessimism
                         -2.00    7.75   output external delay
                                  7.75   data required time
-----------------------------------------------------------------------------
                                  7.75   data required time
                                 -4.33   data arrival time
-----------------------------------------------------------------------------
                                  3.42   slack (MET)


Startpoint: op[2] (input port clocked by clk)
Endpoint: result[2] (output port clocked by clk)
Path Group: clk
Path Type: max

Fanout     Cap    Slew   Delay    Time   Description
-----------------------------------------------------------------------------
                  0.00    0.00    0.00   clock clk (rise edge)
                          0.00    0.00   clock network delay (ideal)
                          2.00    2.00 v input external delay
                  0.01    0.00    2.00 v op[2] (in)
     1    0.00                           op[2] (net)
                  0.01    0.00    2.00 v input19/A (sky130_fd_sc_hd__dlymetal6s2s_1)
                  0.09    0.18    2.18 v input19/X (sky130_fd_sc_hd__dlymetal6s2s_1)
     6    0.02                           net19 (net)
                  0.09    0.00    2.18 v _090_/A (sky130_fd_sc_hd__or3b_1)
                  0.06    0.40    2.58 v _090_/X (sky130_fd_sc_hd__or3b_1)
     1    0.00                           _023_ (net)
                  0.06    0.00    2.58 v _091_/A (sky130_fd_sc_hd__clkbuf_2)
                  0.09    0.17    2.76 v _091_/X (sky130_fd_sc_hd__clkbuf_2)
     8    0.02                           _024_ (net)
                  0.09    0.00    2.76 v _108_/B1 (sky130_fd_sc_hd__o21a_1)
                  0.06    0.15    2.90 v _108_/X (sky130_fd_sc_hd__o21a_1)
     2    0.01                           _040_ (net)
                  0.06    0.00    2.90 v _109_/B (sky130_fd_sc_hd__xnor2_1)
                  0.28    0.26    3.16 ^ _109_/Y (sky130_fd_sc_hd__xnor2_1)
     3    0.01                           _041_ (net)
                  0.28    0.00    3.16 ^ _110_/B (sky130_fd_sc_hd__xor2_1)
                  0.15    0.21    3.37 ^ _110_/X (sky130_fd_sc_hd__xor2_1)
     2    0.00                           _042_ (net)
                  0.15    0.00    3.37 ^ _111_/B (sky130_fd_sc_hd__and2_1)
                  0.15    0.23    3.60 ^ _111_/X (sky130_fd_sc_hd__and2_1)
     5    0.01                           _043_ (net)
                  0.15    0.00    3.60 ^ _113_/A (sky130_fd_sc_hd__nor2_1)
                  0.04    0.07    3.67 v _113_/Y (sky130_fd_sc_hd__nor2_1)
     1    0.00                           _045_ (net)
                  0.04    0.00    3.67 v _116_/B1 (sky130_fd_sc_hd__a311o_1)
                  0.05    0.32    3.99 v _116_/X (sky130_fd_sc_hd__a311o_1)
     1    0.00                           net22 (net)
                  0.05    0.00    3.99 v output22/A (sky130_fd_sc_hd__clkbuf_4)
                  0.08    0.19    4.18 v output22/X (sky130_fd_sc_hd__clkbuf_4)
     1    0.03                           result[2] (net)
                  0.08    0.00    4.18 v result[2] (out)
                                  4.18   data arrival time

                  0.00   10.00   10.00   clock clk (rise edge)
                          0.00   10.00   clock network delay (ideal)
                         -0.25    9.75   clock uncertainty
                          0.00    9.75   clock reconvergence pessimism
                         -2.00    7.75   output external delay
                                  7.75   data required time
-----------------------------------------------------------------------------
                                  7.75   data required time
                                 -4.18   data arrival time
-----------------------------------------------------------------------------
                                  3.57   slack (MET)


Startpoint: op[2] (input port clocked by clk)
Endpoint: result[1] (output port clocked by clk)
Path Group: clk
Path Type: max

Fanout     Cap    Slew   Delay    Time   Description
-----------------------------------------------------------------------------
                  0.00    0.00    0.00   clock clk (rise edge)
                          0.00    0.00   clock network delay (ideal)
                          2.00    2.00 v input external delay
                  0.01    0.00    2.00 v op[2] (in)
     1    0.00                           op[2] (net)
                  0.01    0.00    2.00 v input19/A (sky130_fd_sc_hd__dlymetal6s2s_1)
                  0.09    0.18    2.18 v input19/X (sky130_fd_sc_hd__dlymetal6s2s_1)
     6    0.02                           net19 (net)
                  0.09    0.00    2.18 v _090_/A (sky130_fd_sc_hd__or3b_1)
                  0.06    0.40    2.58 v _090_/X (sky130_fd_sc_hd__or3b_1)
     1    0.00                           _023_ (net)
                  0.06    0.00    2.58 v _091_/A (sky130_fd_sc_hd__clkbuf_2)
                  0.09    0.17    2.76 v _091_/X (sky130_fd_sc_hd__clkbuf_2)
     8    0.02                           _024_ (net)
                  0.09    0.00    2.76 v _092_/A2 (sky130_fd_sc_hd__a21bo_1)
                  0.04    0.22    2.98 v _092_/X (sky130_fd_sc_hd__a21bo_1)
     2    0.00                           _025_ (net)
                  0.04    0.00    2.98 v _094_/B (sky130_fd_sc_hd__and3_1)
                  0.04    0.17    3.15 v _094_/X (sky130_fd_sc_hd__and3_1)
     2    0.00                           _027_ (net)
                  0.04    0.00    3.15 v _096_/A (sky130_fd_sc_hd__or2b_1)
                  0.06    0.24    3.39 v _096_/X (sky130_fd_sc_hd__or2b_1)
     1    0.00                           _029_ (net)
                  0.06    0.00    3.39 v _098_/A (sky130_fd_sc_hd__xnor2_1)
                  0.12    0.15    3.54 ^ _098_/Y (sky130_fd_sc_hd__xnor2_1)
     1    0.00                           _031_ (net)
                  0.12    0.00    3.54 ^ _106_/A2 (sky130_fd_sc_hd__a21o_1)
                  0.04    0.12    3.67 ^ _106_/X (sky130_fd_sc_hd__a21o_1)
     1    0.00                           net21 (net)
                  0.04    0.00    3.67 ^ output21/A (sky130_fd_sc_hd__buf_2)
                  0.17    0.21    3.87 ^ output21/X (sky130_fd_sc_hd__buf_2)
     1    0.03                           result[1] (net)
                  0.17    0.00    3.87 ^ result[1] (out)
                                  3.87   data arrival time

                  0.00   10.00   10.00   clock clk (rise edge)
                          0.00   10.00   clock network delay (ideal)
                         -0.25    9.75   clock uncertainty
                          0.00    9.75   clock reconvergence pessimism
                         -2.00    7.75   output external delay
                                  7.75   data required time
-----------------------------------------------------------------------------
                                  7.75   data required time
                                 -3.87   data arrival time
-----------------------------------------------------------------------------
                                  3.88   slack (MET)


Startpoint: op[1] (input port clocked by clk)
Endpoint: result[0] (output port clocked by clk)
Path Group: clk
Path Type: max

Fanout     Cap    Slew   Delay    Time   Description
-----------------------------------------------------------------------------
                  0.00    0.00    0.00   clock clk (rise edge)
                          0.00    0.00   clock network delay (ideal)
                          2.00    2.00 ^ input external delay
                  0.02    0.01    2.01 ^ op[1] (in)
     1    0.00                           op[1] (net)
                  0.02    0.00    2.01 ^ input18/A (sky130_fd_sc_hd__dlymetal6s2s_1)
                  0.18    0.18    2.19 ^ input18/X (sky130_fd_sc_hd__dlymetal6s2s_1)
     6    0.02                           net18 (net)
                  0.18    0.00    2.19 ^ _085_/B_N (sky130_fd_sc_hd__or2b_1)
                  0.07    0.28    2.47 v _085_/X (sky130_fd_sc_hd__or2b_1)
     2    0.01                           _019_ (net)
                  0.07    0.00    2.47 v _087_/A2 (sky130_fd_sc_hd__o21ai_1)
                  0.10    0.13    2.60 ^ _087_/Y (sky130_fd_sc_hd__o21ai_1)
     1    0.00                           _021_ (net)
                  0.10    0.00    2.60 ^ _088_/B1 (sky130_fd_sc_hd__o21a_1)
                  0.04    0.13    2.73 ^ _088_/X (sky130_fd_sc_hd__o21a_1)
     1    0.00                           net20 (net)
                  0.04    0.00    2.73 ^ output20/A (sky130_fd_sc_hd__buf_2)
                  0.17    0.20    2.93 ^ output20/X (sky130_fd_sc_hd__buf_2)
     1    0.03                           result[0] (net)
                  0.17    0.00    2.93 ^ result[0] (out)
                                  2.93   data arrival time

                  0.00   10.00   10.00   clock clk (rise edge)
                          0.00   10.00   clock network delay (ideal)
                         -0.25    9.75   clock uncertainty
                          0.00    9.75   clock reconvergence pessimism
                         -2.00    7.75   output external delay
                                  7.75   data required time
-----------------------------------------------------------------------------
                                  7.75   data required time
                                 -2.93   data arrival time
-----------------------------------------------------------------------------
                                  4.82   slack (MET)



max_report_end
checks_report

===========================================================================
report_checks -unconstrained
===========================================================================
======================= Typical Corner ===================================

Startpoint: op[2] (input port clocked by clk)
Endpoint: result[7] (output port clocked by clk)
Path Group: clk
Path Type: max

Fanout     Cap    Slew   Delay    Time   Description
-----------------------------------------------------------------------------
                  0.00    0.00    0.00   clock clk (rise edge)
                          0.00    0.00   clock network delay (ideal)
                          2.00    2.00 v input external delay
                  0.01    0.00    2.00 v op[2] (in)
     1    0.00                           op[2] (net)
                  0.01    0.00    2.00 v input19/A (sky130_fd_sc_hd__dlymetal6s2s_1)
                  0.09    0.18    2.18 v input19/X (sky130_fd_sc_hd__dlymetal6s2s_1)
     6    0.02                           net19 (net)
                  0.09    0.00    2.18 v _090_/A (sky130_fd_sc_hd__or3b_1)
                  0.06    0.40    2.58 v _090_/X (sky130_fd_sc_hd__or3b_1)
     1    0.00                           _023_ (net)
                  0.06    0.00    2.58 v _091_/A (sky130_fd_sc_hd__clkbuf_2)
                  0.09    0.17    2.76 v _091_/X (sky130_fd_sc_hd__clkbuf_2)
     8    0.02                           _024_ (net)
                  0.09    0.00    2.76 v _108_/B1 (sky130_fd_sc_hd__o21a_1)
                  0.06    0.15    2.90 v _108_/X (sky130_fd_sc_hd__o21a_1)
     2    0.01                           _040_ (net)
                  0.06    0.00    2.90 v _109_/B (sky130_fd_sc_hd__xnor2_1)
                  0.28    0.26    3.16 ^ _109_/Y (sky130_fd_sc_hd__xnor2_1)
     3    0.01                           _041_ (net)
                  0.28    0.00    3.16 ^ _110_/B (sky130_fd_sc_hd__xor2_1)
                  0.09    0.12    3.29 v _110_/X (sky130_fd_sc_hd__xor2_1)
     2    0.00                           _042_ (net)
                  0.09    0.00    3.29 v _111_/B (sky130_fd_sc_hd__and2_1)
                  0.08    0.22    3.51 v _111_/X (sky130_fd_sc_hd__and2_1)
     5    0.01                           _043_ (net)
                  0.08    0.00    3.51 v _157_/A1 (sky130_fd_sc_hd__o211a_1)
                  0.05    0.25    3.77 v _157_/X (sky130_fd_sc_hd__o211a_1)
     2    0.01                           _001_ (net)
                  0.05    0.00    3.77 v _166_/A1 (sky130_fd_sc_hd__o211a_1)
                  0.05    0.24    4.01 v _166_/X (sky130_fd_sc_hd__o211a_1)
     2    0.00                           _009_ (net)
                  0.05    0.00    4.01 v _171_/B (sky130_fd_sc_hd__or3_1)
                  0.07    0.35    4.36 v _171_/X (sky130_fd_sc_hd__or3_1)
     1    0.00                           _014_ (net)
                  0.07    0.00    4.36 v _175_/A3 (sky130_fd_sc_hd__a31o_1)
                  0.03    0.22    4.58 v _175_/X (sky130_fd_sc_hd__a31o_1)
     1    0.00                           net27 (net)
                  0.03    0.00    4.58 v output27/A (sky130_fd_sc_hd__buf_2)
                  0.09    0.18    4.77 v output27/X (sky130_fd_sc_hd__buf_2)
     1    0.03                           result[7] (net)
                  0.09    0.00    4.77 v result[7] (out)
                                  4.77   data arrival time

                  0.00   10.00   10.00   clock clk (rise edge)
                          0.00   10.00   clock network delay (ideal)
                         -0.25    9.75   clock uncertainty
                          0.00    9.75   clock reconvergence pessimism
                         -2.00    7.75   output external delay
                                  7.75   data required time
-----------------------------------------------------------------------------
                                  7.75   data required time
                                 -4.77   data arrival time
-----------------------------------------------------------------------------
                                  2.98   slack (MET)




===========================================================================
report_checks --slack_max -0.01
============================================================================
======================= Typical Corner ===================================

No paths found.


===========================================================================
 report_check_types -max_slew -max_cap -max_fanout -violators
============================================================================
======================= Typical Corner ===================================



===========================================================================
report_parasitic_annotation -report_unannotated
============================================================================
Found 138 unannotated drivers.
 a[0]
 a[1]
 a[2]
 a[3]
 a[4]
 a[5]
 a[6]
 a[7]
 b[0]
 b[1]
 b[2]
 b[3]
 b[4]
 b[5]
 b[6]
 b[7]
 op[0]
 op[1]
 op[2]
 _084_/Y
 _085_/X
 _086_/X
 _087_/Y
 _088_/X
 _089_/Y
 _090_/X
 _091_/X
 _092_/X
 _093_/Y
 _094_/X
 _095_/X
 _096_/X
 _097_/X
 _098_/Y
 _099_/Y
 _100_/X
 _101_/X
 _102_/X
 _103_/Y
 _104_/X
 _105_/X
 _106_/X
 _107_/X
 _108_/X
 _109_/Y
 _110_/X
 _111_/X
 _112_/Y
 _113_/Y
 _114_/Y
 _115_/X
 _116_/X
 _117_/X
 _118_/Y
 _119_/Y
 _120_/X
 _121_/X
 _122_/X
 _123_/Y
 _124_/Y
 _125_/Y
 _126_/X
 _127_/X
 _128_/X
 _129_/X
 _130_/X
 _131_/Y
 _132_/Y
 _133_/X
 _134_/X
 _135_/Y
 _136_/X
 _137_/X
 _138_/X
 _139_/Y
 _140_/X
 _141_/X
 _142_/X
 _143_/Y
 _144_/X
 _145_/Y
 _146_/X
 _147_/Y
 _148_/Y
 _149_/X
 _150_/Y
 _151_/X
 _152_/X
 _153_/X
 _154_/Y
 _155_/Y
 _156_/Y
 _157_/X
 _158_/Y
 _159_/Y
 _160_/Y
 _161_/Y
 _162_/X
 _163_/X
 _164_/X
 _165_/X
 _166_/X
 _167_/X
 _168_/X
 _169_/Y
 _170_/Y
 _171_/X
 _172_/Y
 _173_/X
 _174_/X
 _175_/X
 input1/X
 input10/X
 input11/X
 input12/X
 input13/X
 input14/X
 input15/X
 input16/X
 input17/X
 input18/X
 input19/X
 input2/X
 input3/X
 input4/X
 input5/X
 input6/X
 input7/X
 input8/X
 input9/X
 output20/X
 output21/X
 output22/X
 output23/X
 output24/X
 output25/X
 output26/X
 output27/X
Found 0 partially unannotated drivers.

===========================================================================
max slew violation count 0
max fanout violation count 0
max cap violation count 0
============================================================================

===========================================================================
check_setup -verbose -unconstrained_endpoints -multiple_clock -no_clock -no_input_delay -loops -generated_clocks
===========================================================================
checks_report_end
power_report

===========================================================================
 report_power
============================================================================
======================= Typical Corner ===================================

Group                  Internal  Switching    Leakage      Total
                          Power      Power      Power      Power (Watts)
----------------------------------------------------------------
Sequential             0.00e+00   0.00e+00   0.00e+00   0.00e+00   0.0%
Combinational          2.45e-05   2.99e-05   5.26e-10   5.44e-05 100.0%
Macro                  0.00e+00   0.00e+00   0.00e+00   0.00e+00   0.0%
Pad                    0.00e+00   0.00e+00   0.00e+00   0.00e+00   0.0%
----------------------------------------------------------------
Total                  2.45e-05   2.99e-05   5.26e-10   5.44e-05 100.0%
                          45.1%      54.9%       0.0%

power_report_end
skew_report

===========================================================================
report_clock_skew
============================================================================
Clock clk
No launch/capture paths found.

skew_report_end
summary_report

===========================================================================
report_tns
============================================================================
tns 0.00

===========================================================================
report_wns
============================================================================
wns 0.00

===========================================================================
report_worst_slack -max (Setup)
============================================================================
worst slack 2.98

===========================================================================
report_worst_slack -min (Hold)
============================================================================
worst slack 4.19
summary_report_end
area_report

===========================================================================
report_design_area
============================================================================
Design area 877 u^2 52% utilization.
area_report_end
[WARNING] Did not save OpenROAD database!
Writing SDF to '/openlane/designs/alu/runs/RUN_2025.08.23_20.19.57/results/signoff/alu.sdf'…
