OpenROAD 41a51eaf4ca2171c92ff38afb91eb37bbd3f36da 
This program is licensed under the BSD-3 license. See the LICENSE file for details.
Components of this program may be licensed under more restrictive licenses which must be honored.
[INFO]: Reading ODB at '/openlane/designs/alu/runs/RUN_2025.08.23_20.19.57/tmp/placement/7-global.odb'…
define_corners Typical
read_liberty -corner Typical /Users/samprita/.ciel/sky130A/libs.ref/sky130_fd_sc_hd/lib/sky130_fd_sc_hd__tt_025C_1v80.lib
Using 1e-12 for capacitance...
Using 1e+03 for resistance...
Using 1e-09 for time...
Using 1e+00 for voltage...
Using 1e-03 for current...
Using 1e-09 for power...
Using 1e-06 for distance...
Reading design constraints file at '/openlane/designs/alu/runs/RUN_2025.08.23_20.19.57/tmp/floorplan/3-initial_fp.sdc'…
[INFO]: Setting RC values...
min_report

===========================================================================
report_checks -path_delay min (Hold)
============================================================================
======================= Typical Corner ===================================

Startpoint: a[0] (input port clocked by clk)
Endpoint: result[0] (output port clocked by clk)
Path Group: clk
Path Type: min

Fanout     Cap    Slew   Delay    Time   Description
-----------------------------------------------------------------------------
                  0.00    0.00    0.00   clock clk (rise edge)
                          0.00    0.00   clock network delay (ideal)
                          2.00    2.00 ^ input external delay
                  0.07    0.05    2.05 ^ a[0] (in)
     4    0.02                           a[0] (net)
                  0.07    0.00    2.05 ^ _088_/A1 (sky130_fd_sc_hd__o21a_2)
                  0.18    0.23    2.28 ^ _088_/X (sky130_fd_sc_hd__o21a_2)
     1    0.03                           result[0] (net)
                  0.18    0.00    2.28 ^ result[0] (out)
                                  2.28   data arrival time

                  0.00    0.00    0.00   clock clk (rise edge)
                          0.00    0.00   clock network delay (ideal)
                          0.25    0.25   clock uncertainty
                          0.00    0.25   clock reconvergence pessimism
                         -2.00   -1.75   output external delay
                                 -1.75   data required time
-----------------------------------------------------------------------------
                                 -1.75   data required time
                                 -2.28   data arrival time
-----------------------------------------------------------------------------
                                  4.03   slack (MET)


Startpoint: a[3] (input port clocked by clk)
Endpoint: result[3] (output port clocked by clk)
Path Group: clk
Path Type: min

Fanout     Cap    Slew   Delay    Time   Description
-----------------------------------------------------------------------------
                  0.00    0.00    0.00   clock clk (rise edge)
                          0.00    0.00   clock network delay (ideal)
                          2.00    2.00 ^ input external delay
                  0.10    0.06    2.06 ^ a[3] (in)
     6    0.02                           a[3] (net)
                  0.10    0.00    2.06 ^ _127_/A1 (sky130_fd_sc_hd__a311o_2)
                  0.19    0.28    2.34 ^ _127_/X (sky130_fd_sc_hd__a311o_2)
     1    0.04                           result[3] (net)
                  0.19    0.00    2.34 ^ result[3] (out)
                                  2.34   data arrival time

                  0.00    0.00    0.00   clock clk (rise edge)
                          0.00    0.00   clock network delay (ideal)
                          0.25    0.25   clock uncertainty
                          0.00    0.25   clock reconvergence pessimism
                         -2.00   -1.75   output external delay
                                 -1.75   data required time
-----------------------------------------------------------------------------
                                 -1.75   data required time
                                 -2.34   data arrival time
-----------------------------------------------------------------------------
                                  4.09   slack (MET)


Startpoint: a[1] (input port clocked by clk)
Endpoint: result[1] (output port clocked by clk)
Path Group: clk
Path Type: min

Fanout     Cap    Slew   Delay    Time   Description
-----------------------------------------------------------------------------
                  0.00    0.00    0.00   clock clk (rise edge)
                          0.00    0.00   clock network delay (ideal)
                          2.00    2.00 ^ input external delay
                  0.08    0.05    2.05 ^ a[1] (in)
     5    0.02                           a[1] (net)
                  0.08    0.00    2.05 ^ _105_/A1 (sky130_fd_sc_hd__a31o_2)
                  0.03    0.14    2.19 ^ _105_/X (sky130_fd_sc_hd__a31o_2)
     1    0.00                           _038_ (net)
                  0.03    0.00    2.19 ^ _106_/B1 (sky130_fd_sc_hd__a21o_2)
                  0.17    0.17    2.36 ^ _106_/X (sky130_fd_sc_hd__a21o_2)
     1    0.03                           result[1] (net)
                  0.17    0.00    2.36 ^ result[1] (out)
                                  2.36   data arrival time

                  0.00    0.00    0.00   clock clk (rise edge)
                          0.00    0.00   clock network delay (ideal)
                          0.25    0.25   clock uncertainty
                          0.00    0.25   clock reconvergence pessimism
                         -2.00   -1.75   output external delay
                                 -1.75   data required time
-----------------------------------------------------------------------------
                                 -1.75   data required time
                                 -2.36   data arrival time
-----------------------------------------------------------------------------
                                  4.11   slack (MET)


Startpoint: a[5] (input port clocked by clk)
Endpoint: result[5] (output port clocked by clk)
Path Group: clk
Path Type: min

Fanout     Cap    Slew   Delay    Time   Description
-----------------------------------------------------------------------------
                  0.00    0.00    0.00   clock clk (rise edge)
                          0.00    0.00   clock network delay (ideal)
                          2.00    2.00 ^ input external delay
                  0.09    0.06    2.06 ^ a[5] (in)
     4    0.02                           a[5] (net)
                  0.09    0.00    2.06 ^ _152_/A1 (sky130_fd_sc_hd__a31o_2)
                  0.03    0.14    2.19 ^ _152_/X (sky130_fd_sc_hd__a31o_2)
     1    0.00                           _081_ (net)
                  0.03    0.00    2.19 ^ _153_/B1 (sky130_fd_sc_hd__a21o_2)
                  0.18    0.18    2.37 ^ _153_/X (sky130_fd_sc_hd__a21o_2)
     1    0.04                           result[5] (net)
                  0.18    0.00    2.37 ^ result[5] (out)
                                  2.37   data arrival time

                  0.00    0.00    0.00   clock clk (rise edge)
                          0.00    0.00   clock network delay (ideal)
                          0.25    0.25   clock uncertainty
                          0.00    0.25   clock reconvergence pessimism
                         -2.00   -1.75   output external delay
                                 -1.75   data required time
-----------------------------------------------------------------------------
                                 -1.75   data required time
                                 -2.37   data arrival time
-----------------------------------------------------------------------------
                                  4.12   slack (MET)


Startpoint: a[2] (input port clocked by clk)
Endpoint: result[2] (output port clocked by clk)
Path Group: clk
Path Type: min

Fanout     Cap    Slew   Delay    Time   Description
-----------------------------------------------------------------------------
                  0.00    0.00    0.00   clock clk (rise edge)
                          0.00    0.00   clock network delay (ideal)
                          2.00    2.00 ^ input external delay
                  0.13    0.09    2.09 ^ a[2] (in)
     6    0.03                           a[2] (net)
                  0.13    0.00    2.09 ^ _116_/A1 (sky130_fd_sc_hd__a311o_2)
                  0.18    0.29    2.37 ^ _116_/X (sky130_fd_sc_hd__a311o_2)
     1    0.03                           result[2] (net)
                  0.18    0.00    2.37 ^ result[2] (out)
                                  2.37   data arrival time

                  0.00    0.00    0.00   clock clk (rise edge)
                          0.00    0.00   clock network delay (ideal)
                          0.25    0.25   clock uncertainty
                          0.00    0.25   clock reconvergence pessimism
                         -2.00   -1.75   output external delay
                                 -1.75   data required time
-----------------------------------------------------------------------------
                                 -1.75   data required time
                                 -2.37   data arrival time
-----------------------------------------------------------------------------
                                  4.12   slack (MET)


Startpoint: op[1] (input port clocked by clk)
Endpoint: result[6] (output port clocked by clk)
Path Group: clk
Path Type: min

Fanout     Cap    Slew   Delay    Time   Description
-----------------------------------------------------------------------------
                  0.00    0.00    0.00   clock clk (rise edge)
                          0.00    0.00   clock network delay (ideal)
                          2.00    2.00 ^ input external delay
                  0.08    0.05    2.05 ^ op[1] (in)
     6    0.02                           op[1] (net)
                  0.08    0.00    2.05 ^ _089_/B (sky130_fd_sc_hd__nor2_2)
                  0.07    0.08    2.13 v _089_/Y (sky130_fd_sc_hd__nor2_2)
     7    0.03                           _022_ (net)
                  0.07    0.00    2.13 v _164_/A1 (sky130_fd_sc_hd__a21o_2)
                  0.11    0.26    2.39 v _164_/X (sky130_fd_sc_hd__a21o_2)
     1    0.04                           result[6] (net)
                  0.11    0.00    2.39 v result[6] (out)
                                  2.39   data arrival time

                  0.00    0.00    0.00   clock clk (rise edge)
                          0.00    0.00   clock network delay (ideal)
                          0.25    0.25   clock uncertainty
                          0.00    0.25   clock reconvergence pessimism
                         -2.00   -1.75   output external delay
                                 -1.75   data required time
-----------------------------------------------------------------------------
                                 -1.75   data required time
                                 -2.39   data arrival time
-----------------------------------------------------------------------------
                                  4.14   slack (MET)


Startpoint: op[1] (input port clocked by clk)
Endpoint: result[7] (output port clocked by clk)
Path Group: clk
Path Type: min

Fanout     Cap    Slew   Delay    Time   Description
-----------------------------------------------------------------------------
                  0.00    0.00    0.00   clock clk (rise edge)
                          0.00    0.00   clock network delay (ideal)
                          2.00    2.00 ^ input external delay
                  0.08    0.05    2.05 ^ op[1] (in)
     6    0.02                           op[1] (net)
                  0.08    0.00    2.05 ^ _089_/B (sky130_fd_sc_hd__nor2_2)
                  0.07    0.08    2.13 v _089_/Y (sky130_fd_sc_hd__nor2_2)
     7    0.03                           _022_ (net)
                  0.07    0.00    2.13 v _175_/A1 (sky130_fd_sc_hd__a31o_2)
                  0.10    0.27    2.40 v _175_/X (sky130_fd_sc_hd__a31o_2)
     1    0.03                           result[7] (net)
                  0.10    0.00    2.40 v result[7] (out)
                                  2.40   data arrival time

                  0.00    0.00    0.00   clock clk (rise edge)
                          0.00    0.00   clock network delay (ideal)
                          0.25    0.25   clock uncertainty
                          0.00    0.25   clock reconvergence pessimism
                         -2.00   -1.75   output external delay
                                 -1.75   data required time
-----------------------------------------------------------------------------
                                 -1.75   data required time
                                 -2.40   data arrival time
-----------------------------------------------------------------------------
                                  4.15   slack (MET)


Startpoint: op[1] (input port clocked by clk)
Endpoint: result[4] (output port clocked by clk)
Path Group: clk
Path Type: min

Fanout     Cap    Slew   Delay    Time   Description
-----------------------------------------------------------------------------
                  0.00    0.00    0.00   clock clk (rise edge)
                          0.00    0.00   clock network delay (ideal)
                          2.00    2.00 ^ input external delay
                  0.08    0.05    2.05 ^ op[1] (in)
     6    0.02                           op[1] (net)
                  0.08    0.00    2.05 ^ _089_/B (sky130_fd_sc_hd__nor2_2)
                  0.07    0.08    2.13 v _089_/Y (sky130_fd_sc_hd__nor2_2)
     7    0.03                           _022_ (net)
                  0.07    0.00    2.13 v _138_/A1 (sky130_fd_sc_hd__a31o_2)
                  0.11    0.27    2.40 v _138_/X (sky130_fd_sc_hd__a31o_2)
     1    0.04                           result[4] (net)
                  0.11    0.00    2.40 v result[4] (out)
                                  2.40   data arrival time

                  0.00    0.00    0.00   clock clk (rise edge)
                          0.00    0.00   clock network delay (ideal)
                          0.25    0.25   clock uncertainty
                          0.00    0.25   clock reconvergence pessimism
                         -2.00   -1.75   output external delay
                                 -1.75   data required time
-----------------------------------------------------------------------------
                                 -1.75   data required time
                                 -2.40   data arrival time
-----------------------------------------------------------------------------
                                  4.15   slack (MET)



min_report_end
max_report

===========================================================================
report_checks -path_delay max (Setup)
============================================================================
======================= Typical Corner ===================================

Startpoint: op[0] (input port clocked by clk)
Endpoint: result[7] (output port clocked by clk)
Path Group: clk
Path Type: max

Fanout     Cap    Slew   Delay    Time   Description
-----------------------------------------------------------------------------
                  0.00    0.00    0.00   clock clk (rise edge)
                          0.00    0.00   clock network delay (ideal)
                          2.00    2.00 ^ input external delay
                  0.10    0.07    2.07 ^ op[0] (in)
     6    0.02                           op[0] (net)
                  0.10    0.00    2.07 ^ _090_/C_N (sky130_fd_sc_hd__or3b_2)
                  0.07    0.46    2.53 v _090_/X (sky130_fd_sc_hd__or3b_2)
     1    0.00                           _023_ (net)
                  0.07    0.00    2.53 v _091_/A (sky130_fd_sc_hd__buf_1)
                  0.16    0.21    2.75 v _091_/X (sky130_fd_sc_hd__buf_1)
     8    0.03                           _024_ (net)
                  0.16    0.00    2.75 v _092_/A2 (sky130_fd_sc_hd__a21bo_2)
                  0.04    0.27    3.02 v _092_/X (sky130_fd_sc_hd__a21bo_2)
     2    0.00                           _025_ (net)
                  0.04    0.00    3.02 v _094_/B (sky130_fd_sc_hd__and3_2)
                  0.04    0.20    3.22 v _094_/X (sky130_fd_sc_hd__and3_2)
     2    0.00                           _027_ (net)
                  0.04    0.00    3.22 v _107_/B1 (sky130_fd_sc_hd__a21o_2)
                  0.04    0.20    3.42 v _107_/X (sky130_fd_sc_hd__a21o_2)
     2    0.01                           _039_ (net)
                  0.04    0.00    3.42 v _111_/A (sky130_fd_sc_hd__and2_2)
                  0.07    0.21    3.63 v _111_/X (sky130_fd_sc_hd__and2_2)
     5    0.02                           _043_ (net)
                  0.07    0.00    3.63 v _157_/A1 (sky130_fd_sc_hd__o211a_2)
                  0.05    0.29    3.92 v _157_/X (sky130_fd_sc_hd__o211a_2)
     2    0.01                           _001_ (net)
                  0.05    0.00    3.92 v _166_/A1 (sky130_fd_sc_hd__o211a_2)
                  0.05    0.28    4.21 v _166_/X (sky130_fd_sc_hd__o211a_2)
     2    0.01                           _009_ (net)
                  0.05    0.00    4.21 v _171_/B (sky130_fd_sc_hd__or3_2)
                  0.07    0.46    4.66 v _171_/X (sky130_fd_sc_hd__or3_2)
     1    0.00                           _014_ (net)
                  0.07    0.00    4.66 v _175_/A3 (sky130_fd_sc_hd__a31o_2)
                  0.11    0.35    5.02 v _175_/X (sky130_fd_sc_hd__a31o_2)
     1    0.03                           result[7] (net)
                  0.11    0.00    5.02 v result[7] (out)
                                  5.02   data arrival time

                  0.00   10.00   10.00   clock clk (rise edge)
                          0.00   10.00   clock network delay (ideal)
                         -0.25    9.75   clock uncertainty
                          0.00    9.75   clock reconvergence pessimism
                         -2.00    7.75   output external delay
                                  7.75   data required time
-----------------------------------------------------------------------------
                                  7.75   data required time
                                 -5.02   data arrival time
-----------------------------------------------------------------------------
                                  2.73   slack (MET)


Startpoint: op[0] (input port clocked by clk)
Endpoint: result[3] (output port clocked by clk)
Path Group: clk
Path Type: max

Fanout     Cap    Slew   Delay    Time   Description
-----------------------------------------------------------------------------
                  0.00    0.00    0.00   clock clk (rise edge)
                          0.00    0.00   clock network delay (ideal)
                          2.00    2.00 ^ input external delay
                  0.10    0.07    2.07 ^ op[0] (in)
     6    0.02                           op[0] (net)
                  0.10    0.00    2.07 ^ _090_/C_N (sky130_fd_sc_hd__or3b_2)
                  0.07    0.46    2.53 v _090_/X (sky130_fd_sc_hd__or3b_2)
     1    0.00                           _023_ (net)
                  0.07    0.00    2.53 v _091_/A (sky130_fd_sc_hd__buf_1)
                  0.16    0.21    2.75 v _091_/X (sky130_fd_sc_hd__buf_1)
     8    0.03                           _024_ (net)
                  0.16    0.00    2.75 v _108_/B1 (sky130_fd_sc_hd__o21a_2)
                  0.05    0.19    2.94 v _108_/X (sky130_fd_sc_hd__o21a_2)
     2    0.01                           _040_ (net)
                  0.05    0.00    2.94 v _117_/B1 (sky130_fd_sc_hd__a21o_2)
                  0.05    0.21    3.15 v _117_/X (sky130_fd_sc_hd__a21o_2)
     1    0.01                           _048_ (net)
                  0.05    0.00    3.15 v _118_/B (sky130_fd_sc_hd__xnor2_2)
                  0.06    0.15    3.30 v _118_/Y (sky130_fd_sc_hd__xnor2_2)
     3    0.01                           _049_ (net)
                  0.06    0.00    3.30 v _120_/B (sky130_fd_sc_hd__or2_2)
                  0.08    0.33    3.63 v _120_/X (sky130_fd_sc_hd__or2_2)
     4    0.01                           _051_ (net)
                  0.08    0.00    3.63 v _121_/B (sky130_fd_sc_hd__and2_2)
                  0.05    0.23    3.86 v _121_/X (sky130_fd_sc_hd__and2_2)
     2    0.01                           _052_ (net)
                  0.05    0.00    3.86 v _123_/A1 (sky130_fd_sc_hd__o21ai_2)
                  0.10    0.14    4.01 ^ _123_/Y (sky130_fd_sc_hd__o21ai_2)
     1    0.00                           _054_ (net)
                  0.10    0.00    4.01 ^ _124_/B1 (sky130_fd_sc_hd__a21oi_2)
                  0.03    0.04    4.05 v _124_/Y (sky130_fd_sc_hd__a21oi_2)
     1    0.00                           _055_ (net)
                  0.03    0.00    4.05 v _127_/B1 (sky130_fd_sc_hd__a311o_2)
                  0.13    0.47    4.52 v _127_/X (sky130_fd_sc_hd__a311o_2)
     1    0.04                           result[3] (net)
                  0.13    0.00    4.52 v result[3] (out)
                                  4.52   data arrival time

                  0.00   10.00   10.00   clock clk (rise edge)
                          0.00   10.00   clock network delay (ideal)
                         -0.25    9.75   clock uncertainty
                          0.00    9.75   clock reconvergence pessimism
                         -2.00    7.75   output external delay
                                  7.75   data required time
-----------------------------------------------------------------------------
                                  7.75   data required time
                                 -4.52   data arrival time
-----------------------------------------------------------------------------
                                  3.23   slack (MET)


Startpoint: op[0] (input port clocked by clk)
Endpoint: result[6] (output port clocked by clk)
Path Group: clk
Path Type: max

Fanout     Cap    Slew   Delay    Time   Description
-----------------------------------------------------------------------------
                  0.00    0.00    0.00   clock clk (rise edge)
                          0.00    0.00   clock network delay (ideal)
                          2.00    2.00 ^ input external delay
                  0.10    0.07    2.07 ^ op[0] (in)
     6    0.02                           op[0] (net)
                  0.10    0.00    2.07 ^ _090_/C_N (sky130_fd_sc_hd__or3b_2)
                  0.07    0.46    2.53 v _090_/X (sky130_fd_sc_hd__or3b_2)
     1    0.00                           _023_ (net)
                  0.07    0.00    2.53 v _091_/A (sky130_fd_sc_hd__buf_1)
                  0.16    0.21    2.75 v _091_/X (sky130_fd_sc_hd__buf_1)
     8    0.03                           _024_ (net)
                  0.16    0.00    2.75 v _092_/A2 (sky130_fd_sc_hd__a21bo_2)
                  0.04    0.27    3.02 v _092_/X (sky130_fd_sc_hd__a21bo_2)
     2    0.00                           _025_ (net)
                  0.04    0.00    3.02 v _094_/B (sky130_fd_sc_hd__and3_2)
                  0.04    0.20    3.22 v _094_/X (sky130_fd_sc_hd__and3_2)
     2    0.00                           _027_ (net)
                  0.04    0.00    3.22 v _107_/B1 (sky130_fd_sc_hd__a21o_2)
                  0.04    0.20    3.42 v _107_/X (sky130_fd_sc_hd__a21o_2)
     2    0.01                           _039_ (net)
                  0.04    0.00    3.42 v _111_/A (sky130_fd_sc_hd__and2_2)
                  0.07    0.21    3.63 v _111_/X (sky130_fd_sc_hd__and2_2)
     5    0.02                           _043_ (net)
                  0.07    0.00    3.63 v _157_/A1 (sky130_fd_sc_hd__o211a_2)
                  0.05    0.29    3.92 v _157_/X (sky130_fd_sc_hd__o211a_2)
     2    0.01                           _001_ (net)
                  0.05    0.00    3.92 v _159_/A1 (sky130_fd_sc_hd__o21ai_2)
                  0.14    0.17    4.10 ^ _159_/Y (sky130_fd_sc_hd__o21ai_2)
     1    0.01                           _003_ (net)
                  0.14    0.00    4.10 ^ _160_/B (sky130_fd_sc_hd__xnor2_2)
                  0.10    0.12    4.22 ^ _160_/Y (sky130_fd_sc_hd__xnor2_2)
     1    0.00                           _004_ (net)
                  0.10    0.00    4.22 ^ _164_/A2 (sky130_fd_sc_hd__a21o_2)
                  0.19    0.26    4.48 ^ _164_/X (sky130_fd_sc_hd__a21o_2)
     1    0.04                           result[6] (net)
                  0.19    0.00    4.49 ^ result[6] (out)
                                  4.49   data arrival time

                  0.00   10.00   10.00   clock clk (rise edge)
                          0.00   10.00   clock network delay (ideal)
                         -0.25    9.75   clock uncertainty
                          0.00    9.75   clock reconvergence pessimism
                         -2.00    7.75   output external delay
                                  7.75   data required time
-----------------------------------------------------------------------------
                                  7.75   data required time
                                 -4.49   data arrival time
-----------------------------------------------------------------------------
                                  3.26   slack (MET)


Startpoint: op[0] (input port clocked by clk)
Endpoint: result[4] (output port clocked by clk)
Path Group: clk
Path Type: max

Fanout     Cap    Slew   Delay    Time   Description
-----------------------------------------------------------------------------
                  0.00    0.00    0.00   clock clk (rise edge)
                          0.00    0.00   clock network delay (ideal)
                          2.00    2.00 ^ input external delay
                  0.10    0.07    2.07 ^ op[0] (in)
     6    0.02                           op[0] (net)
                  0.10    0.00    2.07 ^ _090_/C_N (sky130_fd_sc_hd__or3b_2)
                  0.07    0.46    2.53 v _090_/X (sky130_fd_sc_hd__or3b_2)
     1    0.00                           _023_ (net)
                  0.07    0.00    2.53 v _091_/A (sky130_fd_sc_hd__buf_1)
                  0.16    0.21    2.75 v _091_/X (sky130_fd_sc_hd__buf_1)
     8    0.03                           _024_ (net)
                  0.16    0.00    2.75 v _092_/A2 (sky130_fd_sc_hd__a21bo_2)
                  0.04    0.27    3.02 v _092_/X (sky130_fd_sc_hd__a21bo_2)
     2    0.00                           _025_ (net)
                  0.04    0.00    3.02 v _094_/B (sky130_fd_sc_hd__and3_2)
                  0.04    0.20    3.22 v _094_/X (sky130_fd_sc_hd__and3_2)
     2    0.00                           _027_ (net)
                  0.04    0.00    3.22 v _107_/B1 (sky130_fd_sc_hd__a21o_2)
                  0.04    0.20    3.42 v _107_/X (sky130_fd_sc_hd__a21o_2)
     2    0.01                           _039_ (net)
                  0.04    0.00    3.42 v _111_/A (sky130_fd_sc_hd__and2_2)
                  0.07    0.21    3.63 v _111_/X (sky130_fd_sc_hd__and2_2)
     5    0.02                           _043_ (net)
                  0.07    0.00    3.63 v _133_/A1 (sky130_fd_sc_hd__o21a_2)
                  0.03    0.21    3.85 v _133_/X (sky130_fd_sc_hd__o21a_2)
     1    0.00                           _063_ (net)
                  0.03    0.00    3.85 v _134_/B (sky130_fd_sc_hd__or2_2)
                  0.05    0.27    4.12 v _134_/X (sky130_fd_sc_hd__or2_2)
     1    0.00                           _064_ (net)
                  0.05    0.00    4.12 v _138_/A3 (sky130_fd_sc_hd__a31o_2)
                  0.11    0.35    4.46 v _138_/X (sky130_fd_sc_hd__a31o_2)
     1    0.04                           result[4] (net)
                  0.11    0.00    4.46 v result[4] (out)
                                  4.46   data arrival time

                  0.00   10.00   10.00   clock clk (rise edge)
                          0.00   10.00   clock network delay (ideal)
                         -0.25    9.75   clock uncertainty
                          0.00    9.75   clock reconvergence pessimism
                         -2.00    7.75   output external delay
                                  7.75   data required time
-----------------------------------------------------------------------------
                                  7.75   data required time
                                 -4.46   data arrival time
-----------------------------------------------------------------------------
                                  3.29   slack (MET)


Startpoint: op[0] (input port clocked by clk)
Endpoint: result[5] (output port clocked by clk)
Path Group: clk
Path Type: max

Fanout     Cap    Slew   Delay    Time   Description
-----------------------------------------------------------------------------
                  0.00    0.00    0.00   clock clk (rise edge)
                          0.00    0.00   clock network delay (ideal)
                          2.00    2.00 ^ input external delay
                  0.10    0.07    2.07 ^ op[0] (in)
     6    0.02                           op[0] (net)
                  0.10    0.00    2.07 ^ _090_/C_N (sky130_fd_sc_hd__or3b_2)
                  0.07    0.46    2.53 v _090_/X (sky130_fd_sc_hd__or3b_2)
     1    0.00                           _023_ (net)
                  0.07    0.00    2.53 v _091_/A (sky130_fd_sc_hd__buf_1)
                  0.16    0.21    2.75 v _091_/X (sky130_fd_sc_hd__buf_1)
     8    0.03                           _024_ (net)
                  0.16    0.00    2.75 v _092_/A2 (sky130_fd_sc_hd__a21bo_2)
                  0.04    0.27    3.02 v _092_/X (sky130_fd_sc_hd__a21bo_2)
     2    0.00                           _025_ (net)
                  0.04    0.00    3.02 v _094_/B (sky130_fd_sc_hd__and3_2)
                  0.04    0.20    3.22 v _094_/X (sky130_fd_sc_hd__and3_2)
     2    0.00                           _027_ (net)
                  0.04    0.00    3.22 v _107_/B1 (sky130_fd_sc_hd__a21o_2)
                  0.04    0.20    3.42 v _107_/X (sky130_fd_sc_hd__a21o_2)
     2    0.01                           _039_ (net)
                  0.04    0.00    3.42 v _111_/A (sky130_fd_sc_hd__and2_2)
                  0.07    0.21    3.63 v _111_/X (sky130_fd_sc_hd__and2_2)
     5    0.02                           _043_ (net)
                  0.07    0.00    3.63 v _132_/A1 (sky130_fd_sc_hd__o211ai_2)
                  0.16    0.20    3.84 ^ _132_/Y (sky130_fd_sc_hd__o211ai_2)
     2    0.01                           _062_ (net)
                  0.16    0.00    3.84 ^ _147_/B (sky130_fd_sc_hd__nand2_2)
                  0.05    0.08    3.92 v _147_/Y (sky130_fd_sc_hd__nand2_2)
     2    0.01                           _076_ (net)
                  0.05    0.00    3.92 v _149_/A2 (sky130_fd_sc_hd__o21a_2)
                  0.03    0.20    4.12 v _149_/X (sky130_fd_sc_hd__o21a_2)
     1    0.00                           _078_ (net)
                  0.03    0.00    4.12 v _153_/A2 (sky130_fd_sc_hd__a21o_2)
                  0.11    0.30    4.41 v _153_/X (sky130_fd_sc_hd__a21o_2)
     1    0.04                           result[5] (net)
                  0.11    0.00    4.41 v result[5] (out)
                                  4.41   data arrival time

                  0.00   10.00   10.00   clock clk (rise edge)
                          0.00   10.00   clock network delay (ideal)
                         -0.25    9.75   clock uncertainty
                          0.00    9.75   clock reconvergence pessimism
                         -2.00    7.75   output external delay
                                  7.75   data required time
-----------------------------------------------------------------------------
                                  7.75   data required time
                                 -4.41   data arrival time
-----------------------------------------------------------------------------
                                  3.34   slack (MET)


Startpoint: op[0] (input port clocked by clk)
Endpoint: result[2] (output port clocked by clk)
Path Group: clk
Path Type: max

Fanout     Cap    Slew   Delay    Time   Description
-----------------------------------------------------------------------------
                  0.00    0.00    0.00   clock clk (rise edge)
                          0.00    0.00   clock network delay (ideal)
                          2.00    2.00 ^ input external delay
                  0.10    0.07    2.07 ^ op[0] (in)
     6    0.02                           op[0] (net)
                  0.10    0.00    2.07 ^ _090_/C_N (sky130_fd_sc_hd__or3b_2)
                  0.07    0.46    2.53 v _090_/X (sky130_fd_sc_hd__or3b_2)
     1    0.00                           _023_ (net)
                  0.07    0.00    2.53 v _091_/A (sky130_fd_sc_hd__buf_1)
                  0.16    0.21    2.75 v _091_/X (sky130_fd_sc_hd__buf_1)
     8    0.03                           _024_ (net)
                  0.16    0.00    2.75 v _108_/B1 (sky130_fd_sc_hd__o21a_2)
                  0.05    0.19    2.94 v _108_/X (sky130_fd_sc_hd__o21a_2)
     2    0.01                           _040_ (net)
                  0.05    0.00    2.94 v _109_/B (sky130_fd_sc_hd__xnor2_2)
                  0.23    0.22    3.16 ^ _109_/Y (sky130_fd_sc_hd__xnor2_2)
     3    0.01                           _041_ (net)
                  0.23    0.00    3.16 ^ _110_/B (sky130_fd_sc_hd__xor2_2)
                  0.13    0.18    3.34 ^ _110_/X (sky130_fd_sc_hd__xor2_2)
     2    0.01                           _042_ (net)
                  0.13    0.00    3.34 ^ _111_/B (sky130_fd_sc_hd__and2_2)
                  0.10    0.22    3.56 ^ _111_/X (sky130_fd_sc_hd__and2_2)
     5    0.02                           _043_ (net)
                  0.10    0.00    3.56 ^ _113_/A (sky130_fd_sc_hd__nor2_2)
                  0.03    0.05    3.61 v _113_/Y (sky130_fd_sc_hd__nor2_2)
     1    0.00                           _045_ (net)
                  0.03    0.00    3.61 v _116_/B1 (sky130_fd_sc_hd__a311o_2)
                  0.13    0.47    4.08 v _116_/X (sky130_fd_sc_hd__a311o_2)
     1    0.03                           result[2] (net)
                  0.13    0.00    4.08 v result[2] (out)
                                  4.08   data arrival time

                  0.00   10.00   10.00   clock clk (rise edge)
                          0.00   10.00   clock network delay (ideal)
                         -0.25    9.75   clock uncertainty
                          0.00    9.75   clock reconvergence pessimism
                         -2.00    7.75   output external delay
                                  7.75   data required time
-----------------------------------------------------------------------------
                                  7.75   data required time
                                 -4.08   data arrival time
-----------------------------------------------------------------------------
                                  3.67   slack (MET)


Startpoint: op[0] (input port clocked by clk)
Endpoint: result[1] (output port clocked by clk)
Path Group: clk
Path Type: max

Fanout     Cap    Slew   Delay    Time   Description
-----------------------------------------------------------------------------
                  0.00    0.00    0.00   clock clk (rise edge)
                          0.00    0.00   clock network delay (ideal)
                          2.00    2.00 ^ input external delay
                  0.10    0.07    2.07 ^ op[0] (in)
     6    0.02                           op[0] (net)
                  0.10    0.00    2.07 ^ _090_/C_N (sky130_fd_sc_hd__or3b_2)
                  0.07    0.46    2.53 v _090_/X (sky130_fd_sc_hd__or3b_2)
     1    0.00                           _023_ (net)
                  0.07    0.00    2.53 v _091_/A (sky130_fd_sc_hd__buf_1)
                  0.16    0.21    2.75 v _091_/X (sky130_fd_sc_hd__buf_1)
     8    0.03                           _024_ (net)
                  0.16    0.00    2.75 v _092_/A2 (sky130_fd_sc_hd__a21bo_2)
                  0.04    0.27    3.02 v _092_/X (sky130_fd_sc_hd__a21bo_2)
     2    0.00                           _025_ (net)
                  0.04    0.00    3.02 v _094_/B (sky130_fd_sc_hd__and3_2)
                  0.04    0.20    3.22 v _094_/X (sky130_fd_sc_hd__and3_2)
     2    0.00                           _027_ (net)
                  0.04    0.00    3.22 v _096_/A (sky130_fd_sc_hd__or2b_2)
                  0.07    0.32    3.54 v _096_/X (sky130_fd_sc_hd__or2b_2)
     1    0.01                           _029_ (net)
                  0.07    0.00    3.54 v _098_/A (sky130_fd_sc_hd__xnor2_2)
                  0.04    0.14    3.68 v _098_/Y (sky130_fd_sc_hd__xnor2_2)
     1    0.00                           _031_ (net)
                  0.04    0.00    3.68 v _106_/A2 (sky130_fd_sc_hd__a21o_2)
                  0.11    0.30    3.98 v _106_/X (sky130_fd_sc_hd__a21o_2)
     1    0.03                           result[1] (net)
                  0.11    0.00    3.98 v result[1] (out)
                                  3.98   data arrival time

                  0.00   10.00   10.00   clock clk (rise edge)
                          0.00   10.00   clock network delay (ideal)
                         -0.25    9.75   clock uncertainty
                          0.00    9.75   clock reconvergence pessimism
                         -2.00    7.75   output external delay
                                  7.75   data required time
-----------------------------------------------------------------------------
                                  7.75   data required time
                                 -3.98   data arrival time
-----------------------------------------------------------------------------
                                  3.77   slack (MET)


Startpoint: b[0] (input port clocked by clk)
Endpoint: result[0] (output port clocked by clk)
Path Group: clk
Path Type: max

Fanout     Cap    Slew   Delay    Time   Description
-----------------------------------------------------------------------------
                  0.00    0.00    0.00   clock clk (rise edge)
                          0.00    0.00   clock network delay (ideal)
                          2.00    2.00 v input external delay
                  0.06    0.05    2.05 v b[0] (in)
     8    0.03                           b[0] (net)
                  0.06    0.00    2.05 v _086_/A2 (sky130_fd_sc_hd__a221o_2)
                  0.06    0.41    2.46 v _086_/X (sky130_fd_sc_hd__a221o_2)
     1    0.00                           _020_ (net)
                  0.06    0.00    2.46 v _087_/B1 (sky130_fd_sc_hd__o21ai_2)
                  0.09    0.06    2.51 ^ _087_/Y (sky130_fd_sc_hd__o21ai_2)
     1    0.00                           _021_ (net)
                  0.09    0.00    2.51 ^ _088_/B1 (sky130_fd_sc_hd__o21a_2)
                  0.18    0.26    2.77 ^ _088_/X (sky130_fd_sc_hd__o21a_2)
     1    0.03                           result[0] (net)
                  0.18    0.00    2.77 ^ result[0] (out)
                                  2.77   data arrival time

                  0.00   10.00   10.00   clock clk (rise edge)
                          0.00   10.00   clock network delay (ideal)
                         -0.25    9.75   clock uncertainty
                          0.00    9.75   clock reconvergence pessimism
                         -2.00    7.75   output external delay
                                  7.75   data required time
-----------------------------------------------------------------------------
                                  7.75   data required time
                                 -2.77   data arrival time
-----------------------------------------------------------------------------
                                  4.98   slack (MET)



max_report_end
checks_report

===========================================================================
report_checks -unconstrained
===========================================================================
======================= Typical Corner ===================================

Startpoint: op[0] (input port clocked by clk)
Endpoint: result[7] (output port clocked by clk)
Path Group: clk
Path Type: max

Fanout     Cap    Slew   Delay    Time   Description
-----------------------------------------------------------------------------
                  0.00    0.00    0.00   clock clk (rise edge)
                          0.00    0.00   clock network delay (ideal)
                          2.00    2.00 ^ input external delay
                  0.10    0.07    2.07 ^ op[0] (in)
     6    0.02                           op[0] (net)
                  0.10    0.00    2.07 ^ _090_/C_N (sky130_fd_sc_hd__or3b_2)
                  0.07    0.46    2.53 v _090_/X (sky130_fd_sc_hd__or3b_2)
     1    0.00                           _023_ (net)
                  0.07    0.00    2.53 v _091_/A (sky130_fd_sc_hd__buf_1)
                  0.16    0.21    2.75 v _091_/X (sky130_fd_sc_hd__buf_1)
     8    0.03                           _024_ (net)
                  0.16    0.00    2.75 v _092_/A2 (sky130_fd_sc_hd__a21bo_2)
                  0.04    0.27    3.02 v _092_/X (sky130_fd_sc_hd__a21bo_2)
     2    0.00                           _025_ (net)
                  0.04    0.00    3.02 v _094_/B (sky130_fd_sc_hd__and3_2)
                  0.04    0.20    3.22 v _094_/X (sky130_fd_sc_hd__and3_2)
     2    0.00                           _027_ (net)
                  0.04    0.00    3.22 v _107_/B1 (sky130_fd_sc_hd__a21o_2)
                  0.04    0.20    3.42 v _107_/X (sky130_fd_sc_hd__a21o_2)
     2    0.01                           _039_ (net)
                  0.04    0.00    3.42 v _111_/A (sky130_fd_sc_hd__and2_2)
                  0.07    0.21    3.63 v _111_/X (sky130_fd_sc_hd__and2_2)
     5    0.02                           _043_ (net)
                  0.07    0.00    3.63 v _157_/A1 (sky130_fd_sc_hd__o211a_2)
                  0.05    0.29    3.92 v _157_/X (sky130_fd_sc_hd__o211a_2)
     2    0.01                           _001_ (net)
                  0.05    0.00    3.92 v _166_/A1 (sky130_fd_sc_hd__o211a_2)
                  0.05    0.28    4.21 v _166_/X (sky130_fd_sc_hd__o211a_2)
     2    0.01                           _009_ (net)
                  0.05    0.00    4.21 v _171_/B (sky130_fd_sc_hd__or3_2)
                  0.07    0.46    4.66 v _171_/X (sky130_fd_sc_hd__or3_2)
     1    0.00                           _014_ (net)
                  0.07    0.00    4.66 v _175_/A3 (sky130_fd_sc_hd__a31o_2)
                  0.11    0.35    5.02 v _175_/X (sky130_fd_sc_hd__a31o_2)
     1    0.03                           result[7] (net)
                  0.11    0.00    5.02 v result[7] (out)
                                  5.02   data arrival time

                  0.00   10.00   10.00   clock clk (rise edge)
                          0.00   10.00   clock network delay (ideal)
                         -0.25    9.75   clock uncertainty
                          0.00    9.75   clock reconvergence pessimism
                         -2.00    7.75   output external delay
                                  7.75   data required time
-----------------------------------------------------------------------------
                                  7.75   data required time
                                 -5.02   data arrival time
-----------------------------------------------------------------------------
                                  2.73   slack (MET)




===========================================================================
report_checks --slack_max -0.01
============================================================================
======================= Typical Corner ===================================

No paths found.


===========================================================================
 report_check_types -max_slew -max_cap -max_fanout -violators
============================================================================
======================= Typical Corner ===================================



===========================================================================
report_parasitic_annotation -report_unannotated
============================================================================
Found 111 unannotated drivers.
 a[0]
 a[1]
 a[2]
 a[3]
 a[4]
 a[5]
 a[6]
 a[7]
 b[0]
 b[1]
 b[2]
 b[3]
 b[4]
 b[5]
 b[6]
 b[7]
 op[0]
 op[1]
 op[2]
 _084_/Y
 _085_/X
 _086_/X
 _087_/Y
 _088_/X
 _089_/Y
 _090_/X
 _091_/X
 _092_/X
 _093_/Y
 _094_/X
 _095_/X
 _096_/X
 _097_/X
 _098_/Y
 _099_/Y
 _100_/X
 _101_/X
 _102_/X
 _103_/Y
 _104_/X
 _105_/X
 _106_/X
 _107_/X
 _108_/X
 _109_/Y
 _110_/X
 _111_/X
 _112_/Y
 _113_/Y
 _114_/Y
 _115_/X
 _116_/X
 _117_/X
 _118_/Y
 _119_/Y
 _120_/X
 _121_/X
 _122_/X
 _123_/Y
 _124_/Y
 _125_/Y
 _126_/X
 _127_/X
 _128_/X
 _129_/X
 _130_/X
 _131_/Y
 _132_/Y
 _133_/X
 _134_/X
 _135_/Y
 _136_/X
 _137_/X
 _138_/X
 _139_/Y
 _140_/X
 _141_/X
 _142_/X
 _143_/Y
 _144_/X
 _145_/Y
 _146_/X
 _147_/Y
 _148_/Y
 _149_/X
 _150_/Y
 _151_/X
 _152_/X
 _153_/X
 _154_/Y
 _155_/Y
 _156_/Y
 _157_/X
 _158_/Y
 _159_/Y
 _160_/Y
 _161_/Y
 _162_/X
 _163_/X
 _164_/X
 _165_/X
 _166_/X
 _167_/X
 _168_/X
 _169_/Y
 _170_/Y
 _171_/X
 _172_/Y
 _173_/X
 _174_/X
 _175_/X
Found 0 partially unannotated drivers.

===========================================================================
max slew violation count 0
max fanout violation count 0
max cap violation count 0
============================================================================

===========================================================================
check_setup -verbose -unconstrained_endpoints -multiple_clock -no_clock -no_input_delay -loops -generated_clocks
===========================================================================
checks_report_end
power_report

===========================================================================
 report_power
============================================================================
======================= Typical Corner ===================================

Group                  Internal  Switching    Leakage      Total
                          Power      Power      Power      Power (Watts)
----------------------------------------------------------------
Sequential             0.00e+00   0.00e+00   0.00e+00   0.00e+00   0.0%
Combinational          2.55e-05   2.72e-05   4.19e-10   5.27e-05 100.0%
Macro                  0.00e+00   0.00e+00   0.00e+00   0.00e+00   0.0%
Pad                    0.00e+00   0.00e+00   0.00e+00   0.00e+00   0.0%
----------------------------------------------------------------
Total                  2.55e-05   2.72e-05   4.19e-10   5.27e-05 100.0%
                          48.4%      51.6%       0.0%

power_report_end
skew_report

===========================================================================
report_clock_skew
============================================================================
Clock clk
No launch/capture paths found.

skew_report_end
summary_report

===========================================================================
report_tns
============================================================================
tns 0.00

===========================================================================
report_wns
============================================================================
wns 0.00

===========================================================================
report_worst_slack -max (Setup)
============================================================================
worst slack 2.73

===========================================================================
report_worst_slack -min (Hold)
============================================================================
worst slack 4.03
summary_report_end
area_report

===========================================================================
report_design_area
============================================================================
Design area 905 u^2 54% utilization.
area_report_end
[WARNING] Did not save OpenROAD database!
Writing SDF to '/openlane/designs/alu/runs/RUN_2025.08.23_20.19.57/results/signoff/alu.sdf'…
