OpenROAD 41a51eaf4ca2171c92ff38afb91eb37bbd3f36da 
This program is licensed under the BSD-3 license. See the LICENSE file for details.
Components of this program may be licensed under more restrictive licenses which must be honored.
[INFO]: Reading ODB at '/openlane/designs/alu/runs/RUN_2025.08.23_20.19.57/tmp/routing/22-fill.odb'…
define_corners Typical
read_liberty -corner Typical /Users/samprita/.ciel/sky130A/libs.ref/sky130_fd_sc_hd/lib/sky130_fd_sc_hd__tt_025C_1v80.lib
Using 1e-12 for capacitance...
Using 1e+03 for resistance...
Using 1e-09 for time...
Using 1e+00 for voltage...
Using 1e-03 for current...
Using 1e-09 for power...
Using 1e-06 for distance...
Reading design constraints file at '/openlane/designs/alu/runs/RUN_2025.08.23_20.19.57/tmp/17-alu.sdc'…
[INFO ORD-0030] Using 2 thread(s).
[INFO DRT-0149] Reading tech and libs.

Units:                1000
Number of layers:     13
Number of macros:     441
Number of vias:       25
Number of viarulegen: 25

[INFO DRT-0150] Reading design.

Design:                   alu
Die area:                 ( 0 0 ) ( 52835 63555 )
Number of track patterns: 12
Number of DEF vias:       0
Number of components:     299
Number of terminals:      29
Number of snets:          2
Number of nets:           138

[INFO DRT-0167] List of default vias:
  Layer mcon
    default via: L1M1_PR
  Layer via
    default via: M1M2_PR
  Layer via2
    default via: M2M3_PR
  Layer via3
    default via: M3M4_PR
  Layer via4
    default via: M4M5_PR
[INFO DRT-0162] Library cell analysis.
[INFO DRT-0163] Instance analysis.
[INFO DRT-0164] Number of unique instances = 91.
[INFO DRT-0168] Init region query.
[INFO DRT-0024]   Complete FR_MASTERSLICE.
[INFO DRT-0024]   Complete licon.
[INFO DRT-0024]   Complete li1.
[INFO DRT-0024]   Complete mcon.
[INFO DRT-0024]   Complete met1.
[INFO DRT-0024]   Complete via.
[INFO DRT-0024]   Complete met2.
[INFO DRT-0024]   Complete via2.
[INFO DRT-0024]   Complete met3.
[INFO DRT-0024]   Complete via3.
[INFO DRT-0024]   Complete met4.
[INFO DRT-0024]   Complete via4.
[INFO DRT-0024]   Complete met5.
[INFO DRT-0033] FR_MASTERSLICE shape region query size = 0.
[INFO DRT-0033] licon shape region query size = 0.
[INFO DRT-0033] li1 shape region query size = 3454.
[INFO DRT-0033] mcon shape region query size = 336.
[INFO DRT-0033] met1 shape region query size = 683.
[INFO DRT-0033] via shape region query size = 320.
[INFO DRT-0033] met2 shape region query size = 205.
[INFO DRT-0033] via2 shape region query size = 256.
[INFO DRT-0033] met3 shape region query size = 206.
[INFO DRT-0033] via3 shape region query size = 256.
[INFO DRT-0033] met4 shape region query size = 112.
[INFO DRT-0033] via4 shape region query size = 32.
[INFO DRT-0033] met5 shape region query size = 48.
[INFO DRT-0165] Start pin access.
[INFO DRT-0076]   Complete 100 pins.
[INFO DRT-0076]   Complete 200 pins.
[INFO DRT-0078]   Complete 254 pins.
[INFO DRT-0081]   Complete 73 unique inst patterns.
[INFO DRT-0084]   Complete 72 groups.
#scanned instances     = 299
#unique  instances     = 91
#stdCellGenAp          = 1929
#stdCellValidPlanarAp  = 0
#stdCellValidViaAp     = 1579
#stdCellPinNoAp        = 0
#stdCellPinCnt         = 410
#instTermValidViaApCnt = 0
#macroGenAp            = 0
#macroValidPlanarAp    = 0
#macroValidViaAp       = 0
#macroNoAp             = 0
[INFO DRT-0166] Complete pin access.
[INFO DRT-0267] cpu time = 00:00:01, elapsed time = 00:00:00, memory = 115.66 (MB), peak = 115.66 (MB)

Number of guides:     837

[INFO DRT-0169] Post process guides.
[INFO DRT-0176] GCELLGRID X 0 DO 7 STEP 6900 ;
[INFO DRT-0177] GCELLGRID Y 0 DO 9 STEP 6900 ;
[INFO DRT-0028]   Complete FR_MASTERSLICE.
[INFO DRT-0028]   Complete licon.
[INFO DRT-0028]   Complete li1.
[INFO DRT-0028]   Complete mcon.
[INFO DRT-0028]   Complete met1.
[INFO DRT-0028]   Complete via.
[INFO DRT-0028]   Complete met2.
[INFO DRT-0028]   Complete via2.
[INFO DRT-0028]   Complete met3.
[INFO DRT-0028]   Complete via3.
[INFO DRT-0028]   Complete met4.
[INFO DRT-0028]   Complete via4.
[INFO DRT-0028]   Complete met5.
[INFO DRT-0178] Init guide query.
[INFO DRT-0035]   Complete FR_MASTERSLICE (guide).
[INFO DRT-0035]   Complete licon (guide).
[INFO DRT-0035]   Complete li1 (guide).
[INFO DRT-0035]   Complete mcon (guide).
[INFO DRT-0035]   Complete met1 (guide).
[INFO DRT-0035]   Complete via (guide).
[INFO DRT-0035]   Complete met2 (guide).
[INFO DRT-0035]   Complete via2 (guide).
[INFO DRT-0035]   Complete met3 (guide).
[INFO DRT-0035]   Complete via3 (guide).
[INFO DRT-0035]   Complete met4 (guide).
[INFO DRT-0035]   Complete via4 (guide).
[INFO DRT-0035]   Complete met5 (guide).
[INFO DRT-0036] FR_MASTERSLICE guide region query size = 0.
[INFO DRT-0036] licon guide region query size = 0.
[INFO DRT-0036] li1 guide region query size = 295.
[INFO DRT-0036] mcon guide region query size = 0.
[INFO DRT-0036] met1 guide region query size = 221.
[INFO DRT-0036] via guide region query size = 0.
[INFO DRT-0036] met2 guide region query size = 122.
[INFO DRT-0036] via2 guide region query size = 0.
[INFO DRT-0036] met3 guide region query size = 14.
[INFO DRT-0036] via3 guide region query size = 0.
[INFO DRT-0036] met4 guide region query size = 0.
[INFO DRT-0036] via4 guide region query size = 0.
[INFO DRT-0036] met5 guide region query size = 0.
[INFO DRT-0179] Init gr pin query.
[INFO DRT-0245] skipped writing guide updates to database.
[INFO DRT-0185] Post process initialize RPin region query.
[INFO DRT-0181] Start track assignment.
[INFO DRT-0184] Done with 417 vertical wires in 1 frboxes and 235 horizontal wires in 1 frboxes.
[INFO DRT-0186] Done with 66 vertical wires in 1 frboxes and 64 horizontal wires in 1 frboxes.
[INFO DRT-0182] Complete track assignment.
[INFO DRT-0267] cpu time = 00:00:00, elapsed time = 00:00:00, memory = 116.83 (MB), peak = 117.66 (MB)
[INFO DRT-0187] Start routing data preparation.
[INFO DRT-0267] cpu time = 00:00:00, elapsed time = 00:00:00, memory = 116.83 (MB), peak = 117.66 (MB)
[INFO DRT-0194] Start detail routing.
[INFO DRT-0195] Start 0th optimization iteration.
    Completing 10% with 0 violations.
    elapsed time = 00:00:01, memory = 135.01 (MB).
    Completing 20% with 42 violations.
    elapsed time = 00:00:01, memory = 134.50 (MB).
[INFO DRT-0199]   Number of violations = 67.
Viol/Layer        met1   met2
Metal Spacing        6      4
Recheck             12     10
Short               33      2
[INFO DRT-0267] cpu time = 00:00:01, elapsed time = 00:00:01, memory = 479.84 (MB), peak = 479.84 (MB)
Total wire length = 2354 um.
Total wire length on LAYER li1 = 0 um.
Total wire length on LAYER met1 = 1108 um.
Total wire length on LAYER met2 = 1153 um.
Total wire length on LAYER met3 = 92 um.
Total wire length on LAYER met4 = 0 um.
Total wire length on LAYER met5 = 0 um.
Total number of vias = 810.
Up-via summary (total 810):.

----------------------
 FR_MASTERSLICE      0
            li1    410
           met1    382
           met2     18
           met3      0
           met4      0
----------------------
                   810


[INFO DRT-0195] Start 1st optimization iteration.
    Completing 10% with 67 violations.
    elapsed time = 00:00:00, memory = 479.84 (MB).
    Completing 20% with 67 violations.
    elapsed time = 00:00:00, memory = 479.84 (MB).
    Completing 30% with 59 violations.
    elapsed time = 00:00:00, memory = 479.84 (MB).
    Completing 40% with 59 violations.
    elapsed time = 00:00:00, memory = 479.84 (MB).
[INFO DRT-0199]   Number of violations = 49.
Viol/Layer        met1   met2
Metal Spacing       13      1
Short               35      0
[INFO DRT-0267] cpu time = 00:00:00, elapsed time = 00:00:00, memory = 479.96 (MB), peak = 479.96 (MB)
Total wire length = 2338 um.
Total wire length on LAYER li1 = 0 um.
Total wire length on LAYER met1 = 1105 um.
Total wire length on LAYER met2 = 1157 um.
Total wire length on LAYER met3 = 74 um.
Total wire length on LAYER met4 = 0 um.
Total wire length on LAYER met5 = 0 um.
Total number of vias = 817.
Up-via summary (total 817):.

----------------------
 FR_MASTERSLICE      0
            li1    410
           met1    391
           met2     16
           met3      0
           met4      0
----------------------
                   817


[INFO DRT-0195] Start 2nd optimization iteration.
    Completing 10% with 49 violations.
    elapsed time = 00:00:00, memory = 479.96 (MB).
    Completing 20% with 49 violations.
    elapsed time = 00:00:00, memory = 489.09 (MB).
    Completing 30% with 49 violations.
    elapsed time = 00:00:00, memory = 489.09 (MB).
    Completing 40% with 49 violations.
    elapsed time = 00:00:01, memory = 515.43 (MB).
[INFO DRT-0199]   Number of violations = 17.
Viol/Layer        met1   met2
Metal Spacing        5      1
Short               11      0
[INFO DRT-0267] cpu time = 00:00:01, elapsed time = 00:00:01, memory = 480.22 (MB), peak = 515.43 (MB)
Total wire length = 2321 um.
Total wire length on LAYER li1 = 0 um.
Total wire length on LAYER met1 = 1105 um.
Total wire length on LAYER met2 = 1156 um.
Total wire length on LAYER met3 = 60 um.
Total wire length on LAYER met4 = 0 um.
Total wire length on LAYER met5 = 0 um.
Total number of vias = 811.
Up-via summary (total 811):.

----------------------
 FR_MASTERSLICE      0
            li1    410
           met1    387
           met2     14
           met3      0
           met4      0
----------------------
                   811


[INFO DRT-0195] Start 3rd optimization iteration.
    Completing 10% with 17 violations.
    elapsed time = 00:00:00, memory = 504.66 (MB).
    Completing 20% with 0 violations.
    elapsed time = 00:00:00, memory = 480.52 (MB).
[INFO DRT-0199]   Number of violations = 0.
[INFO DRT-0267] cpu time = 00:00:00, elapsed time = 00:00:00, memory = 480.52 (MB), peak = 515.43 (MB)
Total wire length = 2319 um.
Total wire length on LAYER li1 = 0 um.
Total wire length on LAYER met1 = 1079 um.
Total wire length on LAYER met2 = 1163 um.
Total wire length on LAYER met3 = 76 um.
Total wire length on LAYER met4 = 0 um.
Total wire length on LAYER met5 = 0 um.
Total number of vias = 813.
Up-via summary (total 813):.

----------------------
 FR_MASTERSLICE      0
            li1    410
           met1    385
           met2     18
           met3      0
           met4      0
----------------------
                   813


[INFO DRT-0198] Complete detail routing.
Total wire length = 2319 um.
Total wire length on LAYER li1 = 0 um.
Total wire length on LAYER met1 = 1079 um.
Total wire length on LAYER met2 = 1163 um.
Total wire length on LAYER met3 = 76 um.
Total wire length on LAYER met4 = 0 um.
Total wire length on LAYER met5 = 0 um.
Total number of vias = 813.
Up-via summary (total 813):.

----------------------
 FR_MASTERSLICE      0
            li1    410
           met1    385
           met2     18
           met3      0
           met4      0
----------------------
                   813


[INFO DRT-0267] cpu time = 00:00:03, elapsed time = 00:00:03, memory = 480.52 (MB), peak = 515.43 (MB)

[INFO DRT-0180] Post processing.
Setting global connections for newly added cells…
Writing OpenROAD database to '/openlane/designs/alu/runs/RUN_2025.08.23_20.19.57/results/routing/alu.odb'…
Writing netlist to '/openlane/designs/alu/runs/RUN_2025.08.23_20.19.57/results/routing/alu.nl.v'…
Writing powered netlist to '/openlane/designs/alu/runs/RUN_2025.08.23_20.19.57/results/routing/alu.pnl.v'…
Writing layout to '/openlane/designs/alu/runs/RUN_2025.08.23_20.19.57/results/routing/alu.def'…
