
===========================================================================
report_checks -path_delay max (Setup)
============================================================================
======================= Fastest Corner ===================================

Startpoint: op[0] (input port clocked by clk)
Endpoint: result[7] (output port clocked by clk)
Path Group: clk
Path Type: max
Corner: Fastest

Fanout     Cap    Slew   Delay    Time   Description
-----------------------------------------------------------------------------
                  0.00    0.00    0.00   clock clk (rise edge)
                          0.00    0.00   clock network delay (ideal)
                          2.00    2.00 ^ input external delay
                  0.02    0.01    2.01 ^ op[0] (in)
     1    0.00                           op[0] (net)
                  0.02    0.00    2.01 ^ input17/A (sky130_fd_sc_hd__clkbuf_2)
                  0.10    0.12    2.13 ^ input17/X (sky130_fd_sc_hd__clkbuf_2)
     6    0.02                           net17 (net)
                  0.10    0.00    2.13 ^ _090_/C_N (sky130_fd_sc_hd__or3b_1)
                  0.04    0.21    2.33 v _090_/X (sky130_fd_sc_hd__or3b_1)
     1    0.00                           _023_ (net)
                  0.04    0.00    2.33 v _091_/A (sky130_fd_sc_hd__buf_2)
                  0.06    0.12    2.45 v _091_/X (sky130_fd_sc_hd__buf_2)
     8    0.03                           _024_ (net)
                  0.06    0.00    2.46 v _092_/A2 (sky130_fd_sc_hd__a21bo_1)
                  0.03    0.14    2.60 v _092_/X (sky130_fd_sc_hd__a21bo_1)
     2    0.01                           _025_ (net)
                  0.03    0.00    2.60 v _095_/A1 (sky130_fd_sc_hd__a21o_1)
                  0.03    0.11    2.71 v _095_/X (sky130_fd_sc_hd__a21o_1)
     2    0.00                           _028_ (net)
                  0.03    0.00    2.71 v _107_/A1 (sky130_fd_sc_hd__a21o_1)
                  0.03    0.11    2.82 v _107_/X (sky130_fd_sc_hd__a21o_1)
     2    0.01                           _039_ (net)
                  0.03    0.00    2.82 v _111_/A (sky130_fd_sc_hd__and2_1)
                  0.07    0.13    2.95 v _111_/X (sky130_fd_sc_hd__and2_1)
     5    0.02                           _043_ (net)
                  0.07    0.00    2.95 v _157_/A1 (sky130_fd_sc_hd__o211a_1)
                  0.04    0.17    3.11 v _157_/X (sky130_fd_sc_hd__o211a_1)
     2    0.01                           _001_ (net)
                  0.04    0.00    3.11 v _166_/A1 (sky130_fd_sc_hd__o211a_1)
                  0.04    0.16    3.28 v _166_/X (sky130_fd_sc_hd__o211a_1)
     2    0.01                           _009_ (net)
                  0.04    0.00    3.28 v _171_/B (sky130_fd_sc_hd__or3_1)
                  0.04    0.21    3.48 v _171_/X (sky130_fd_sc_hd__or3_1)
     1    0.00                           _014_ (net)
                  0.04    0.00    3.48 v _175_/A3 (sky130_fd_sc_hd__a31o_1)
                  0.03    0.14    3.63 v _175_/X (sky130_fd_sc_hd__a31o_1)
     1    0.00                           net27 (net)
                  0.03    0.00    3.63 v output27/A (sky130_fd_sc_hd__buf_2)
                  0.06    0.12    3.75 v output27/X (sky130_fd_sc_hd__buf_2)
     1    0.03                           result[7] (net)
                  0.06    0.00    3.75 v result[7] (out)
                                  3.75   data arrival time

                  0.00   10.00   10.00   clock clk (rise edge)
                          0.00   10.00   clock network delay (ideal)
                         -0.25    9.75   clock uncertainty
                          0.00    9.75   clock reconvergence pessimism
                         -2.00    7.75   output external delay
                                  7.75   data required time
-----------------------------------------------------------------------------
                                  7.75   data required time
                                 -3.75   data arrival time
-----------------------------------------------------------------------------
                                  4.00   slack (MET)


Startpoint: op[0] (input port clocked by clk)
Endpoint: result[6] (output port clocked by clk)
Path Group: clk
Path Type: max
Corner: Fastest

Fanout     Cap    Slew   Delay    Time   Description
-----------------------------------------------------------------------------
                  0.00    0.00    0.00   clock clk (rise edge)
                          0.00    0.00   clock network delay (ideal)
                          2.00    2.00 ^ input external delay
                  0.02    0.01    2.01 ^ op[0] (in)
     1    0.00                           op[0] (net)
                  0.02    0.00    2.01 ^ input17/A (sky130_fd_sc_hd__clkbuf_2)
                  0.10    0.12    2.13 ^ input17/X (sky130_fd_sc_hd__clkbuf_2)
     6    0.02                           net17 (net)
                  0.10    0.00    2.13 ^ _090_/C_N (sky130_fd_sc_hd__or3b_1)
                  0.04    0.21    2.33 v _090_/X (sky130_fd_sc_hd__or3b_1)
     1    0.00                           _023_ (net)
                  0.04    0.00    2.33 v _091_/A (sky130_fd_sc_hd__buf_2)
                  0.06    0.12    2.45 v _091_/X (sky130_fd_sc_hd__buf_2)
     8    0.03                           _024_ (net)
                  0.06    0.00    2.46 v _092_/A2 (sky130_fd_sc_hd__a21bo_1)
                  0.03    0.14    2.60 v _092_/X (sky130_fd_sc_hd__a21bo_1)
     2    0.01                           _025_ (net)
                  0.03    0.00    2.60 v _095_/A1 (sky130_fd_sc_hd__a21o_1)
                  0.03    0.11    2.71 v _095_/X (sky130_fd_sc_hd__a21o_1)
     2    0.00                           _028_ (net)
                  0.03    0.00    2.71 v _107_/A1 (sky130_fd_sc_hd__a21o_1)
                  0.03    0.11    2.82 v _107_/X (sky130_fd_sc_hd__a21o_1)
     2    0.01                           _039_ (net)
                  0.03    0.00    2.82 v _111_/A (sky130_fd_sc_hd__and2_1)
                  0.07    0.13    2.95 v _111_/X (sky130_fd_sc_hd__and2_1)
     5    0.02                           _043_ (net)
                  0.07    0.00    2.95 v _157_/A1 (sky130_fd_sc_hd__o211a_1)
                  0.04    0.17    3.11 v _157_/X (sky130_fd_sc_hd__o211a_1)
     2    0.01                           _001_ (net)
                  0.04    0.00    3.11 v _159_/A1 (sky130_fd_sc_hd__o21ai_1)
                  0.10    0.11    3.23 ^ _159_/Y (sky130_fd_sc_hd__o21ai_1)
     1    0.01                           _003_ (net)
                  0.10    0.00    3.23 ^ _160_/B (sky130_fd_sc_hd__xnor2_1)
                  0.08    0.08    3.31 ^ _160_/Y (sky130_fd_sc_hd__xnor2_1)
     1    0.00                           _004_ (net)
                  0.08    0.00    3.31 ^ _164_/A2 (sky130_fd_sc_hd__a21o_1)
                  0.06    0.10    3.41 ^ _164_/X (sky130_fd_sc_hd__a21o_1)
     1    0.01                           net26 (net)
                  0.06    0.00    3.41 ^ output26/A (sky130_fd_sc_hd__clkbuf_4)
                  0.09    0.14    3.56 ^ output26/X (sky130_fd_sc_hd__clkbuf_4)
     1    0.04                           result[6] (net)
                  0.09    0.00    3.56 ^ result[6] (out)
                                  3.56   data arrival time

                  0.00   10.00   10.00   clock clk (rise edge)
                          0.00   10.00   clock network delay (ideal)
                         -0.25    9.75   clock uncertainty
                          0.00    9.75   clock reconvergence pessimism
                         -2.00    7.75   output external delay
                                  7.75   data required time
-----------------------------------------------------------------------------
                                  7.75   data required time
                                 -3.56   data arrival time
-----------------------------------------------------------------------------
                                  4.19   slack (MET)


Startpoint: op[0] (input port clocked by clk)
Endpoint: result[5] (output port clocked by clk)
Path Group: clk
Path Type: max
Corner: Fastest

Fanout     Cap    Slew   Delay    Time   Description
-----------------------------------------------------------------------------
                  0.00    0.00    0.00   clock clk (rise edge)
                          0.00    0.00   clock network delay (ideal)
                          2.00    2.00 ^ input external delay
                  0.02    0.01    2.01 ^ op[0] (in)
     1    0.00                           op[0] (net)
                  0.02    0.00    2.01 ^ input17/A (sky130_fd_sc_hd__clkbuf_2)
                  0.10    0.12    2.13 ^ input17/X (sky130_fd_sc_hd__clkbuf_2)
     6    0.02                           net17 (net)
                  0.10    0.00    2.13 ^ _090_/C_N (sky130_fd_sc_hd__or3b_1)
                  0.04    0.21    2.33 v _090_/X (sky130_fd_sc_hd__or3b_1)
     1    0.00                           _023_ (net)
                  0.04    0.00    2.33 v _091_/A (sky130_fd_sc_hd__buf_2)
                  0.06    0.12    2.45 v _091_/X (sky130_fd_sc_hd__buf_2)
     8    0.03                           _024_ (net)
                  0.06    0.00    2.46 v _092_/A2 (sky130_fd_sc_hd__a21bo_1)
                  0.03    0.14    2.60 v _092_/X (sky130_fd_sc_hd__a21bo_1)
     2    0.01                           _025_ (net)
                  0.03    0.00    2.60 v _095_/A1 (sky130_fd_sc_hd__a21o_1)
                  0.03    0.11    2.71 v _095_/X (sky130_fd_sc_hd__a21o_1)
     2    0.00                           _028_ (net)
                  0.03    0.00    2.71 v _107_/A1 (sky130_fd_sc_hd__a21o_1)
                  0.03    0.11    2.82 v _107_/X (sky130_fd_sc_hd__a21o_1)
     2    0.01                           _039_ (net)
                  0.03    0.00    2.82 v _111_/A (sky130_fd_sc_hd__and2_1)
                  0.07    0.13    2.95 v _111_/X (sky130_fd_sc_hd__and2_1)
     5    0.02                           _043_ (net)
                  0.07    0.00    2.95 v _132_/A1 (sky130_fd_sc_hd__o211ai_2)
                  0.11    0.14    3.09 ^ _132_/Y (sky130_fd_sc_hd__o211ai_2)
     2    0.01                           _062_ (net)
                  0.11    0.00    3.09 ^ _147_/B (sky130_fd_sc_hd__nand2_1)
                  0.04    0.05    3.14 v _147_/Y (sky130_fd_sc_hd__nand2_1)
     2    0.01                           _076_ (net)
                  0.04    0.00    3.14 v _149_/A2 (sky130_fd_sc_hd__o21a_1)
                  0.03    0.11    3.25 v _149_/X (sky130_fd_sc_hd__o21a_1)
     1    0.00                           _078_ (net)
                  0.03    0.00    3.25 v _153_/A2 (sky130_fd_sc_hd__a21o_1)
                  0.03    0.12    3.37 v _153_/X (sky130_fd_sc_hd__a21o_1)
     1    0.00                           net25 (net)
                  0.03    0.00    3.37 v output25/A (sky130_fd_sc_hd__clkbuf_4)
                  0.06    0.13    3.50 v output25/X (sky130_fd_sc_hd__clkbuf_4)
     1    0.03                           result[5] (net)
                  0.06    0.00    3.50 v result[5] (out)
                                  3.50   data arrival time

                  0.00   10.00   10.00   clock clk (rise edge)
                          0.00   10.00   clock network delay (ideal)
                         -0.25    9.75   clock uncertainty
                          0.00    9.75   clock reconvergence pessimism
                         -2.00    7.75   output external delay
                                  7.75   data required time
-----------------------------------------------------------------------------
                                  7.75   data required time
                                 -3.50   data arrival time
-----------------------------------------------------------------------------
                                  4.25   slack (MET)


Startpoint: op[0] (input port clocked by clk)
Endpoint: result[4] (output port clocked by clk)
Path Group: clk
Path Type: max
Corner: Fastest

Fanout     Cap    Slew   Delay    Time   Description
-----------------------------------------------------------------------------
                  0.00    0.00    0.00   clock clk (rise edge)
                          0.00    0.00   clock network delay (ideal)
                          2.00    2.00 ^ input external delay
                  0.02    0.01    2.01 ^ op[0] (in)
     1    0.00                           op[0] (net)
                  0.02    0.00    2.01 ^ input17/A (sky130_fd_sc_hd__clkbuf_2)
                  0.10    0.12    2.13 ^ input17/X (sky130_fd_sc_hd__clkbuf_2)
     6    0.02                           net17 (net)
                  0.10    0.00    2.13 ^ _090_/C_N (sky130_fd_sc_hd__or3b_1)
                  0.04    0.21    2.33 v _090_/X (sky130_fd_sc_hd__or3b_1)
     1    0.00                           _023_ (net)
                  0.04    0.00    2.33 v _091_/A (sky130_fd_sc_hd__buf_2)
                  0.06    0.12    2.45 v _091_/X (sky130_fd_sc_hd__buf_2)
     8    0.03                           _024_ (net)
                  0.06    0.00    2.46 v _092_/A2 (sky130_fd_sc_hd__a21bo_1)
                  0.03    0.14    2.60 v _092_/X (sky130_fd_sc_hd__a21bo_1)
     2    0.01                           _025_ (net)
                  0.03    0.00    2.60 v _095_/A1 (sky130_fd_sc_hd__a21o_1)
                  0.03    0.11    2.71 v _095_/X (sky130_fd_sc_hd__a21o_1)
     2    0.00                           _028_ (net)
                  0.03    0.00    2.71 v _107_/A1 (sky130_fd_sc_hd__a21o_1)
                  0.03    0.11    2.82 v _107_/X (sky130_fd_sc_hd__a21o_1)
     2    0.01                           _039_ (net)
                  0.03    0.00    2.82 v _111_/A (sky130_fd_sc_hd__and2_1)
                  0.07    0.13    2.95 v _111_/X (sky130_fd_sc_hd__and2_1)
     5    0.02                           _043_ (net)
                  0.07    0.00    2.95 v _133_/A1 (sky130_fd_sc_hd__o21a_1)
                  0.02    0.13    3.07 v _133_/X (sky130_fd_sc_hd__o21a_1)
     1    0.00                           _063_ (net)
                  0.02    0.00    3.07 v _134_/B (sky130_fd_sc_hd__or2_1)
                  0.03    0.12    3.20 v _134_/X (sky130_fd_sc_hd__or2_1)
     1    0.00                           _064_ (net)
                  0.03    0.00    3.20 v _138_/A3 (sky130_fd_sc_hd__a31o_1)
                  0.04    0.16    3.35 v _138_/X (sky130_fd_sc_hd__a31o_1)
     1    0.01                           net24 (net)
                  0.04    0.00    3.35 v output24/A (sky130_fd_sc_hd__clkbuf_4)
                  0.06    0.13    3.49 v output24/X (sky130_fd_sc_hd__clkbuf_4)
     1    0.03                           result[4] (net)
                  0.06    0.00    3.49 v result[4] (out)
                                  3.49   data arrival time

                  0.00   10.00   10.00   clock clk (rise edge)
                          0.00   10.00   clock network delay (ideal)
                         -0.25    9.75   clock uncertainty
                          0.00    9.75   clock reconvergence pessimism
                         -2.00    7.75   output external delay
                                  7.75   data required time
-----------------------------------------------------------------------------
                                  7.75   data required time
                                 -3.49   data arrival time
-----------------------------------------------------------------------------
                                  4.26   slack (MET)


Startpoint: op[0] (input port clocked by clk)
Endpoint: result[3] (output port clocked by clk)
Path Group: clk
Path Type: max
Corner: Fastest

Fanout     Cap    Slew   Delay    Time   Description
-----------------------------------------------------------------------------
                  0.00    0.00    0.00   clock clk (rise edge)
                          0.00    0.00   clock network delay (ideal)
                          2.00    2.00 ^ input external delay
                  0.02    0.01    2.01 ^ op[0] (in)
     1    0.00                           op[0] (net)
                  0.02    0.00    2.01 ^ input17/A (sky130_fd_sc_hd__clkbuf_2)
                  0.10    0.12    2.13 ^ input17/X (sky130_fd_sc_hd__clkbuf_2)
     6    0.02                           net17 (net)
                  0.10    0.00    2.13 ^ _090_/C_N (sky130_fd_sc_hd__or3b_1)
                  0.04    0.21    2.33 v _090_/X (sky130_fd_sc_hd__or3b_1)
     1    0.00                           _023_ (net)
                  0.04    0.00    2.33 v _091_/A (sky130_fd_sc_hd__buf_2)
                  0.06    0.12    2.45 v _091_/X (sky130_fd_sc_hd__buf_2)
     8    0.03                           _024_ (net)
                  0.06    0.00    2.46 v _108_/B1 (sky130_fd_sc_hd__o21a_1)
                  0.05    0.10    2.55 v _108_/X (sky130_fd_sc_hd__o21a_1)
     2    0.01                           _040_ (net)
                  0.05    0.00    2.55 v _117_/B1 (sky130_fd_sc_hd__a21o_1)
                  0.03    0.09    2.64 v _117_/X (sky130_fd_sc_hd__a21o_1)
     1    0.00                           _048_ (net)
                  0.03    0.00    2.64 v _118_/B (sky130_fd_sc_hd__xnor2_1)
                  0.06    0.10    2.74 v _118_/Y (sky130_fd_sc_hd__xnor2_1)
     3    0.01                           _049_ (net)
                  0.06    0.00    2.74 v _120_/B (sky130_fd_sc_hd__or2_1)
                  0.07    0.18    2.92 v _120_/X (sky130_fd_sc_hd__or2_1)
     4    0.01                           _051_ (net)
                  0.07    0.00    2.92 v _121_/B (sky130_fd_sc_hd__and2_1)
                  0.03    0.12    3.04 v _121_/X (sky130_fd_sc_hd__and2_1)
     2    0.01                           _052_ (net)
                  0.03    0.00    3.04 v _123_/A1 (sky130_fd_sc_hd__o21ai_1)
                  0.08    0.10    3.14 ^ _123_/Y (sky130_fd_sc_hd__o21ai_1)
     1    0.00                           _054_ (net)
                  0.08    0.00    3.14 ^ _124_/B1 (sky130_fd_sc_hd__a21oi_1)
                  0.03    0.03    3.17 v _124_/Y (sky130_fd_sc_hd__a21oi_1)
     1    0.00                           _055_ (net)
                  0.03    0.00    3.17 v _127_/B1 (sky130_fd_sc_hd__a311o_1)
                  0.05    0.13    3.30 v _127_/X (sky130_fd_sc_hd__a311o_1)
     1    0.00                           net23 (net)
                  0.05    0.00    3.30 v output23/A (sky130_fd_sc_hd__clkbuf_4)
                  0.06    0.14    3.43 v output23/X (sky130_fd_sc_hd__clkbuf_4)
     1    0.03                           result[3] (net)
                  0.06    0.00    3.44 v result[3] (out)
                                  3.44   data arrival time

                  0.00   10.00   10.00   clock clk (rise edge)
                          0.00   10.00   clock network delay (ideal)
                         -0.25    9.75   clock uncertainty
                          0.00    9.75   clock reconvergence pessimism
                         -2.00    7.75   output external delay
                                  7.75   data required time
-----------------------------------------------------------------------------
                                  7.75   data required time
                                 -3.44   data arrival time
-----------------------------------------------------------------------------
                                  4.31   slack (MET)


Startpoint: op[0] (input port clocked by clk)
Endpoint: result[2] (output port clocked by clk)
Path Group: clk
Path Type: max
Corner: Fastest

Fanout     Cap    Slew   Delay    Time   Description
-----------------------------------------------------------------------------
                  0.00    0.00    0.00   clock clk (rise edge)
                          0.00    0.00   clock network delay (ideal)
                          2.00    2.00 ^ input external delay
                  0.02    0.01    2.01 ^ op[0] (in)
     1    0.00                           op[0] (net)
                  0.02    0.00    2.01 ^ input17/A (sky130_fd_sc_hd__clkbuf_2)
                  0.10    0.12    2.13 ^ input17/X (sky130_fd_sc_hd__clkbuf_2)
     6    0.02                           net17 (net)
                  0.10    0.00    2.13 ^ _090_/C_N (sky130_fd_sc_hd__or3b_1)
                  0.04    0.21    2.33 v _090_/X (sky130_fd_sc_hd__or3b_1)
     1    0.00                           _023_ (net)
                  0.04    0.00    2.33 v _091_/A (sky130_fd_sc_hd__buf_2)
                  0.06    0.12    2.45 v _091_/X (sky130_fd_sc_hd__buf_2)
     8    0.03                           _024_ (net)
                  0.06    0.00    2.46 v _108_/B1 (sky130_fd_sc_hd__o21a_1)
                  0.05    0.10    2.55 v _108_/X (sky130_fd_sc_hd__o21a_1)
     2    0.01                           _040_ (net)
                  0.05    0.00    2.55 v _109_/B (sky130_fd_sc_hd__xnor2_2)
                  0.15    0.14    2.70 ^ _109_/Y (sky130_fd_sc_hd__xnor2_2)
     3    0.01                           _041_ (net)
                  0.15    0.00    2.70 ^ _110_/B (sky130_fd_sc_hd__xor2_1)
                  0.12    0.13    2.82 ^ _110_/X (sky130_fd_sc_hd__xor2_1)
     2    0.01                           _042_ (net)
                  0.12    0.00    2.82 ^ _111_/B (sky130_fd_sc_hd__and2_1)
                  0.14    0.17    3.00 ^ _111_/X (sky130_fd_sc_hd__and2_1)
     5    0.02                           _043_ (net)
                  0.14    0.00    3.00 ^ _113_/A (sky130_fd_sc_hd__nor2_1)
                  0.04    0.04    3.03 v _113_/Y (sky130_fd_sc_hd__nor2_1)
     1    0.00                           _045_ (net)
                  0.04    0.00    3.03 v _116_/B1 (sky130_fd_sc_hd__a311o_1)
                  0.04    0.12    3.16 v _116_/X (sky130_fd_sc_hd__a311o_1)
     1    0.00                           net22 (net)
                  0.04    0.00    3.16 v output22/A (sky130_fd_sc_hd__clkbuf_4)
                  0.06    0.13    3.29 v output22/X (sky130_fd_sc_hd__clkbuf_4)
     1    0.03                           result[2] (net)
                  0.06    0.00    3.29 v result[2] (out)
                                  3.29   data arrival time

                  0.00   10.00   10.00   clock clk (rise edge)
                          0.00   10.00   clock network delay (ideal)
                         -0.25    9.75   clock uncertainty
                          0.00    9.75   clock reconvergence pessimism
                         -2.00    7.75   output external delay
                                  7.75   data required time
-----------------------------------------------------------------------------
                                  7.75   data required time
                                 -3.29   data arrival time
-----------------------------------------------------------------------------
                                  4.46   slack (MET)


Startpoint: op[0] (input port clocked by clk)
Endpoint: result[1] (output port clocked by clk)
Path Group: clk
Path Type: max
Corner: Fastest

Fanout     Cap    Slew   Delay    Time   Description
-----------------------------------------------------------------------------
                  0.00    0.00    0.00   clock clk (rise edge)
                          0.00    0.00   clock network delay (ideal)
                          2.00    2.00 ^ input external delay
                  0.02    0.01    2.01 ^ op[0] (in)
     1    0.00                           op[0] (net)
                  0.02    0.00    2.01 ^ input17/A (sky130_fd_sc_hd__clkbuf_2)
                  0.10    0.12    2.13 ^ input17/X (sky130_fd_sc_hd__clkbuf_2)
     6    0.02                           net17 (net)
                  0.10    0.00    2.13 ^ _090_/C_N (sky130_fd_sc_hd__or3b_1)
                  0.04    0.21    2.33 v _090_/X (sky130_fd_sc_hd__or3b_1)
     1    0.00                           _023_ (net)
                  0.04    0.00    2.33 v _091_/A (sky130_fd_sc_hd__buf_2)
                  0.06    0.12    2.45 v _091_/X (sky130_fd_sc_hd__buf_2)
     8    0.03                           _024_ (net)
                  0.06    0.00    2.46 v _092_/A2 (sky130_fd_sc_hd__a21bo_1)
                  0.03    0.14    2.60 v _092_/X (sky130_fd_sc_hd__a21bo_1)
     2    0.01                           _025_ (net)
                  0.03    0.00    2.60 v _094_/B (sky130_fd_sc_hd__and3_1)
                  0.03    0.11    2.71 v _094_/X (sky130_fd_sc_hd__and3_1)
     2    0.00                           _027_ (net)
                  0.03    0.00    2.71 v _096_/A (sky130_fd_sc_hd__or2b_1)
                  0.04    0.14    2.86 v _096_/X (sky130_fd_sc_hd__or2b_1)
     1    0.00                           _029_ (net)
                  0.04    0.00    2.86 v _098_/A (sky130_fd_sc_hd__xnor2_1)
                  0.03    0.09    2.95 v _098_/Y (sky130_fd_sc_hd__xnor2_1)
     1    0.00                           _031_ (net)
                  0.03    0.00    2.95 v _106_/A2 (sky130_fd_sc_hd__a21o_1)
                  0.02    0.11    3.06 v _106_/X (sky130_fd_sc_hd__a21o_1)
     1    0.00                           net21 (net)
                  0.02    0.00    3.06 v output21/A (sky130_fd_sc_hd__clkbuf_4)
                  0.06    0.13    3.18 v output21/X (sky130_fd_sc_hd__clkbuf_4)
     1    0.03                           result[1] (net)
                  0.06    0.00    3.19 v result[1] (out)
                                  3.19   data arrival time

                  0.00   10.00   10.00   clock clk (rise edge)
                          0.00   10.00   clock network delay (ideal)
                         -0.25    9.75   clock uncertainty
                          0.00    9.75   clock reconvergence pessimism
                         -2.00    7.75   output external delay
                                  7.75   data required time
-----------------------------------------------------------------------------
                                  7.75   data required time
                                 -3.19   data arrival time
-----------------------------------------------------------------------------
                                  4.56   slack (MET)


Startpoint: op[1] (input port clocked by clk)
Endpoint: result[0] (output port clocked by clk)
Path Group: clk
Path Type: max
Corner: Fastest

Fanout     Cap    Slew   Delay    Time   Description
-----------------------------------------------------------------------------
                  0.00    0.00    0.00   clock clk (rise edge)
                          0.00    0.00   clock network delay (ideal)
                          2.00    2.00 ^ input external delay
                  0.01    0.01    2.01 ^ op[1] (in)
     1    0.00                           op[1] (net)
                  0.01    0.00    2.01 ^ input18/A (sky130_fd_sc_hd__clkbuf_2)
                  0.08    0.10    2.11 ^ input18/X (sky130_fd_sc_hd__clkbuf_2)
     6    0.02                           net18 (net)
                  0.08    0.00    2.11 ^ _085_/B_N (sky130_fd_sc_hd__or2b_1)
                  0.05    0.16    2.28 v _085_/X (sky130_fd_sc_hd__or2b_1)
     2    0.01                           _019_ (net)
                  0.05    0.00    2.28 v _087_/A2 (sky130_fd_sc_hd__o21ai_1)
                  0.07    0.09    2.37 ^ _087_/Y (sky130_fd_sc_hd__o21ai_1)
     1    0.00                           _021_ (net)
                  0.07    0.00    2.37 ^ _088_/B1 (sky130_fd_sc_hd__o21a_1)
                  0.03    0.06    2.43 ^ _088_/X (sky130_fd_sc_hd__o21a_1)
     1    0.00                           net20 (net)
                  0.03    0.00    2.43 ^ output20/A (sky130_fd_sc_hd__clkbuf_4)
                  0.08    0.13    2.56 ^ output20/X (sky130_fd_sc_hd__clkbuf_4)
     1    0.03                           result[0] (net)
                  0.08    0.00    2.56 ^ result[0] (out)
                                  2.56   data arrival time

                  0.00   10.00   10.00   clock clk (rise edge)
                          0.00   10.00   clock network delay (ideal)
                         -0.25    9.75   clock uncertainty
                          0.00    9.75   clock reconvergence pessimism
                         -2.00    7.75   output external delay
                                  7.75   data required time
-----------------------------------------------------------------------------
                                  7.75   data required time
                                 -2.56   data arrival time
-----------------------------------------------------------------------------
                                  5.19   slack (MET)



======================= Slowest Corner ===================================

Startpoint: op[2] (input port clocked by clk)
Endpoint: result[7] (output port clocked by clk)
Path Group: clk
Path Type: max
Corner: Slowest

Fanout     Cap    Slew   Delay    Time   Description
-----------------------------------------------------------------------------
                  0.00    0.00    0.00   clock clk (rise edge)
                          0.00    0.00   clock network delay (ideal)
                          2.00    2.00 v input external delay
                  0.02    0.01    2.01 v op[2] (in)
     1    0.00                           op[2] (net)
                  0.02    0.00    2.01 v input19/A (sky130_fd_sc_hd__clkbuf_2)
                  0.15    0.26    2.27 v input19/X (sky130_fd_sc_hd__clkbuf_2)
     6    0.02                           net19 (net)
                  0.15    0.00    2.27 v _090_/A (sky130_fd_sc_hd__or3b_1)
                  0.13    0.91    3.18 v _090_/X (sky130_fd_sc_hd__or3b_1)
     1    0.00                           _023_ (net)
                  0.13    0.00    3.19 v _091_/A (sky130_fd_sc_hd__buf_2)
                  0.15    0.38    3.56 v _091_/X (sky130_fd_sc_hd__buf_2)
     8    0.03                           _024_ (net)
                  0.15    0.00    3.56 v _092_/A2 (sky130_fd_sc_hd__a21bo_1)
                  0.09    0.41    3.98 v _092_/X (sky130_fd_sc_hd__a21bo_1)
     2    0.01                           _025_ (net)
                  0.09    0.00    3.98 v _094_/B (sky130_fd_sc_hd__and3_1)
                  0.09    0.38    4.35 v _094_/X (sky130_fd_sc_hd__and3_1)
     2    0.00                           _027_ (net)
                  0.09    0.00    4.35 v _107_/B1 (sky130_fd_sc_hd__a21o_1)
                  0.08    0.32    4.68 v _107_/X (sky130_fd_sc_hd__a21o_1)
     2    0.01                           _039_ (net)
                  0.08    0.00    4.68 v _111_/A (sky130_fd_sc_hd__and2_1)
                  0.18    0.41    5.09 v _111_/X (sky130_fd_sc_hd__and2_1)
     5    0.02                           _043_ (net)
                  0.18    0.00    5.09 v _157_/A1 (sky130_fd_sc_hd__o211a_1)
                  0.10    0.50    5.59 v _157_/X (sky130_fd_sc_hd__o211a_1)
     2    0.01                           _001_ (net)
                  0.10    0.00    5.59 v _166_/A1 (sky130_fd_sc_hd__o211a_1)
                  0.10    0.47    6.06 v _166_/X (sky130_fd_sc_hd__o211a_1)
     2    0.01                           _009_ (net)
                  0.10    0.00    6.06 v _171_/B (sky130_fd_sc_hd__or3_1)
                  0.14    0.84    6.90 v _171_/X (sky130_fd_sc_hd__or3_1)
     1    0.00                           _014_ (net)
                  0.14    0.00    6.90 v _175_/A3 (sky130_fd_sc_hd__a31o_1)
                  0.06    0.43    7.33 v _175_/X (sky130_fd_sc_hd__a31o_1)
     1    0.00                           net27 (net)
                  0.06    0.00    7.33 v output27/A (sky130_fd_sc_hd__buf_2)
                  0.17    0.36    7.69 v output27/X (sky130_fd_sc_hd__buf_2)
     1    0.03                           result[7] (net)
                  0.17    0.00    7.69 v result[7] (out)
                                  7.69   data arrival time

                  0.00   10.00   10.00   clock clk (rise edge)
                          0.00   10.00   clock network delay (ideal)
                         -0.25    9.75   clock uncertainty
                          0.00    9.75   clock reconvergence pessimism
                         -2.00    7.75   output external delay
                                  7.75   data required time
-----------------------------------------------------------------------------
                                  7.75   data required time
                                 -7.69   data arrival time
-----------------------------------------------------------------------------
                                  0.06   slack (MET)


Startpoint: op[2] (input port clocked by clk)
Endpoint: result[3] (output port clocked by clk)
Path Group: clk
Path Type: max
Corner: Slowest

Fanout     Cap    Slew   Delay    Time   Description
-----------------------------------------------------------------------------
                  0.00    0.00    0.00   clock clk (rise edge)
                          0.00    0.00   clock network delay (ideal)
                          2.00    2.00 v input external delay
                  0.02    0.01    2.01 v op[2] (in)
     1    0.00                           op[2] (net)
                  0.02    0.00    2.01 v input19/A (sky130_fd_sc_hd__clkbuf_2)
                  0.15    0.26    2.27 v input19/X (sky130_fd_sc_hd__clkbuf_2)
     6    0.02                           net19 (net)
                  0.15    0.00    2.27 v _090_/A (sky130_fd_sc_hd__or3b_1)
                  0.13    0.91    3.18 v _090_/X (sky130_fd_sc_hd__or3b_1)
     1    0.00                           _023_ (net)
                  0.13    0.00    3.19 v _091_/A (sky130_fd_sc_hd__buf_2)
                  0.15    0.38    3.56 v _091_/X (sky130_fd_sc_hd__buf_2)
     8    0.03                           _024_ (net)
                  0.15    0.00    3.56 v _108_/B1 (sky130_fd_sc_hd__o21a_1)
                  0.14    0.31    3.87 v _108_/X (sky130_fd_sc_hd__o21a_1)
     2    0.01                           _040_ (net)
                  0.14    0.00    3.87 v _117_/B1 (sky130_fd_sc_hd__a21o_1)
                  0.08    0.34    4.21 v _117_/X (sky130_fd_sc_hd__a21o_1)
     1    0.00                           _048_ (net)
                  0.08    0.00    4.21 v _118_/B (sky130_fd_sc_hd__xnor2_1)
                  0.18    0.29    4.50 v _118_/Y (sky130_fd_sc_hd__xnor2_1)
     3    0.01                           _049_ (net)
                  0.18    0.00    4.50 v _120_/B (sky130_fd_sc_hd__or2_1)
                  0.19    0.65    5.15 v _120_/X (sky130_fd_sc_hd__or2_1)
     4    0.01                           _051_ (net)
                  0.19    0.00    5.15 v _121_/B (sky130_fd_sc_hd__and2_1)
                  0.09    0.42    5.57 v _121_/X (sky130_fd_sc_hd__and2_1)
     2    0.01                           _052_ (net)
                  0.09    0.00    5.57 v _123_/A1 (sky130_fd_sc_hd__o21ai_1)
                  0.19    0.25    5.82 ^ _123_/Y (sky130_fd_sc_hd__o21ai_1)
     1    0.00                           _054_ (net)
                  0.19    0.00    5.82 ^ _124_/B1 (sky130_fd_sc_hd__a21oi_1)
                  0.09    0.12    5.95 v _124_/Y (sky130_fd_sc_hd__a21oi_1)
     1    0.00                           _055_ (net)
                  0.09    0.00    5.95 v _127_/B1 (sky130_fd_sc_hd__a311o_1)
                  0.11    0.65    6.60 v _127_/X (sky130_fd_sc_hd__a311o_1)
     1    0.00                           net23 (net)
                  0.11    0.00    6.60 v output23/A (sky130_fd_sc_hd__clkbuf_4)
                  0.14    0.36    6.96 v output23/X (sky130_fd_sc_hd__clkbuf_4)
     1    0.03                           result[3] (net)
                  0.14    0.00    6.96 v result[3] (out)
                                  6.96   data arrival time

                  0.00   10.00   10.00   clock clk (rise edge)
                          0.00   10.00   clock network delay (ideal)
                         -0.25    9.75   clock uncertainty
                          0.00    9.75   clock reconvergence pessimism
                         -2.00    7.75   output external delay
                                  7.75   data required time
-----------------------------------------------------------------------------
                                  7.75   data required time
                                 -6.96   data arrival time
-----------------------------------------------------------------------------
                                  0.79   slack (MET)


Startpoint: op[2] (input port clocked by clk)
Endpoint: result[6] (output port clocked by clk)
Path Group: clk
Path Type: max
Corner: Slowest

Fanout     Cap    Slew   Delay    Time   Description
-----------------------------------------------------------------------------
                  0.00    0.00    0.00   clock clk (rise edge)
                          0.00    0.00   clock network delay (ideal)
                          2.00    2.00 v input external delay
                  0.02    0.01    2.01 v op[2] (in)
     1    0.00                           op[2] (net)
                  0.02    0.00    2.01 v input19/A (sky130_fd_sc_hd__clkbuf_2)
                  0.15    0.26    2.27 v input19/X (sky130_fd_sc_hd__clkbuf_2)
     6    0.02                           net19 (net)
                  0.15    0.00    2.27 v _090_/A (sky130_fd_sc_hd__or3b_1)
                  0.13    0.91    3.18 v _090_/X (sky130_fd_sc_hd__or3b_1)
     1    0.00                           _023_ (net)
                  0.13    0.00    3.19 v _091_/A (sky130_fd_sc_hd__buf_2)
                  0.15    0.38    3.56 v _091_/X (sky130_fd_sc_hd__buf_2)
     8    0.03                           _024_ (net)
                  0.15    0.00    3.56 v _092_/A2 (sky130_fd_sc_hd__a21bo_1)
                  0.09    0.41    3.98 v _092_/X (sky130_fd_sc_hd__a21bo_1)
     2    0.01                           _025_ (net)
                  0.09    0.00    3.98 v _094_/B (sky130_fd_sc_hd__and3_1)
                  0.09    0.38    4.35 v _094_/X (sky130_fd_sc_hd__and3_1)
     2    0.00                           _027_ (net)
                  0.09    0.00    4.35 v _107_/B1 (sky130_fd_sc_hd__a21o_1)
                  0.08    0.32    4.68 v _107_/X (sky130_fd_sc_hd__a21o_1)
     2    0.01                           _039_ (net)
                  0.08    0.00    4.68 v _111_/A (sky130_fd_sc_hd__and2_1)
                  0.18    0.41    5.09 v _111_/X (sky130_fd_sc_hd__and2_1)
     5    0.02                           _043_ (net)
                  0.18    0.00    5.09 v _157_/A1 (sky130_fd_sc_hd__o211a_1)
                  0.10    0.50    5.59 v _157_/X (sky130_fd_sc_hd__o211a_1)
     2    0.01                           _001_ (net)
                  0.10    0.00    5.59 v _159_/A1 (sky130_fd_sc_hd__o21ai_1)
                  0.23    0.29    5.88 ^ _159_/Y (sky130_fd_sc_hd__o21ai_1)
     1    0.01                           _003_ (net)
                  0.23    0.00    5.88 ^ _160_/B (sky130_fd_sc_hd__xnor2_1)
                  0.19    0.27    6.15 ^ _160_/Y (sky130_fd_sc_hd__xnor2_1)
     1    0.00                           _004_ (net)
                  0.19    0.00    6.15 ^ _164_/A2 (sky130_fd_sc_hd__a21o_1)
                  0.13    0.33    6.47 ^ _164_/X (sky130_fd_sc_hd__a21o_1)
     1    0.01                           net26 (net)
                  0.13    0.00    6.48 ^ output26/A (sky130_fd_sc_hd__clkbuf_4)
                  0.19    0.38    6.85 ^ output26/X (sky130_fd_sc_hd__clkbuf_4)
     1    0.04                           result[6] (net)
                  0.19    0.00    6.86 ^ result[6] (out)
                                  6.86   data arrival time

                  0.00   10.00   10.00   clock clk (rise edge)
                          0.00   10.00   clock network delay (ideal)
                         -0.25    9.75   clock uncertainty
                          0.00    9.75   clock reconvergence pessimism
                         -2.00    7.75   output external delay
                                  7.75   data required time
-----------------------------------------------------------------------------
                                  7.75   data required time
                                 -6.86   data arrival time
-----------------------------------------------------------------------------
                                  0.89   slack (MET)


Startpoint: op[2] (input port clocked by clk)
Endpoint: result[4] (output port clocked by clk)
Path Group: clk
Path Type: max
Corner: Slowest

Fanout     Cap    Slew   Delay    Time   Description
-----------------------------------------------------------------------------
                  0.00    0.00    0.00   clock clk (rise edge)
                          0.00    0.00   clock network delay (ideal)
                          2.00    2.00 v input external delay
                  0.02    0.01    2.01 v op[2] (in)
     1    0.00                           op[2] (net)
                  0.02    0.00    2.01 v input19/A (sky130_fd_sc_hd__clkbuf_2)
                  0.15    0.26    2.27 v input19/X (sky130_fd_sc_hd__clkbuf_2)
     6    0.02                           net19 (net)
                  0.15    0.00    2.27 v _090_/A (sky130_fd_sc_hd__or3b_1)
                  0.13    0.91    3.18 v _090_/X (sky130_fd_sc_hd__or3b_1)
     1    0.00                           _023_ (net)
                  0.13    0.00    3.19 v _091_/A (sky130_fd_sc_hd__buf_2)
                  0.15    0.38    3.56 v _091_/X (sky130_fd_sc_hd__buf_2)
     8    0.03                           _024_ (net)
                  0.15    0.00    3.56 v _092_/A2 (sky130_fd_sc_hd__a21bo_1)
                  0.09    0.41    3.98 v _092_/X (sky130_fd_sc_hd__a21bo_1)
     2    0.01                           _025_ (net)
                  0.09    0.00    3.98 v _094_/B (sky130_fd_sc_hd__and3_1)
                  0.09    0.38    4.35 v _094_/X (sky130_fd_sc_hd__and3_1)
     2    0.00                           _027_ (net)
                  0.09    0.00    4.35 v _107_/B1 (sky130_fd_sc_hd__a21o_1)
                  0.08    0.32    4.68 v _107_/X (sky130_fd_sc_hd__a21o_1)
     2    0.01                           _039_ (net)
                  0.08    0.00    4.68 v _111_/A (sky130_fd_sc_hd__and2_1)
                  0.18    0.41    5.09 v _111_/X (sky130_fd_sc_hd__and2_1)
     5    0.02                           _043_ (net)
                  0.18    0.00    5.09 v _133_/A1 (sky130_fd_sc_hd__o21a_1)
                  0.05    0.38    5.47 v _133_/X (sky130_fd_sc_hd__o21a_1)
     1    0.00                           _063_ (net)
                  0.05    0.00    5.47 v _134_/B (sky130_fd_sc_hd__or2_1)
                  0.10    0.48    5.95 v _134_/X (sky130_fd_sc_hd__or2_1)
     1    0.00                           _064_ (net)
                  0.10    0.00    5.95 v _138_/A3 (sky130_fd_sc_hd__a31o_1)
                  0.10    0.45    6.40 v _138_/X (sky130_fd_sc_hd__a31o_1)
     1    0.01                           net24 (net)
                  0.10    0.00    6.40 v output24/A (sky130_fd_sc_hd__clkbuf_4)
                  0.14    0.36    6.76 v output24/X (sky130_fd_sc_hd__clkbuf_4)
     1    0.03                           result[4] (net)
                  0.14    0.00    6.76 v result[4] (out)
                                  6.76   data arrival time

                  0.00   10.00   10.00   clock clk (rise edge)
                          0.00   10.00   clock network delay (ideal)
                         -0.25    9.75   clock uncertainty
                          0.00    9.75   clock reconvergence pessimism
                         -2.00    7.75   output external delay
                                  7.75   data required time
-----------------------------------------------------------------------------
                                  7.75   data required time
                                 -6.76   data arrival time
-----------------------------------------------------------------------------
                                  0.99   slack (MET)


Startpoint: op[2] (input port clocked by clk)
Endpoint: result[5] (output port clocked by clk)
Path Group: clk
Path Type: max
Corner: Slowest

Fanout     Cap    Slew   Delay    Time   Description
-----------------------------------------------------------------------------
                  0.00    0.00    0.00   clock clk (rise edge)
                          0.00    0.00   clock network delay (ideal)
                          2.00    2.00 v input external delay
                  0.02    0.01    2.01 v op[2] (in)
     1    0.00                           op[2] (net)
                  0.02    0.00    2.01 v input19/A (sky130_fd_sc_hd__clkbuf_2)
                  0.15    0.26    2.27 v input19/X (sky130_fd_sc_hd__clkbuf_2)
     6    0.02                           net19 (net)
                  0.15    0.00    2.27 v _090_/A (sky130_fd_sc_hd__or3b_1)
                  0.13    0.91    3.18 v _090_/X (sky130_fd_sc_hd__or3b_1)
     1    0.00                           _023_ (net)
                  0.13    0.00    3.19 v _091_/A (sky130_fd_sc_hd__buf_2)
                  0.15    0.38    3.56 v _091_/X (sky130_fd_sc_hd__buf_2)
     8    0.03                           _024_ (net)
                  0.15    0.00    3.56 v _092_/A2 (sky130_fd_sc_hd__a21bo_1)
                  0.09    0.41    3.98 v _092_/X (sky130_fd_sc_hd__a21bo_1)
     2    0.01                           _025_ (net)
                  0.09    0.00    3.98 v _094_/B (sky130_fd_sc_hd__and3_1)
                  0.09    0.38    4.35 v _094_/X (sky130_fd_sc_hd__and3_1)
     2    0.00                           _027_ (net)
                  0.09    0.00    4.35 v _107_/B1 (sky130_fd_sc_hd__a21o_1)
                  0.08    0.32    4.68 v _107_/X (sky130_fd_sc_hd__a21o_1)
     2    0.01                           _039_ (net)
                  0.08    0.00    4.68 v _111_/A (sky130_fd_sc_hd__and2_1)
                  0.18    0.41    5.09 v _111_/X (sky130_fd_sc_hd__and2_1)
     5    0.02                           _043_ (net)
                  0.18    0.00    5.09 v _132_/A1 (sky130_fd_sc_hd__o211ai_2)
                  0.23    0.35    5.44 ^ _132_/Y (sky130_fd_sc_hd__o211ai_2)
     2    0.01                           _062_ (net)
                  0.23    0.00    5.44 ^ _147_/B (sky130_fd_sc_hd__nand2_1)
                  0.12    0.21    5.65 v _147_/Y (sky130_fd_sc_hd__nand2_1)
     2    0.01                           _076_ (net)
                  0.12    0.00    5.65 v _149_/A2 (sky130_fd_sc_hd__o21a_1)
                  0.07    0.35    6.00 v _149_/X (sky130_fd_sc_hd__o21a_1)
     1    0.00                           _078_ (net)
                  0.07    0.00    6.00 v _153_/A2 (sky130_fd_sc_hd__a21o_1)
                  0.08    0.35    6.34 v _153_/X (sky130_fd_sc_hd__a21o_1)
     1    0.00                           net25 (net)
                  0.08    0.00    6.34 v output25/A (sky130_fd_sc_hd__clkbuf_4)
                  0.14    0.34    6.69 v output25/X (sky130_fd_sc_hd__clkbuf_4)
     1    0.03                           result[5] (net)
                  0.14    0.00    6.69 v result[5] (out)
                                  6.69   data arrival time

                  0.00   10.00   10.00   clock clk (rise edge)
                          0.00   10.00   clock network delay (ideal)
                         -0.25    9.75   clock uncertainty
                          0.00    9.75   clock reconvergence pessimism
                         -2.00    7.75   output external delay
                                  7.75   data required time
-----------------------------------------------------------------------------
                                  7.75   data required time
                                 -6.69   data arrival time
-----------------------------------------------------------------------------
                                  1.06   slack (MET)


Startpoint: op[2] (input port clocked by clk)
Endpoint: result[2] (output port clocked by clk)
Path Group: clk
Path Type: max
Corner: Slowest

Fanout     Cap    Slew   Delay    Time   Description
-----------------------------------------------------------------------------
                  0.00    0.00    0.00   clock clk (rise edge)
                          0.00    0.00   clock network delay (ideal)
                          2.00    2.00 v input external delay
                  0.02    0.01    2.01 v op[2] (in)
     1    0.00                           op[2] (net)
                  0.02    0.00    2.01 v input19/A (sky130_fd_sc_hd__clkbuf_2)
                  0.15    0.26    2.27 v input19/X (sky130_fd_sc_hd__clkbuf_2)
     6    0.02                           net19 (net)
                  0.15    0.00    2.27 v _090_/A (sky130_fd_sc_hd__or3b_1)
                  0.13    0.91    3.18 v _090_/X (sky130_fd_sc_hd__or3b_1)
     1    0.00                           _023_ (net)
                  0.13    0.00    3.19 v _091_/A (sky130_fd_sc_hd__buf_2)
                  0.15    0.38    3.56 v _091_/X (sky130_fd_sc_hd__buf_2)
     8    0.03                           _024_ (net)
                  0.15    0.00    3.56 v _108_/B1 (sky130_fd_sc_hd__o21a_1)
                  0.14    0.31    3.87 v _108_/X (sky130_fd_sc_hd__o21a_1)
     2    0.01                           _040_ (net)
                  0.14    0.00    3.87 v _109_/B (sky130_fd_sc_hd__xnor2_2)
                  0.31    0.34    4.22 ^ _109_/Y (sky130_fd_sc_hd__xnor2_2)
     3    0.01                           _041_ (net)
                  0.31    0.00    4.22 ^ _110_/B (sky130_fd_sc_hd__xor2_1)
                  0.26    0.40    4.62 ^ _110_/X (sky130_fd_sc_hd__xor2_1)
     2    0.01                           _042_ (net)
                  0.26    0.00    4.62 ^ _111_/B (sky130_fd_sc_hd__and2_1)
                  0.30    0.49    5.11 ^ _111_/X (sky130_fd_sc_hd__and2_1)
     5    0.02                           _043_ (net)
                  0.30    0.00    5.11 ^ _113_/A (sky130_fd_sc_hd__nor2_1)
                  0.08    0.18    5.29 v _113_/Y (sky130_fd_sc_hd__nor2_1)
     1    0.00                           _045_ (net)
                  0.08    0.00    5.29 v _116_/B1 (sky130_fd_sc_hd__a311o_1)
                  0.09    0.61    5.90 v _116_/X (sky130_fd_sc_hd__a311o_1)
     1    0.00                           net22 (net)
                  0.09    0.00    5.90 v output22/A (sky130_fd_sc_hd__clkbuf_4)
                  0.14    0.35    6.25 v output22/X (sky130_fd_sc_hd__clkbuf_4)
     1    0.03                           result[2] (net)
                  0.14    0.00    6.25 v result[2] (out)
                                  6.25   data arrival time

                  0.00   10.00   10.00   clock clk (rise edge)
                          0.00   10.00   clock network delay (ideal)
                         -0.25    9.75   clock uncertainty
                          0.00    9.75   clock reconvergence pessimism
                         -2.00    7.75   output external delay
                                  7.75   data required time
-----------------------------------------------------------------------------
                                  7.75   data required time
                                 -6.25   data arrival time
-----------------------------------------------------------------------------
                                  1.50   slack (MET)


Startpoint: op[2] (input port clocked by clk)
Endpoint: result[1] (output port clocked by clk)
Path Group: clk
Path Type: max
Corner: Slowest

Fanout     Cap    Slew   Delay    Time   Description
-----------------------------------------------------------------------------
                  0.00    0.00    0.00   clock clk (rise edge)
                          0.00    0.00   clock network delay (ideal)
                          2.00    2.00 v input external delay
                  0.02    0.01    2.01 v op[2] (in)
     1    0.00                           op[2] (net)
                  0.02    0.00    2.01 v input19/A (sky130_fd_sc_hd__clkbuf_2)
                  0.15    0.26    2.27 v input19/X (sky130_fd_sc_hd__clkbuf_2)
     6    0.02                           net19 (net)
                  0.15    0.00    2.27 v _090_/A (sky130_fd_sc_hd__or3b_1)
                  0.13    0.91    3.18 v _090_/X (sky130_fd_sc_hd__or3b_1)
     1    0.00                           _023_ (net)
                  0.13    0.00    3.19 v _091_/A (sky130_fd_sc_hd__buf_2)
                  0.15    0.38    3.56 v _091_/X (sky130_fd_sc_hd__buf_2)
     8    0.03                           _024_ (net)
                  0.15    0.00    3.56 v _092_/A2 (sky130_fd_sc_hd__a21bo_1)
                  0.09    0.41    3.98 v _092_/X (sky130_fd_sc_hd__a21bo_1)
     2    0.01                           _025_ (net)
                  0.09    0.00    3.98 v _094_/B (sky130_fd_sc_hd__and3_1)
                  0.09    0.38    4.35 v _094_/X (sky130_fd_sc_hd__and3_1)
     2    0.00                           _027_ (net)
                  0.09    0.00    4.35 v _096_/A (sky130_fd_sc_hd__or2b_1)
                  0.11    0.54    4.90 v _096_/X (sky130_fd_sc_hd__or2b_1)
     1    0.00                           _029_ (net)
                  0.11    0.00    4.90 v _098_/A (sky130_fd_sc_hd__xnor2_1)
                  0.10    0.25    5.15 v _098_/Y (sky130_fd_sc_hd__xnor2_1)
     1    0.00                           _031_ (net)
                  0.10    0.00    5.15 v _106_/A2 (sky130_fd_sc_hd__a21o_1)
                  0.06    0.34    5.48 v _106_/X (sky130_fd_sc_hd__a21o_1)
     1    0.00                           net21 (net)
                  0.06    0.00    5.48 v output21/A (sky130_fd_sc_hd__clkbuf_4)
                  0.14    0.34    5.82 v output21/X (sky130_fd_sc_hd__clkbuf_4)
     1    0.03                           result[1] (net)
                  0.14    0.00    5.82 v result[1] (out)
                                  5.82   data arrival time

                  0.00   10.00   10.00   clock clk (rise edge)
                          0.00   10.00   clock network delay (ideal)
                         -0.25    9.75   clock uncertainty
                          0.00    9.75   clock reconvergence pessimism
                         -2.00    7.75   output external delay
                                  7.75   data required time
-----------------------------------------------------------------------------
                                  7.75   data required time
                                 -5.82   data arrival time
-----------------------------------------------------------------------------
                                  1.93   slack (MET)


Startpoint: b[0] (input port clocked by clk)
Endpoint: result[0] (output port clocked by clk)
Path Group: clk
Path Type: max
Corner: Slowest

Fanout     Cap    Slew   Delay    Time   Description
-----------------------------------------------------------------------------
                  0.00    0.00    0.00   clock clk (rise edge)
                          0.00    0.00   clock network delay (ideal)
                          2.00    2.00 v input external delay
                  0.02    0.01    2.01 v b[0] (in)
     1    0.00                           b[0] (net)
                  0.02    0.00    2.01 v input9/A (sky130_fd_sc_hd__buf_2)
                  0.14    0.32    2.33 v input9/X (sky130_fd_sc_hd__buf_2)
     8    0.03                           net9 (net)
                  0.14    0.00    2.33 v _086_/A2 (sky130_fd_sc_hd__a221o_1)
                  0.09    0.68    3.02 v _086_/X (sky130_fd_sc_hd__a221o_1)
     1    0.00                           _020_ (net)
                  0.09    0.00    3.02 v _087_/B1 (sky130_fd_sc_hd__o21ai_1)
                  0.17    0.14    3.15 ^ _087_/Y (sky130_fd_sc_hd__o21ai_1)
     1    0.00                           _021_ (net)
                  0.17    0.00    3.15 ^ _088_/B1 (sky130_fd_sc_hd__o21a_1)
                  0.07    0.27    3.43 ^ _088_/X (sky130_fd_sc_hd__o21a_1)
     1    0.00                           net20 (net)
                  0.07    0.00    3.43 ^ output20/A (sky130_fd_sc_hd__clkbuf_4)
                  0.18    0.35    3.77 ^ output20/X (sky130_fd_sc_hd__clkbuf_4)
     1    0.03                           result[0] (net)
                  0.18    0.00    3.77 ^ result[0] (out)
                                  3.77   data arrival time

                  0.00   10.00   10.00   clock clk (rise edge)
                          0.00   10.00   clock network delay (ideal)
                         -0.25    9.75   clock uncertainty
                          0.00    9.75   clock reconvergence pessimism
                         -2.00    7.75   output external delay
                                  7.75   data required time
-----------------------------------------------------------------------------
                                  7.75   data required time
                                 -3.77   data arrival time
-----------------------------------------------------------------------------
                                  3.98   slack (MET)



======================= Typical Corner ===================================

Startpoint: op[0] (input port clocked by clk)
Endpoint: result[7] (output port clocked by clk)
Path Group: clk
Path Type: max
Corner: Typical

Fanout     Cap    Slew   Delay    Time   Description
-----------------------------------------------------------------------------
                  0.00    0.00    0.00   clock clk (rise edge)
                          0.00    0.00   clock network delay (ideal)
                          2.00    2.00 ^ input external delay
                  0.02    0.01    2.01 ^ op[0] (in)
     1    0.00                           op[0] (net)
                  0.02    0.00    2.01 ^ input17/A (sky130_fd_sc_hd__clkbuf_2)
                  0.13    0.17    2.18 ^ input17/X (sky130_fd_sc_hd__clkbuf_2)
     6    0.02                           net17 (net)
                  0.13    0.00    2.18 ^ _090_/C_N (sky130_fd_sc_hd__or3b_1)
                  0.06    0.37    2.55 v _090_/X (sky130_fd_sc_hd__or3b_1)
     1    0.00                           _023_ (net)
                  0.06    0.00    2.55 v _091_/A (sky130_fd_sc_hd__buf_2)
                  0.08    0.19    2.74 v _091_/X (sky130_fd_sc_hd__buf_2)
     8    0.03                           _024_ (net)
                  0.08    0.00    2.74 v _092_/A2 (sky130_fd_sc_hd__a21bo_1)
                  0.05    0.22    2.96 v _092_/X (sky130_fd_sc_hd__a21bo_1)
     2    0.01                           _025_ (net)
                  0.05    0.00    2.96 v _094_/B (sky130_fd_sc_hd__and3_1)
                  0.04    0.18    3.14 v _094_/X (sky130_fd_sc_hd__and3_1)
     2    0.00                           _027_ (net)
                  0.04    0.00    3.14 v _107_/B1 (sky130_fd_sc_hd__a21o_1)
                  0.05    0.17    3.31 v _107_/X (sky130_fd_sc_hd__a21o_1)
     2    0.01                           _039_ (net)
                  0.05    0.00    3.31 v _111_/A (sky130_fd_sc_hd__and2_1)
                  0.09    0.20    3.51 v _111_/X (sky130_fd_sc_hd__and2_1)
     5    0.02                           _043_ (net)
                  0.09    0.00    3.51 v _157_/A1 (sky130_fd_sc_hd__o211a_1)
                  0.05    0.26    3.77 v _157_/X (sky130_fd_sc_hd__o211a_1)
     2    0.01                           _001_ (net)
                  0.05    0.00    3.77 v _166_/A1 (sky130_fd_sc_hd__o211a_1)
                  0.06    0.25    4.02 v _166_/X (sky130_fd_sc_hd__o211a_1)
     2    0.01                           _009_ (net)
                  0.06    0.00    4.02 v _171_/B (sky130_fd_sc_hd__or3_1)
                  0.07    0.36    4.38 v _171_/X (sky130_fd_sc_hd__or3_1)
     1    0.00                           _014_ (net)
                  0.07    0.00    4.38 v _175_/A3 (sky130_fd_sc_hd__a31o_1)
                  0.03    0.22    4.61 v _175_/X (sky130_fd_sc_hd__a31o_1)
     1    0.00                           net27 (net)
                  0.03    0.00    4.61 v output27/A (sky130_fd_sc_hd__buf_2)
                  0.09    0.18    4.79 v output27/X (sky130_fd_sc_hd__buf_2)
     1    0.03                           result[7] (net)
                  0.09    0.00    4.79 v result[7] (out)
                                  4.79   data arrival time

                  0.00   10.00   10.00   clock clk (rise edge)
                          0.00   10.00   clock network delay (ideal)
                         -0.25    9.75   clock uncertainty
                          0.00    9.75   clock reconvergence pessimism
                         -2.00    7.75   output external delay
                                  7.75   data required time
-----------------------------------------------------------------------------
                                  7.75   data required time
                                 -4.79   data arrival time
-----------------------------------------------------------------------------
                                  2.96   slack (MET)


Startpoint: op[0] (input port clocked by clk)
Endpoint: result[3] (output port clocked by clk)
Path Group: clk
Path Type: max
Corner: Typical

Fanout     Cap    Slew   Delay    Time   Description
-----------------------------------------------------------------------------
                  0.00    0.00    0.00   clock clk (rise edge)
                          0.00    0.00   clock network delay (ideal)
                          2.00    2.00 ^ input external delay
                  0.02    0.01    2.01 ^ op[0] (in)
     1    0.00                           op[0] (net)
                  0.02    0.00    2.01 ^ input17/A (sky130_fd_sc_hd__clkbuf_2)
                  0.13    0.17    2.18 ^ input17/X (sky130_fd_sc_hd__clkbuf_2)
     6    0.02                           net17 (net)
                  0.13    0.00    2.18 ^ _090_/C_N (sky130_fd_sc_hd__or3b_1)
                  0.06    0.37    2.55 v _090_/X (sky130_fd_sc_hd__or3b_1)
     1    0.00                           _023_ (net)
                  0.06    0.00    2.55 v _091_/A (sky130_fd_sc_hd__buf_2)
                  0.08    0.19    2.74 v _091_/X (sky130_fd_sc_hd__buf_2)
     8    0.03                           _024_ (net)
                  0.08    0.00    2.74 v _108_/B1 (sky130_fd_sc_hd__o21a_1)
                  0.07    0.16    2.90 v _108_/X (sky130_fd_sc_hd__o21a_1)
     2    0.01                           _040_ (net)
                  0.07    0.00    2.90 v _117_/B1 (sky130_fd_sc_hd__a21o_1)
                  0.04    0.18    3.07 v _117_/X (sky130_fd_sc_hd__a21o_1)
     1    0.00                           _048_ (net)
                  0.04    0.00    3.07 v _118_/B (sky130_fd_sc_hd__xnor2_1)
                  0.09    0.16    3.23 v _118_/Y (sky130_fd_sc_hd__xnor2_1)
     3    0.01                           _049_ (net)
                  0.09    0.00    3.23 v _120_/B (sky130_fd_sc_hd__or2_1)
                  0.10    0.29    3.52 v _120_/X (sky130_fd_sc_hd__or2_1)
     4    0.01                           _051_ (net)
                  0.10    0.00    3.52 v _121_/B (sky130_fd_sc_hd__and2_1)
                  0.04    0.20    3.72 v _121_/X (sky130_fd_sc_hd__and2_1)
     2    0.01                           _052_ (net)
                  0.04    0.00    3.72 v _123_/A1 (sky130_fd_sc_hd__o21ai_1)
                  0.11    0.14    3.86 ^ _123_/Y (sky130_fd_sc_hd__o21ai_1)
     1    0.00                           _054_ (net)
                  0.11    0.00    3.86 ^ _124_/B1 (sky130_fd_sc_hd__a21oi_1)
                  0.04    0.06    3.92 v _124_/Y (sky130_fd_sc_hd__a21oi_1)
     1    0.00                           _055_ (net)
                  0.04    0.00    3.92 v _127_/B1 (sky130_fd_sc_hd__a311o_1)
                  0.06    0.34    4.26 v _127_/X (sky130_fd_sc_hd__a311o_1)
     1    0.00                           net23 (net)
                  0.06    0.00    4.26 v output23/A (sky130_fd_sc_hd__clkbuf_4)
                  0.08    0.20    4.46 v output23/X (sky130_fd_sc_hd__clkbuf_4)
     1    0.03                           result[3] (net)
                  0.08    0.00    4.46 v result[3] (out)
                                  4.46   data arrival time

                  0.00   10.00   10.00   clock clk (rise edge)
                          0.00   10.00   clock network delay (ideal)
                         -0.25    9.75   clock uncertainty
                          0.00    9.75   clock reconvergence pessimism
                         -2.00    7.75   output external delay
                                  7.75   data required time
-----------------------------------------------------------------------------
                                  7.75   data required time
                                 -4.46   data arrival time
-----------------------------------------------------------------------------
                                  3.29   slack (MET)


Startpoint: op[0] (input port clocked by clk)
Endpoint: result[6] (output port clocked by clk)
Path Group: clk
Path Type: max
Corner: Typical

Fanout     Cap    Slew   Delay    Time   Description
-----------------------------------------------------------------------------
                  0.00    0.00    0.00   clock clk (rise edge)
                          0.00    0.00   clock network delay (ideal)
                          2.00    2.00 ^ input external delay
                  0.02    0.01    2.01 ^ op[0] (in)
     1    0.00                           op[0] (net)
                  0.02    0.00    2.01 ^ input17/A (sky130_fd_sc_hd__clkbuf_2)
                  0.13    0.17    2.18 ^ input17/X (sky130_fd_sc_hd__clkbuf_2)
     6    0.02                           net17 (net)
                  0.13    0.00    2.18 ^ _090_/C_N (sky130_fd_sc_hd__or3b_1)
                  0.06    0.37    2.55 v _090_/X (sky130_fd_sc_hd__or3b_1)
     1    0.00                           _023_ (net)
                  0.06    0.00    2.55 v _091_/A (sky130_fd_sc_hd__buf_2)
                  0.08    0.19    2.74 v _091_/X (sky130_fd_sc_hd__buf_2)
     8    0.03                           _024_ (net)
                  0.08    0.00    2.74 v _092_/A2 (sky130_fd_sc_hd__a21bo_1)
                  0.05    0.22    2.96 v _092_/X (sky130_fd_sc_hd__a21bo_1)
     2    0.01                           _025_ (net)
                  0.05    0.00    2.96 v _094_/B (sky130_fd_sc_hd__and3_1)
                  0.04    0.18    3.14 v _094_/X (sky130_fd_sc_hd__and3_1)
     2    0.00                           _027_ (net)
                  0.04    0.00    3.14 v _107_/B1 (sky130_fd_sc_hd__a21o_1)
                  0.05    0.17    3.31 v _107_/X (sky130_fd_sc_hd__a21o_1)
     2    0.01                           _039_ (net)
                  0.05    0.00    3.31 v _111_/A (sky130_fd_sc_hd__and2_1)
                  0.09    0.20    3.51 v _111_/X (sky130_fd_sc_hd__and2_1)
     5    0.02                           _043_ (net)
                  0.09    0.00    3.51 v _157_/A1 (sky130_fd_sc_hd__o211a_1)
                  0.05    0.26    3.77 v _157_/X (sky130_fd_sc_hd__o211a_1)
     2    0.01                           _001_ (net)
                  0.05    0.00    3.77 v _159_/A1 (sky130_fd_sc_hd__o21ai_1)
                  0.14    0.17    3.94 ^ _159_/Y (sky130_fd_sc_hd__o21ai_1)
     1    0.01                           _003_ (net)
                  0.14    0.00    3.94 ^ _160_/B (sky130_fd_sc_hd__xnor2_1)
                  0.12    0.14    4.08 ^ _160_/Y (sky130_fd_sc_hd__xnor2_1)
     1    0.00                           _004_ (net)
                  0.12    0.00    4.08 ^ _164_/A2 (sky130_fd_sc_hd__a21o_1)
                  0.08    0.16    4.24 ^ _164_/X (sky130_fd_sc_hd__a21o_1)
     1    0.01                           net26 (net)
                  0.08    0.00    4.24 ^ output26/A (sky130_fd_sc_hd__clkbuf_4)
                  0.12    0.21    4.45 ^ output26/X (sky130_fd_sc_hd__clkbuf_4)
     1    0.04                           result[6] (net)
                  0.12    0.00    4.45 ^ result[6] (out)
                                  4.45   data arrival time

                  0.00   10.00   10.00   clock clk (rise edge)
                          0.00   10.00   clock network delay (ideal)
                         -0.25    9.75   clock uncertainty
                          0.00    9.75   clock reconvergence pessimism
                         -2.00    7.75   output external delay
                                  7.75   data required time
-----------------------------------------------------------------------------
                                  7.75   data required time
                                 -4.45   data arrival time
-----------------------------------------------------------------------------
                                  3.30   slack (MET)


Startpoint: op[0] (input port clocked by clk)
Endpoint: result[5] (output port clocked by clk)
Path Group: clk
Path Type: max
Corner: Typical

Fanout     Cap    Slew   Delay    Time   Description
-----------------------------------------------------------------------------
                  0.00    0.00    0.00   clock clk (rise edge)
                          0.00    0.00   clock network delay (ideal)
                          2.00    2.00 ^ input external delay
                  0.02    0.01    2.01 ^ op[0] (in)
     1    0.00                           op[0] (net)
                  0.02    0.00    2.01 ^ input17/A (sky130_fd_sc_hd__clkbuf_2)
                  0.13    0.17    2.18 ^ input17/X (sky130_fd_sc_hd__clkbuf_2)
     6    0.02                           net17 (net)
                  0.13    0.00    2.18 ^ _090_/C_N (sky130_fd_sc_hd__or3b_1)
                  0.06    0.37    2.55 v _090_/X (sky130_fd_sc_hd__or3b_1)
     1    0.00                           _023_ (net)
                  0.06    0.00    2.55 v _091_/A (sky130_fd_sc_hd__buf_2)
                  0.08    0.19    2.74 v _091_/X (sky130_fd_sc_hd__buf_2)
     8    0.03                           _024_ (net)
                  0.08    0.00    2.74 v _092_/A2 (sky130_fd_sc_hd__a21bo_1)
                  0.05    0.22    2.96 v _092_/X (sky130_fd_sc_hd__a21bo_1)
     2    0.01                           _025_ (net)
                  0.05    0.00    2.96 v _094_/B (sky130_fd_sc_hd__and3_1)
                  0.04    0.18    3.14 v _094_/X (sky130_fd_sc_hd__and3_1)
     2    0.00                           _027_ (net)
                  0.04    0.00    3.14 v _107_/B1 (sky130_fd_sc_hd__a21o_1)
                  0.05    0.17    3.31 v _107_/X (sky130_fd_sc_hd__a21o_1)
     2    0.01                           _039_ (net)
                  0.05    0.00    3.31 v _111_/A (sky130_fd_sc_hd__and2_1)
                  0.09    0.20    3.51 v _111_/X (sky130_fd_sc_hd__and2_1)
     5    0.02                           _043_ (net)
                  0.09    0.00    3.51 v _132_/A1 (sky130_fd_sc_hd__o211ai_2)
                  0.15    0.20    3.71 ^ _132_/Y (sky130_fd_sc_hd__o211ai_2)
     2    0.01                           _062_ (net)
                  0.15    0.00    3.71 ^ _147_/B (sky130_fd_sc_hd__nand2_1)
                  0.06    0.09    3.81 v _147_/Y (sky130_fd_sc_hd__nand2_1)
     2    0.01                           _076_ (net)
                  0.06    0.00    3.81 v _149_/A2 (sky130_fd_sc_hd__o21a_1)
                  0.04    0.18    3.98 v _149_/X (sky130_fd_sc_hd__o21a_1)
     1    0.00                           _078_ (net)
                  0.04    0.00    3.98 v _153_/A2 (sky130_fd_sc_hd__a21o_1)
                  0.04    0.19    4.17 v _153_/X (sky130_fd_sc_hd__a21o_1)
     1    0.00                           net25 (net)
                  0.04    0.00    4.17 v output25/A (sky130_fd_sc_hd__clkbuf_4)
                  0.08    0.19    4.36 v output25/X (sky130_fd_sc_hd__clkbuf_4)
     1    0.03                           result[5] (net)
                  0.08    0.00    4.36 v result[5] (out)
                                  4.36   data arrival time

                  0.00   10.00   10.00   clock clk (rise edge)
                          0.00   10.00   clock network delay (ideal)
                         -0.25    9.75   clock uncertainty
                          0.00    9.75   clock reconvergence pessimism
                         -2.00    7.75   output external delay
                                  7.75   data required time
-----------------------------------------------------------------------------
                                  7.75   data required time
                                 -4.36   data arrival time
-----------------------------------------------------------------------------
                                  3.39   slack (MET)


Startpoint: op[0] (input port clocked by clk)
Endpoint: result[4] (output port clocked by clk)
Path Group: clk
Path Type: max
Corner: Typical

Fanout     Cap    Slew   Delay    Time   Description
-----------------------------------------------------------------------------
                  0.00    0.00    0.00   clock clk (rise edge)
                          0.00    0.00   clock network delay (ideal)
                          2.00    2.00 ^ input external delay
                  0.02    0.01    2.01 ^ op[0] (in)
     1    0.00                           op[0] (net)
                  0.02    0.00    2.01 ^ input17/A (sky130_fd_sc_hd__clkbuf_2)
                  0.13    0.17    2.18 ^ input17/X (sky130_fd_sc_hd__clkbuf_2)
     6    0.02                           net17 (net)
                  0.13    0.00    2.18 ^ _090_/C_N (sky130_fd_sc_hd__or3b_1)
                  0.06    0.37    2.55 v _090_/X (sky130_fd_sc_hd__or3b_1)
     1    0.00                           _023_ (net)
                  0.06    0.00    2.55 v _091_/A (sky130_fd_sc_hd__buf_2)
                  0.08    0.19    2.74 v _091_/X (sky130_fd_sc_hd__buf_2)
     8    0.03                           _024_ (net)
                  0.08    0.00    2.74 v _092_/A2 (sky130_fd_sc_hd__a21bo_1)
                  0.05    0.22    2.96 v _092_/X (sky130_fd_sc_hd__a21bo_1)
     2    0.01                           _025_ (net)
                  0.05    0.00    2.96 v _094_/B (sky130_fd_sc_hd__and3_1)
                  0.04    0.18    3.14 v _094_/X (sky130_fd_sc_hd__and3_1)
     2    0.00                           _027_ (net)
                  0.04    0.00    3.14 v _107_/B1 (sky130_fd_sc_hd__a21o_1)
                  0.05    0.17    3.31 v _107_/X (sky130_fd_sc_hd__a21o_1)
     2    0.01                           _039_ (net)
                  0.05    0.00    3.31 v _111_/A (sky130_fd_sc_hd__and2_1)
                  0.09    0.20    3.51 v _111_/X (sky130_fd_sc_hd__and2_1)
     5    0.02                           _043_ (net)
                  0.09    0.00    3.51 v _133_/A1 (sky130_fd_sc_hd__o21a_1)
                  0.03    0.20    3.71 v _133_/X (sky130_fd_sc_hd__o21a_1)
     1    0.00                           _063_ (net)
                  0.03    0.00    3.71 v _134_/B (sky130_fd_sc_hd__or2_1)
                  0.05    0.21    3.92 v _134_/X (sky130_fd_sc_hd__or2_1)
     1    0.00                           _064_ (net)
                  0.05    0.00    3.92 v _138_/A3 (sky130_fd_sc_hd__a31o_1)
                  0.05    0.24    4.16 v _138_/X (sky130_fd_sc_hd__a31o_1)
     1    0.01                           net24 (net)
                  0.05    0.00    4.16 v output24/A (sky130_fd_sc_hd__clkbuf_4)
                  0.08    0.20    4.35 v output24/X (sky130_fd_sc_hd__clkbuf_4)
     1    0.03                           result[4] (net)
                  0.08    0.00    4.35 v result[4] (out)
                                  4.35   data arrival time

                  0.00   10.00   10.00   clock clk (rise edge)
                          0.00   10.00   clock network delay (ideal)
                         -0.25    9.75   clock uncertainty
                          0.00    9.75   clock reconvergence pessimism
                         -2.00    7.75   output external delay
                                  7.75   data required time
-----------------------------------------------------------------------------
                                  7.75   data required time
                                 -4.35   data arrival time
-----------------------------------------------------------------------------
                                  3.40   slack (MET)


Startpoint: op[0] (input port clocked by clk)
Endpoint: result[2] (output port clocked by clk)
Path Group: clk
Path Type: max
Corner: Typical

Fanout     Cap    Slew   Delay    Time   Description
-----------------------------------------------------------------------------
                  0.00    0.00    0.00   clock clk (rise edge)
                          0.00    0.00   clock network delay (ideal)
                          2.00    2.00 ^ input external delay
                  0.02    0.01    2.01 ^ op[0] (in)
     1    0.00                           op[0] (net)
                  0.02    0.00    2.01 ^ input17/A (sky130_fd_sc_hd__clkbuf_2)
                  0.13    0.17    2.18 ^ input17/X (sky130_fd_sc_hd__clkbuf_2)
     6    0.02                           net17 (net)
                  0.13    0.00    2.18 ^ _090_/C_N (sky130_fd_sc_hd__or3b_1)
                  0.06    0.37    2.55 v _090_/X (sky130_fd_sc_hd__or3b_1)
     1    0.00                           _023_ (net)
                  0.06    0.00    2.55 v _091_/A (sky130_fd_sc_hd__buf_2)
                  0.08    0.19    2.74 v _091_/X (sky130_fd_sc_hd__buf_2)
     8    0.03                           _024_ (net)
                  0.08    0.00    2.74 v _108_/B1 (sky130_fd_sc_hd__o21a_1)
                  0.07    0.16    2.90 v _108_/X (sky130_fd_sc_hd__o21a_1)
     2    0.01                           _040_ (net)
                  0.07    0.00    2.90 v _109_/B (sky130_fd_sc_hd__xnor2_2)
                  0.20    0.20    3.10 ^ _109_/Y (sky130_fd_sc_hd__xnor2_2)
     3    0.01                           _041_ (net)
                  0.20    0.00    3.10 ^ _110_/B (sky130_fd_sc_hd__xor2_1)
                  0.16    0.21    3.31 ^ _110_/X (sky130_fd_sc_hd__xor2_1)
     2    0.01                           _042_ (net)
                  0.16    0.00    3.31 ^ _111_/B (sky130_fd_sc_hd__and2_1)
                  0.19    0.26    3.57 ^ _111_/X (sky130_fd_sc_hd__and2_1)
     5    0.02                           _043_ (net)
                  0.19    0.00    3.57 ^ _113_/A (sky130_fd_sc_hd__nor2_1)
                  0.05    0.08    3.65 v _113_/Y (sky130_fd_sc_hd__nor2_1)
     1    0.00                           _045_ (net)
                  0.05    0.00    3.65 v _116_/B1 (sky130_fd_sc_hd__a311o_1)
                  0.05    0.33    3.97 v _116_/X (sky130_fd_sc_hd__a311o_1)
     1    0.00                           net22 (net)
                  0.05    0.00    3.97 v output22/A (sky130_fd_sc_hd__clkbuf_4)
                  0.08    0.19    4.17 v output22/X (sky130_fd_sc_hd__clkbuf_4)
     1    0.03                           result[2] (net)
                  0.08    0.00    4.17 v result[2] (out)
                                  4.17   data arrival time

                  0.00   10.00   10.00   clock clk (rise edge)
                          0.00   10.00   clock network delay (ideal)
                         -0.25    9.75   clock uncertainty
                          0.00    9.75   clock reconvergence pessimism
                         -2.00    7.75   output external delay
                                  7.75   data required time
-----------------------------------------------------------------------------
                                  7.75   data required time
                                 -4.17   data arrival time
-----------------------------------------------------------------------------
                                  3.58   slack (MET)


Startpoint: op[0] (input port clocked by clk)
Endpoint: result[1] (output port clocked by clk)
Path Group: clk
Path Type: max
Corner: Typical

Fanout     Cap    Slew   Delay    Time   Description
-----------------------------------------------------------------------------
                  0.00    0.00    0.00   clock clk (rise edge)
                          0.00    0.00   clock network delay (ideal)
                          2.00    2.00 ^ input external delay
                  0.02    0.01    2.01 ^ op[0] (in)
     1    0.00                           op[0] (net)
                  0.02    0.00    2.01 ^ input17/A (sky130_fd_sc_hd__clkbuf_2)
                  0.13    0.17    2.18 ^ input17/X (sky130_fd_sc_hd__clkbuf_2)
     6    0.02                           net17 (net)
                  0.13    0.00    2.18 ^ _090_/C_N (sky130_fd_sc_hd__or3b_1)
                  0.06    0.37    2.55 v _090_/X (sky130_fd_sc_hd__or3b_1)
     1    0.00                           _023_ (net)
                  0.06    0.00    2.55 v _091_/A (sky130_fd_sc_hd__buf_2)
                  0.08    0.19    2.74 v _091_/X (sky130_fd_sc_hd__buf_2)
     8    0.03                           _024_ (net)
                  0.08    0.00    2.74 v _092_/A2 (sky130_fd_sc_hd__a21bo_1)
                  0.05    0.22    2.96 v _092_/X (sky130_fd_sc_hd__a21bo_1)
     2    0.01                           _025_ (net)
                  0.05    0.00    2.96 v _094_/B (sky130_fd_sc_hd__and3_1)
                  0.04    0.18    3.14 v _094_/X (sky130_fd_sc_hd__and3_1)
     2    0.00                           _027_ (net)
                  0.04    0.00    3.14 v _096_/A (sky130_fd_sc_hd__or2b_1)
                  0.06    0.24    3.38 v _096_/X (sky130_fd_sc_hd__or2b_1)
     1    0.01                           _029_ (net)
                  0.06    0.00    3.38 v _098_/A (sky130_fd_sc_hd__xnor2_1)
                  0.05    0.13    3.51 v _098_/Y (sky130_fd_sc_hd__xnor2_1)
     1    0.00                           _031_ (net)
                  0.05    0.00    3.51 v _106_/A2 (sky130_fd_sc_hd__a21o_1)
                  0.03    0.18    3.69 v _106_/X (sky130_fd_sc_hd__a21o_1)
     1    0.00                           net21 (net)
                  0.03    0.00    3.69 v output21/A (sky130_fd_sc_hd__clkbuf_4)
                  0.08    0.19    3.88 v output21/X (sky130_fd_sc_hd__clkbuf_4)
     1    0.03                           result[1] (net)
                  0.08    0.00    3.88 v result[1] (out)
                                  3.88   data arrival time

                  0.00   10.00   10.00   clock clk (rise edge)
                          0.00   10.00   clock network delay (ideal)
                         -0.25    9.75   clock uncertainty
                          0.00    9.75   clock reconvergence pessimism
                         -2.00    7.75   output external delay
                                  7.75   data required time
-----------------------------------------------------------------------------
                                  7.75   data required time
                                 -3.88   data arrival time
-----------------------------------------------------------------------------
                                  3.87   slack (MET)


Startpoint: b[0] (input port clocked by clk)
Endpoint: result[0] (output port clocked by clk)
Path Group: clk
Path Type: max
Corner: Typical

Fanout     Cap    Slew   Delay    Time   Description
-----------------------------------------------------------------------------
                  0.00    0.00    0.00   clock clk (rise edge)
                          0.00    0.00   clock network delay (ideal)
                          2.00    2.00 v input external delay
                  0.01    0.01    2.01 v b[0] (in)
     1    0.00                           b[0] (net)
                  0.01    0.00    2.01 v input9/A (sky130_fd_sc_hd__buf_2)
                  0.08    0.16    2.17 v input9/X (sky130_fd_sc_hd__buf_2)
     8    0.03                           net9 (net)
                  0.08    0.00    2.17 v _086_/A2 (sky130_fd_sc_hd__a221o_1)
                  0.05    0.36    2.53 v _086_/X (sky130_fd_sc_hd__a221o_1)
     1    0.00                           _020_ (net)
                  0.05    0.00    2.53 v _087_/B1 (sky130_fd_sc_hd__o21ai_1)
                  0.10    0.08    2.61 ^ _087_/Y (sky130_fd_sc_hd__o21ai_1)
     1    0.00                           _021_ (net)
                  0.10    0.00    2.61 ^ _088_/B1 (sky130_fd_sc_hd__o21a_1)
                  0.04    0.13    2.74 ^ _088_/X (sky130_fd_sc_hd__o21a_1)
     1    0.00                           net20 (net)
                  0.04    0.00    2.74 ^ output20/A (sky130_fd_sc_hd__clkbuf_4)
                  0.11    0.19    2.93 ^ output20/X (sky130_fd_sc_hd__clkbuf_4)
     1    0.03                           result[0] (net)
                  0.11    0.00    2.93 ^ result[0] (out)
                                  2.93   data arrival time

                  0.00   10.00   10.00   clock clk (rise edge)
                          0.00   10.00   clock network delay (ideal)
                         -0.25    9.75   clock uncertainty
                          0.00    9.75   clock reconvergence pessimism
                         -2.00    7.75   output external delay
                                  7.75   data required time
-----------------------------------------------------------------------------
                                  7.75   data required time
                                 -2.93   data arrival time
-----------------------------------------------------------------------------
                                  4.82   slack (MET)



