Instance name,  X location,  Y location,  Voltage 
_106_, 45.045, 48.96, 1.98295e-05
PHY_29, 45.045, 48.96, 1.98295e-05
output21, 45.045, 48.96, 1.98295e-05
FILLER_0_13_84, 45.045, 48.96, 1.98295e-05
PHY_25, 45.045, 43.52, 1.70901e-05
PHY_27, 45.045, 43.52, 1.70901e-05
input11, 45.045, 43.52, 1.70901e-05
output20, 45.045, 43.52, 1.70901e-05
_088_, 45.045, 38.08, 1.38573e-05
_097_, 45.045, 38.08, 1.38573e-05
PHY_21, 45.045, 38.08, 1.38573e-05
PHY_23, 45.045, 38.08, 1.38573e-05
FILLER_0_10_81, 45.045, 38.08, 1.38573e-05
_084_, 45.045, 32.64, 1.25523e-05
_087_, 45.045, 32.64, 1.25523e-05
PHY_17, 45.045, 32.64, 1.25523e-05
PHY_19, 45.045, 32.64, 1.25523e-05
FILLER_0_8_80, 45.045, 32.64, 1.25523e-05
PHY_13, 45.045, 27.2, 1.5297e-05
PHY_15, 45.045, 27.2, 1.5297e-05
input2, 45.045, 27.2, 1.5297e-05
output27, 45.045, 27.2, 1.5297e-05
PHY_9, 45.045, 21.76, 1.21864e-05
PHY_11, 45.045, 21.76, 1.21864e-05
FILLER_0_3_80, 45.045, 21.76, 1.21864e-05
FILLER_0_4_79, 45.045, 21.76, 1.21864e-05
PHY_5, 45.045, 16.32, 1.31984e-05
PHY_7, 45.045, 16.32, 1.31984e-05
input8, 45.045, 16.32, 1.31984e-05
input18, 45.045, 16.32, 1.31984e-05
FILLER_0_1_77, 45.045, 16.32, 1.31984e-05
FILLER_0_2_75, 45.045, 16.32, 1.31984e-05
_172_, 45.045, 10.88, 1.47168e-05
PHY_1, 45.045, 10.88, 1.47168e-05
PHY_3, 45.045, 10.88, 1.47168e-05
input14, 45.045, 10.88, 1.47168e-05
_103_, 34.695, 48.96, 2.08775e-05
input7, 34.695, 48.96, 2.08775e-05
input10, 34.695, 48.96, 2.08775e-05
output23, 34.695, 48.96, 2.08775e-05
FILLER_0_13_57, 34.695, 48.96, 2.08775e-05
FILLER_0_14_65, 34.695, 48.96, 2.08775e-05
_095_, 34.695, 43.52, 1.62378e-05
_098_, 34.695, 43.52, 1.62378e-05
_104_, 34.695, 43.52, 1.62378e-05
_105_, 34.695, 43.52, 1.62378e-05
FILLER_0_11_57, 34.695, 43.52, 1.62378e-05
FILLER_0_12_64, 34.695, 43.52, 1.62378e-05
_092_, 34.695, 38.08, 1.48296e-05
_093_, 34.695, 38.08, 1.48296e-05
_094_, 34.695, 38.08, 1.48296e-05
_096_, 34.695, 38.08, 1.48296e-05
_107_, 34.695, 38.08, 1.48296e-05
_099_, 34.695, 32.64, 1.36798e-05
_100_, 34.695, 32.64, 1.36798e-05
_102_, 34.695, 32.64, 1.36798e-05
FILLER_0_8_63, 34.695, 32.64, 1.36798e-05
FILLER_0_9_69, 34.695, 32.64, 1.36798e-05
_085_, 34.695, 27.2, 1.36565e-05
_086_, 34.695, 27.2, 1.36565e-05
_090_, 34.695, 27.2, 1.36565e-05
_101_, 34.695, 27.2, 1.36565e-05
FILLER_0_6_56, 34.695, 27.2, 1.36565e-05
_089_, 34.695, 21.76, 1.38068e-05
_165_, 34.695, 21.76, 1.38068e-05
_171_, 34.695, 21.76, 1.38068e-05
_175_, 34.695, 21.76, 1.38068e-05
FILLER_0_3_53, 34.695, 21.76, 1.38068e-05
FILLER_0_3_57, 34.695, 21.76, 1.38068e-05
FILLER_0_4_53, 34.695, 21.76, 1.38068e-05
FILLER_0_4_71, 34.695, 21.76, 1.38068e-05
_168_, 34.695, 16.32, 1.34881e-05
_169_, 34.695, 16.32, 1.34881e-05
_170_, 34.695, 16.32, 1.34881e-05
FILLER_0_1_53, 34.695, 16.32, 1.34881e-05
FILLER_0_1_57, 34.695, 16.32, 1.34881e-05
FILLER_0_2_62, 34.695, 16.32, 1.34881e-05
_173_, 34.695, 10.88, 1.66714e-05
_174_, 34.695, 10.88, 1.66714e-05
input1, 34.695, 10.88, 1.66714e-05
output24, 34.695, 10.88, 1.66714e-05
FILLER_0_0_65, 34.695, 10.88, 1.66714e-05
_116_, 24.345, 48.96, 2.10937e-05
_121_, 24.345, 48.96, 2.10937e-05
_123_, 24.345, 48.96, 2.10937e-05
output22, 24.345, 48.96, 2.10937e-05
_114_, 24.345, 43.52, 1.61111e-05
_115_, 24.345, 43.52, 1.61111e-05
_119_, 24.345, 43.52, 1.61111e-05
_128_, 24.345, 43.52, 1.61111e-05
FILLER_0_11_38, 24.345, 43.52, 1.61111e-05
FILLER_0_12_37, 24.345, 43.52, 1.61111e-05
FILLER_0_12_45, 24.345, 43.52, 1.61111e-05
_110_, 24.345, 38.08, 1.53701e-05
_111_, 24.345, 38.08, 1.53701e-05
_113_, 24.345, 38.08, 1.53701e-05
_122_, 24.345, 38.08, 1.53701e-05
FILLER_0_9_35, 24.345, 38.08, 1.53701e-05
FILLER_0_11_47, 24.345, 38.08, 1.53701e-05
_112_, 24.345, 32.64, 1.41077e-05
_133_, 24.345, 32.64, 1.41077e-05
_157_, 24.345, 32.64, 1.41077e-05
FILLER_0_9_49, 24.345, 32.64, 1.41077e-05
_091_, 24.345, 27.2, 1.38955e-05
_138_, 24.345, 27.2, 1.38955e-05
_159_, 24.345, 27.2, 1.38955e-05
_160_, 24.345, 27.2, 1.38955e-05
FILLER_0_6_37, 24.345, 27.2, 1.38955e-05
FILLER_0_7_44, 24.345, 27.2, 1.38955e-05
_156_, 24.345, 21.76, 1.42871e-05
_158_, 24.345, 21.76, 1.42871e-05
_164_, 24.345, 21.76, 1.42871e-05
_166_, 24.345, 21.76, 1.42871e-05
FILLER_0_4_35, 24.345, 21.76, 1.42871e-05
FILLER_0_5_51, 24.345, 21.76, 1.42871e-05
_154_, 24.345, 16.32, 1.41204e-05
_155_, 24.345, 16.32, 1.41204e-05
_163_, 24.345, 16.32, 1.41204e-05
_167_, 24.345, 16.32, 1.41204e-05
FILLER_0_2_39, 24.345, 16.32, 1.41204e-05
FILLER_0_3_45, 24.345, 16.32, 1.41204e-05
_161_, 24.345, 10.88, 1.5672e-05
_162_, 24.345, 10.88, 1.5672e-05
input3, 24.345, 10.88, 1.5672e-05
_125_, 13.995, 48.96, 2.2056e-05
_127_, 13.995, 48.96, 2.2056e-05
input17, 13.995, 48.96, 2.2056e-05
output26, 13.995, 48.96, 2.2056e-05
FILLER_0_14_23, 13.995, 48.96, 2.2056e-05
FILLER_0_14_29, 13.995, 48.96, 2.2056e-05
_108_, 13.995, 43.52, 1.75472e-05
_120_, 13.995, 43.52, 1.75472e-05
_124_, 13.995, 43.52, 1.75472e-05
_126_, 13.995, 43.52, 1.75472e-05
FILLER_0_11_13, 13.995, 43.52, 1.75472e-05
FILLER_0_12_20, 13.995, 43.52, 1.75472e-05
_109_, 13.995, 38.08, 1.55894e-05
_129_, 13.995, 38.08, 1.55894e-05
FILLER_0_10_29, 13.995, 38.08, 1.55894e-05
FILLER_0_11_24, 13.995, 38.08, 1.55894e-05
_132_, 13.995, 32.64, 1.67131e-05
_140_, 13.995, 32.64, 1.67131e-05
FILLER_0_7_17, 13.995, 32.64, 1.67131e-05
FILLER_0_8_23, 13.995, 32.64, 1.67131e-05
_131_, 13.995, 27.2, 1.38797e-05
_134_, 13.995, 27.2, 1.38797e-05
_146_, 13.995, 27.2, 1.38797e-05
FILLER_0_5_14, 13.995, 27.2, 1.38797e-05
FILLER_0_6_20, 13.995, 27.2, 1.38797e-05
_145_, 13.995, 21.76, 1.40961e-05
_147_, 13.995, 21.76, 1.40961e-05
FILLER_0_3_12, 13.995, 21.76, 1.40961e-05
FILLER_0_4_18, 13.995, 21.76, 1.40961e-05
_141_, 13.995, 16.32, 1.62763e-05
_142_, 13.995, 16.32, 1.62763e-05
_144_, 13.995, 16.32, 1.62763e-05
_148_, 13.995, 16.32, 1.62763e-05
_149_, 13.995, 16.32, 1.62763e-05
FILLER_0_2_14, 13.995, 16.32, 1.62763e-05
FILLER_0_2_29, 13.995, 16.32, 1.62763e-05
_139_, 13.995, 10.88, 1.74181e-05
_143_, 13.995, 10.88, 1.74181e-05
input9, 13.995, 10.88, 1.74181e-05
input16, 13.995, 10.88, 1.74181e-05
input19, 13.995, 10.88, 1.74181e-05
FILLER_0_1_29, 13.995, 10.88, 1.74181e-05
PHY_26, 5.52, 48.96, 2.30563e-05
PHY_28, 5.52, 48.96, 2.30563e-05
input13, 5.52, 48.96, 2.30563e-05
FILLER_0_14_7, 5.52, 48.96, 2.30563e-05
PHY_22, 5.52, 43.52, 2.01769e-05
PHY_24, 5.52, 43.52, 2.01769e-05
input4, 5.52, 43.52, 2.01769e-05
input6, 5.52, 43.52, 2.01769e-05
_117_, 5.52, 38.08, 1.72195e-05
_118_, 5.52, 38.08, 1.72195e-05
PHY_18, 5.52, 38.08, 1.72195e-05
PHY_20, 5.52, 38.08, 1.72195e-05
FILLER_0_10_3, 5.52, 38.08, 1.72195e-05
FILLER_0_11_3, 5.52, 38.08, 1.72195e-05
_130_, 5.52, 32.64, 2.28007e-05
PHY_14, 5.52, 32.64, 2.28007e-05
PHY_16, 5.52, 32.64, 2.28007e-05
output25, 5.52, 32.64, 2.28007e-05
FILLER_0_9_9, 5.52, 32.64, 2.28007e-05
_137_, 5.52, 27.2, 1.47615e-05
PHY_10, 5.52, 27.2, 1.47615e-05
PHY_12, 5.52, 27.2, 1.47615e-05
FILLER_0_6_3, 5.52, 27.2, 1.47615e-05
FILLER_0_7_3, 5.52, 27.2, 1.47615e-05
_135_, 5.52, 21.76, 1.61344e-05
_136_, 5.52, 21.76, 1.61344e-05
PHY_6, 5.52, 21.76, 1.61344e-05
PHY_8, 5.52, 21.76, 1.61344e-05
input12, 5.52, 21.76, 1.61344e-05
FILLER_0_4_7, 5.52, 21.76, 1.61344e-05
_152_, 5.52, 16.32, 1.95381e-05
_153_, 5.52, 16.32, 1.95381e-05
PHY_2, 5.52, 16.32, 1.95381e-05
PHY_4, 5.52, 16.32, 1.95381e-05
input5, 5.52, 16.32, 1.95381e-05
FILLER_0_3_3, 5.52, 16.32, 1.95381e-05
_150_, 5.52, 10.88, 1.94141e-05
_151_, 5.52, 10.88, 1.94141e-05
PHY_0, 5.52, 10.88, 1.94141e-05
input15, 5.52, 10.88, 1.94141e-05
FILLER_0_0_7, 5.52, 10.88, 1.94141e-05

