Instance name,  X location,  Y location,  Voltage 
_106_, 41.745, 51.68, 1.79999
input7, 41.745, 51.68, 1.79999
input10, 41.745, 51.68, 1.79999
_098_, 41.745, 46.24, 1.79998
_105_, 41.745, 46.24, 1.79998
output21, 41.745, 46.24, 1.79998
FILLER_0_13_84, 41.745, 46.24, 1.79998
_094_, 41.745, 40.8, 1.79998
_096_, 41.745, 40.8, 1.79998
_097_, 41.745, 40.8, 1.79998
input11, 41.745, 40.8, 1.79998
output20, 41.745, 40.8, 1.79998
_084_, 41.745, 35.36, 1.79999
_088_, 41.745, 35.36, 1.79999
_099_, 41.745, 35.36, 1.79999
FILLER_0_9_69, 41.745, 35.36, 1.79999
FILLER_0_10_81, 41.745, 35.36, 1.79999
_085_, 41.745, 29.92, 1.79999
_086_, 41.745, 29.92, 1.79999
_087_, 41.745, 29.92, 1.79999
FILLER_0_8_80, 41.745, 29.92, 1.79999
_089_, 41.745, 24.48, 1.79998
_175_, 41.745, 24.48, 1.79998
input2, 41.745, 24.48, 1.79998
output27, 41.745, 24.48, 1.79998
FILLER_0_4_71, 41.745, 24.48, 1.79998
_168_, 41.745, 19.04, 1.79999
FILLER_0_2_75, 41.745, 19.04, 1.79999
FILLER_0_3_80, 41.745, 19.04, 1.79999
FILLER_0_4_79, 41.745, 19.04, 1.79999
_172_, 41.745, 13.6, 1.79998
_173_, 41.745, 13.6, 1.79998
input1, 41.745, 13.6, 1.79998
input8, 41.745, 13.6, 1.79998
input14, 41.745, 13.6, 1.79998
input18, 41.745, 13.6, 1.79998
FILLER_0_1_77, 41.745, 13.6, 1.79998
_103_, 31.395, 46.24, 1.79998
_104_, 31.395, 46.24, 1.79998
_114_, 31.395, 46.24, 1.79998
_115_, 31.395, 46.24, 1.79998
output23, 31.395, 46.24, 1.79998
FILLER_0_12_45, 31.395, 46.24, 1.79998
FILLER_0_13_57, 31.395, 46.24, 1.79998
FILLER_0_14_65, 31.395, 46.24, 1.79998
_092_, 31.395, 40.8, 1.79999
_095_, 31.395, 40.8, 1.79999
_107_, 31.395, 40.8, 1.79999
_111_, 31.395, 40.8, 1.79999
FILLER_0_11_47, 31.395, 40.8, 1.79999
FILLER_0_11_57, 31.395, 40.8, 1.79999
FILLER_0_12_64, 31.395, 40.8, 1.79999
_093_, 31.395, 35.36, 1.79999
_112_, 31.395, 35.36, 1.79999
FILLER_0_9_49, 31.395, 35.36, 1.79999
_090_, 31.395, 29.92, 1.79999
_091_, 31.395, 29.92, 1.79999
_100_, 31.395, 29.92, 1.79999
_102_, 31.395, 29.92, 1.79999
FILLER_0_6_56, 31.395, 29.92, 1.79999
FILLER_0_8_63, 31.395, 29.92, 1.79999
_101_, 31.395, 24.48, 1.79998
_156_, 31.395, 24.48, 1.79998
FILLER_0_4_53, 31.395, 24.48, 1.79998
FILLER_0_5_51, 31.395, 24.48, 1.79998
_165_, 31.395, 19.04, 1.79999
_170_, 31.395, 19.04, 1.79999
_171_, 31.395, 19.04, 1.79999
FILLER_0_3_45, 31.395, 19.04, 1.79999
FILLER_0_3_53, 31.395, 19.04, 1.79999
FILLER_0_3_57, 31.395, 19.04, 1.79999
_161_, 31.395, 13.6, 1.79998
_162_, 31.395, 13.6, 1.79998
_169_, 31.395, 13.6, 1.79998
_174_, 31.395, 13.6, 1.79998
input3, 31.395, 13.6, 1.79998
output24, 31.395, 13.6, 1.79998
FILLER_0_0_65, 31.395, 13.6, 1.79998
FILLER_0_1_53, 31.395, 13.6, 1.79998
FILLER_0_1_57, 31.395, 13.6, 1.79998
FILLER_0_2_62, 31.395, 13.6, 1.79998
FILLER_0_14_23, 21.045, 51.68, 1.79999
FILLER_0_14_29, 21.045, 51.68, 1.79999
_116_, 21.045, 46.24, 1.79998
_120_, 21.045, 46.24, 1.79998
_121_, 21.045, 46.24, 1.79998
_123_, 21.045, 46.24, 1.79998
_124_, 21.045, 46.24, 1.79998
output22, 21.045, 46.24, 1.79998
_113_, 21.045, 40.8, 1.79999
_119_, 21.045, 40.8, 1.79999
_128_, 21.045, 40.8, 1.79999
FILLER_0_10_29, 21.045, 40.8, 1.79999
FILLER_0_11_24, 21.045, 40.8, 1.79999
FILLER_0_11_38, 21.045, 40.8, 1.79999
FILLER_0_12_37, 21.045, 40.8, 1.79999
_110_, 21.045, 35.36, 1.79999
_122_, 21.045, 35.36, 1.79999
_132_, 21.045, 35.36, 1.79999
FILLER_0_8_23, 21.045, 35.36, 1.79999
FILLER_0_9_35, 21.045, 35.36, 1.79999
_133_, 21.045, 29.92, 1.79998
_134_, 21.045, 29.92, 1.79998
_138_, 21.045, 29.92, 1.79998
_157_, 21.045, 29.92, 1.79998
FILLER_0_7_44, 21.045, 29.92, 1.79998
_147_, 21.045, 24.48, 1.79998
_158_, 21.045, 24.48, 1.79998
_159_, 21.045, 24.48, 1.79998
_160_, 21.045, 24.48, 1.79998
_166_, 21.045, 24.48, 1.79998
FILLER_0_6_37, 21.045, 24.48, 1.79998
_144_, 21.045, 19.04, 1.79998
_164_, 21.045, 19.04, 1.79998
FILLER_0_2_29, 21.045, 19.04, 1.79998
FILLER_0_4_35, 21.045, 19.04, 1.79998
_139_, 21.045, 13.6, 1.79998
_143_, 21.045, 13.6, 1.79998
_154_, 21.045, 13.6, 1.79998
_155_, 21.045, 13.6, 1.79998
_163_, 21.045, 13.6, 1.79998
_167_, 21.045, 13.6, 1.79998
input19, 21.045, 13.6, 1.79998
FILLER_0_1_29, 21.045, 13.6, 1.79998
FILLER_0_2_39, 21.045, 13.6, 1.79998
FILLER_0_14_7, 10.695, 51.68, 1.79999
_125_, 10.695, 46.24, 1.79998
_127_, 10.695, 46.24, 1.79998
input17, 10.695, 46.24, 1.79998
output26, 10.695, 46.24, 1.79998
_108_, 10.695, 40.8, 1.79998
_117_, 10.695, 40.8, 1.79998
_118_, 10.695, 40.8, 1.79998
_126_, 10.695, 40.8, 1.79998
FILLER_0_11_13, 10.695, 40.8, 1.79998
FILLER_0_12_20, 10.695, 40.8, 1.79998
_109_, 10.695, 35.36, 1.79998
_129_, 10.695, 35.36, 1.79998
FILLER_0_9_9, 10.695, 35.36, 1.79998
_137_, 10.695, 29.92, 1.79999
_140_, 10.695, 29.92, 1.79999
FILLER_0_7_17, 10.695, 29.92, 1.79999
_131_, 10.695, 24.48, 1.79998
_136_, 10.695, 24.48, 1.79998
_146_, 10.695, 24.48, 1.79998
FILLER_0_4_7, 10.695, 24.48, 1.79998
FILLER_0_5_14, 10.695, 24.48, 1.79998
FILLER_0_6_20, 10.695, 24.48, 1.79998
_145_, 10.695, 19.04, 1.79998
_148_, 10.695, 19.04, 1.79998
_149_, 10.695, 19.04, 1.79998
_152_, 10.695, 19.04, 1.79998
_153_, 10.695, 19.04, 1.79998
FILLER_0_3_12, 10.695, 19.04, 1.79998
FILLER_0_4_18, 10.695, 19.04, 1.79998
_141_, 10.695, 13.6, 1.79998
_142_, 10.695, 13.6, 1.79998
_151_, 10.695, 13.6, 1.79998
input9, 10.695, 13.6, 1.79998
input16, 10.695, 13.6, 1.79998
FILLER_0_0_7, 10.695, 13.6, 1.79998
FILLER_0_2_14, 10.695, 13.6, 1.79998
PHY_28, 5.52, 51.68, 1.79999
PHY_29, 46.92, 51.68, 1.79999
PHY_24, 5.52, 46.24, 1.79998
PHY_26, 5.52, 46.24, 1.79998
input6, 5.52, 46.24, 1.79998
input13, 5.52, 46.24, 1.79998
PHY_25, 46.92, 46.24, 1.79998
PHY_27, 46.92, 46.24, 1.79998
PHY_20, 5.52, 40.8, 1.79998
PHY_22, 5.52, 40.8, 1.79998
input4, 5.52, 40.8, 1.79998
FILLER_0_11_3, 5.52, 40.8, 1.79998
PHY_21, 46.92, 40.8, 1.79998
PHY_23, 46.92, 40.8, 1.79998
PHY_16, 5.52, 35.36, 1.79998
PHY_18, 5.52, 35.36, 1.79998
output25, 5.52, 35.36, 1.79998
FILLER_0_10_3, 5.52, 35.36, 1.79998
PHY_17, 46.92, 35.36, 1.79999
PHY_19, 46.92, 35.36, 1.79999
_130_, 5.52, 29.92, 1.79998
PHY_12, 5.52, 29.92, 1.79998
PHY_14, 5.52, 29.92, 1.79998
FILLER_0_7_3, 5.52, 29.92, 1.79998
PHY_13, 46.92, 29.92, 1.79999
PHY_15, 46.92, 29.92, 1.79999
_135_, 5.52, 24.48, 1.79998
PHY_8, 5.52, 24.48, 1.79998
PHY_10, 5.52, 24.48, 1.79998
FILLER_0_6_3, 5.52, 24.48, 1.79998
PHY_9, 46.92, 24.48, 1.79998
PHY_11, 46.92, 24.48, 1.79998
PHY_4, 5.52, 19.04, 1.79998
PHY_6, 5.52, 19.04, 1.79998
input12, 5.52, 19.04, 1.79998
FILLER_0_3_3, 5.52, 19.04, 1.79998
PHY_5, 46.92, 19.04, 1.79999
PHY_7, 46.92, 19.04, 1.79999
_150_, 5.52, 13.6, 1.79998
PHY_0, 5.52, 13.6, 1.79998
PHY_2, 5.52, 13.6, 1.79998
input5, 5.52, 13.6, 1.79998
input15, 5.52, 13.6, 1.79998
PHY_1, 46.92, 13.6, 1.79998
PHY_3, 46.92, 13.6, 1.79998

