
===========================================================================
report_checks -path_delay min (Hold)
============================================================================
======================= Typical Corner ===================================

Startpoint: a[0] (input port clocked by clk)
Endpoint: result[0] (output port clocked by clk)
Path Group: clk
Path Type: min

Fanout     Cap    Slew   Delay    Time   Description
-----------------------------------------------------------------------------
                  0.00    0.00    0.00   clock clk (rise edge)
                          0.00    0.00   clock network delay (ideal)
                          2.00    2.00 v input external delay
                  0.01    0.01    2.01 v a[0] (in)
     1    0.00                           a[0] (net)
                  0.01    0.00    2.01 v input1/A (sky130_fd_sc_hd__buf_1)
                  0.07    0.10    2.11 v input1/X (sky130_fd_sc_hd__buf_1)
     4    0.01                           net1 (net)
                  0.07    0.00    2.11 v _088_/A1 (sky130_fd_sc_hd__o21a_1)
                  0.03    0.17    2.28 v _088_/X (sky130_fd_sc_hd__o21a_1)
     1    0.00                           net20 (net)
                  0.03    0.00    2.28 v output20/A (sky130_fd_sc_hd__buf_2)
                  0.09    0.16    2.44 v output20/X (sky130_fd_sc_hd__buf_2)
     1    0.03                           result[0] (net)
                  0.09    0.00    2.44 v result[0] (out)
                                  2.44   data arrival time

                  0.00    0.00    0.00   clock clk (rise edge)
                          0.00    0.00   clock network delay (ideal)
                          0.25    0.25   clock uncertainty
                          0.00    0.25   clock reconvergence pessimism
                         -2.00   -1.75   output external delay
                                 -1.75   data required time
-----------------------------------------------------------------------------
                                 -1.75   data required time
                                 -2.44   data arrival time
-----------------------------------------------------------------------------
                                  4.19   slack (MET)


Startpoint: a[2] (input port clocked by clk)
Endpoint: result[2] (output port clocked by clk)
Path Group: clk
Path Type: min

Fanout     Cap    Slew   Delay    Time   Description
-----------------------------------------------------------------------------
                  0.00    0.00    0.00   clock clk (rise edge)
                          0.00    0.00   clock network delay (ideal)
                          2.00    2.00 ^ input external delay
                  0.02    0.01    2.01 ^ a[2] (in)
     1    0.00                           a[2] (net)
                  0.02    0.00    2.01 ^ input3/A (sky130_fd_sc_hd__clkbuf_2)
                  0.12    0.14    2.15 ^ input3/X (sky130_fd_sc_hd__clkbuf_2)
     6    0.02                           net3 (net)
                  0.12    0.00    2.15 ^ _116_/A1 (sky130_fd_sc_hd__a311o_1)
                  0.04    0.15    2.31 ^ _116_/X (sky130_fd_sc_hd__a311o_1)
     1    0.00                           net22 (net)
                  0.04    0.00    2.31 ^ output22/A (sky130_fd_sc_hd__clkbuf_4)
                  0.11    0.18    2.48 ^ output22/X (sky130_fd_sc_hd__clkbuf_4)
     1    0.03                           result[2] (net)
                  0.11    0.00    2.48 ^ result[2] (out)
                                  2.48   data arrival time

                  0.00    0.00    0.00   clock clk (rise edge)
                          0.00    0.00   clock network delay (ideal)
                          0.25    0.25   clock uncertainty
                          0.00    0.25   clock reconvergence pessimism
                         -2.00   -1.75   output external delay
                                 -1.75   data required time
-----------------------------------------------------------------------------
                                 -1.75   data required time
                                 -2.48   data arrival time
-----------------------------------------------------------------------------
                                  4.23   slack (MET)


Startpoint: b[3] (input port clocked by clk)
Endpoint: result[3] (output port clocked by clk)
Path Group: clk
Path Type: min

Fanout     Cap    Slew   Delay    Time   Description
-----------------------------------------------------------------------------
                  0.00    0.00    0.00   clock clk (rise edge)
                          0.00    0.00   clock network delay (ideal)
                          2.00    2.00 ^ input external delay
                  0.02    0.01    2.01 ^ b[3] (in)
     1    0.00                           b[3] (net)
                  0.02    0.00    2.01 ^ input12/A (sky130_fd_sc_hd__clkbuf_2)
                  0.10    0.13    2.14 ^ input12/X (sky130_fd_sc_hd__clkbuf_2)
     5    0.02                           net12 (net)
                  0.10    0.00    2.14 ^ _127_/A2 (sky130_fd_sc_hd__a311o_1)
                  0.05    0.17    2.31 ^ _127_/X (sky130_fd_sc_hd__a311o_1)
     1    0.00                           net23 (net)
                  0.05    0.00    2.31 ^ output23/A (sky130_fd_sc_hd__clkbuf_4)
                  0.11    0.18    2.49 ^ output23/X (sky130_fd_sc_hd__clkbuf_4)
     1    0.03                           result[3] (net)
                  0.11    0.00    2.49 ^ result[3] (out)
                                  2.49   data arrival time

                  0.00    0.00    0.00   clock clk (rise edge)
                          0.00    0.00   clock network delay (ideal)
                          0.25    0.25   clock uncertainty
                          0.00    0.25   clock reconvergence pessimism
                         -2.00   -1.75   output external delay
                                 -1.75   data required time
-----------------------------------------------------------------------------
                                 -1.75   data required time
                                 -2.49   data arrival time
-----------------------------------------------------------------------------
                                  4.24   slack (MET)


Startpoint: b[1] (input port clocked by clk)
Endpoint: result[1] (output port clocked by clk)
Path Group: clk
Path Type: min

Fanout     Cap    Slew   Delay    Time   Description
-----------------------------------------------------------------------------
                  0.00    0.00    0.00   clock clk (rise edge)
                          0.00    0.00   clock network delay (ideal)
                          2.00    2.00 ^ input external delay
                  0.02    0.01    2.01 ^ b[1] (in)
     1    0.00                           b[1] (net)
                  0.02    0.00    2.01 ^ input10/A (sky130_fd_sc_hd__clkbuf_2)
                  0.11    0.14    2.15 ^ input10/X (sky130_fd_sc_hd__clkbuf_2)
     7    0.02                           net10 (net)
                  0.11    0.00    2.15 ^ _105_/A2 (sky130_fd_sc_hd__a31o_1)
                  0.04    0.14    2.29 ^ _105_/X (sky130_fd_sc_hd__a31o_1)
     1    0.00                           _038_ (net)
                  0.04    0.00    2.29 ^ _106_/B1 (sky130_fd_sc_hd__a21o_1)
                  0.03    0.07    2.36 ^ _106_/X (sky130_fd_sc_hd__a21o_1)
     1    0.00                           net21 (net)
                  0.03    0.00    2.36 ^ output21/A (sky130_fd_sc_hd__buf_2)
                  0.17    0.18    2.54 ^ output21/X (sky130_fd_sc_hd__buf_2)
     1    0.03                           result[1] (net)
                  0.17    0.00    2.54 ^ result[1] (out)
                                  2.54   data arrival time

                  0.00    0.00    0.00   clock clk (rise edge)
                          0.00    0.00   clock network delay (ideal)
                          0.25    0.25   clock uncertainty
                          0.00    0.25   clock reconvergence pessimism
                         -2.00   -1.75   output external delay
                                 -1.75   data required time
-----------------------------------------------------------------------------
                                 -1.75   data required time
                                 -2.54   data arrival time
-----------------------------------------------------------------------------
                                  4.29   slack (MET)


Startpoint: a[6] (input port clocked by clk)
Endpoint: result[6] (output port clocked by clk)
Path Group: clk
Path Type: min

Fanout     Cap    Slew   Delay    Time   Description
-----------------------------------------------------------------------------
                  0.00    0.00    0.00   clock clk (rise edge)
                          0.00    0.00   clock network delay (ideal)
                          2.00    2.00 ^ input external delay
                  0.02    0.01    2.01 ^ a[6] (in)
     1    0.00                           a[6] (net)
                  0.02    0.00    2.01 ^ input7/A (sky130_fd_sc_hd__clkbuf_2)
                  0.10    0.13    2.15 ^ input7/X (sky130_fd_sc_hd__clkbuf_2)
     5    0.02                           net7 (net)
                  0.10    0.00    2.15 ^ _163_/A1 (sky130_fd_sc_hd__a31o_1)
                  0.04    0.13    2.28 ^ _163_/X (sky130_fd_sc_hd__a31o_1)
     1    0.00                           _007_ (net)
                  0.04    0.00    2.28 ^ _164_/B1 (sky130_fd_sc_hd__a21o_1)
                  0.05    0.08    2.37 ^ _164_/X (sky130_fd_sc_hd__a21o_1)
     1    0.01                           net26 (net)
                  0.05    0.00    2.37 ^ output26/A (sky130_fd_sc_hd__clkbuf_4)
                  0.11    0.18    2.55 ^ output26/X (sky130_fd_sc_hd__clkbuf_4)
     1    0.04                           result[6] (net)
                  0.11    0.00    2.55 ^ result[6] (out)
                                  2.55   data arrival time

                  0.00    0.00    0.00   clock clk (rise edge)
                          0.00    0.00   clock network delay (ideal)
                          0.25    0.25   clock uncertainty
                          0.00    0.25   clock reconvergence pessimism
                         -2.00   -1.75   output external delay
                                 -1.75   data required time
-----------------------------------------------------------------------------
                                 -1.75   data required time
                                 -2.55   data arrival time
-----------------------------------------------------------------------------
                                  4.30   slack (MET)


Startpoint: b[5] (input port clocked by clk)
Endpoint: result[5] (output port clocked by clk)
Path Group: clk
Path Type: min

Fanout     Cap    Slew   Delay    Time   Description
-----------------------------------------------------------------------------
                  0.00    0.00    0.00   clock clk (rise edge)
                          0.00    0.00   clock network delay (ideal)
                          2.00    2.00 ^ input external delay
                  0.02    0.01    2.01 ^ b[5] (in)
     1    0.00                           b[5] (net)
                  0.02    0.00    2.01 ^ input14/A (sky130_fd_sc_hd__clkbuf_2)
                  0.12    0.14    2.15 ^ input14/X (sky130_fd_sc_hd__clkbuf_2)
     6    0.02                           net14 (net)
                  0.12    0.00    2.15 ^ _152_/A2 (sky130_fd_sc_hd__a31o_1)
                  0.04    0.14    2.30 ^ _152_/X (sky130_fd_sc_hd__a31o_1)
     1    0.00                           _081_ (net)
                  0.04    0.00    2.30 ^ _153_/B1 (sky130_fd_sc_hd__a21o_1)
                  0.04    0.07    2.37 ^ _153_/X (sky130_fd_sc_hd__a21o_1)
     1    0.00                           net25 (net)
                  0.04    0.00    2.37 ^ output25/A (sky130_fd_sc_hd__buf_2)
                  0.17    0.18    2.55 ^ output25/X (sky130_fd_sc_hd__buf_2)
     1    0.03                           result[5] (net)
                  0.17    0.00    2.55 ^ result[5] (out)
                                  2.55   data arrival time

                  0.00    0.00    0.00   clock clk (rise edge)
                          0.00    0.00   clock network delay (ideal)
                          0.25    0.25   clock uncertainty
                          0.00    0.25   clock reconvergence pessimism
                         -2.00   -1.75   output external delay
                                 -1.75   data required time
-----------------------------------------------------------------------------
                                 -1.75   data required time
                                 -2.55   data arrival time
-----------------------------------------------------------------------------
                                  4.30   slack (MET)


Startpoint: a[4] (input port clocked by clk)
Endpoint: result[4] (output port clocked by clk)
Path Group: clk
Path Type: min

Fanout     Cap    Slew   Delay    Time   Description
-----------------------------------------------------------------------------
                  0.00    0.00    0.00   clock clk (rise edge)
                          0.00    0.00   clock network delay (ideal)
                          2.00    2.00 ^ input external delay
                  0.02    0.01    2.01 ^ a[4] (in)
     1    0.00                           a[4] (net)
                  0.02    0.00    2.01 ^ input5/A (sky130_fd_sc_hd__clkbuf_2)
                  0.11    0.13    2.14 ^ input5/X (sky130_fd_sc_hd__clkbuf_2)
     5    0.02                           net5 (net)
                  0.11    0.00    2.14 ^ _137_/A1 (sky130_fd_sc_hd__a31o_1)
                  0.04    0.14    2.28 ^ _137_/X (sky130_fd_sc_hd__a31o_1)
     1    0.00                           _067_ (net)
                  0.04    0.00    2.28 ^ _138_/B1 (sky130_fd_sc_hd__a31o_1)
                  0.05    0.09    2.37 ^ _138_/X (sky130_fd_sc_hd__a31o_1)
     1    0.00                           net24 (net)
                  0.05    0.00    2.37 ^ output24/A (sky130_fd_sc_hd__buf_2)
                  0.17    0.19    2.56 ^ output24/X (sky130_fd_sc_hd__buf_2)
     1    0.03                           result[4] (net)
                  0.17    0.00    2.56 ^ result[4] (out)
                                  2.56   data arrival time

                  0.00    0.00    0.00   clock clk (rise edge)
                          0.00    0.00   clock network delay (ideal)
                          0.25    0.25   clock uncertainty
                          0.00    0.25   clock reconvergence pessimism
                         -2.00   -1.75   output external delay
                                 -1.75   data required time
-----------------------------------------------------------------------------
                                 -1.75   data required time
                                 -2.56   data arrival time
-----------------------------------------------------------------------------
                                  4.31   slack (MET)


Startpoint: a[7] (input port clocked by clk)
Endpoint: result[7] (output port clocked by clk)
Path Group: clk
Path Type: min

Fanout     Cap    Slew   Delay    Time   Description
-----------------------------------------------------------------------------
                  0.00    0.00    0.00   clock clk (rise edge)
                          0.00    0.00   clock network delay (ideal)
                          2.00    2.00 ^ input external delay
                  0.02    0.01    2.01 ^ a[7] (in)
     1    0.00                           a[7] (net)
                  0.02    0.00    2.01 ^ input8/A (sky130_fd_sc_hd__buf_1)
                  0.16    0.15    2.16 ^ input8/X (sky130_fd_sc_hd__buf_1)
     4    0.01                           net8 (net)
                  0.16    0.00    2.16 ^ _174_/A1 (sky130_fd_sc_hd__o22a_1)
                  0.05    0.16    2.32 ^ _174_/X (sky130_fd_sc_hd__o22a_1)
     1    0.00                           _017_ (net)
                  0.05    0.00    2.32 ^ _175_/B1 (sky130_fd_sc_hd__a31o_1)
                  0.04    0.08    2.40 ^ _175_/X (sky130_fd_sc_hd__a31o_1)
     1    0.00                           net27 (net)
                  0.04    0.00    2.40 ^ output27/A (sky130_fd_sc_hd__buf_2)
                  0.17    0.18    2.58 ^ output27/X (sky130_fd_sc_hd__buf_2)
     1    0.03                           result[7] (net)
                  0.17    0.00    2.58 ^ result[7] (out)
                                  2.58   data arrival time

                  0.00    0.00    0.00   clock clk (rise edge)
                          0.00    0.00   clock network delay (ideal)
                          0.25    0.25   clock uncertainty
                          0.00    0.25   clock reconvergence pessimism
                         -2.00   -1.75   output external delay
                                 -1.75   data required time
-----------------------------------------------------------------------------
                                 -1.75   data required time
                                 -2.58   data arrival time
-----------------------------------------------------------------------------
                                  4.33   slack (MET)



