Sat Aug 23 20:19:57 UTC 2025 - Executing "openroad -exit -no_init -python /openlane/scripts/odbpy/lefutil.py get_metal_layers -o /openlane/designs/alu/runs/RUN_2025.08.23_20.19.57/tmp/layers.list /Users/samprita/.ciel/sky130A/libs.ref/sky130_fd_sc_hd/techlef/sky130_fd_sc_hd__nom.tlef"

Sat Aug 23 20:19:57 UTC 2025 - Executing "/openlane/scripts/mergeLef.py -o /openlane/designs/alu/runs/RUN_2025.08.23_20.19.57/tmp/merged.nom.lef -i /Users/samprita/.ciel/sky130A/libs.ref/sky130_fd_sc_hd/techlef/sky130_fd_sc_hd__nom.tlef {/Users/samprita/.ciel/sky130A/libs.ref/sky130_fd_sc_hd/lef/sky130_ef_sc_hd.lef /Users/samprita/.ciel/sky130A/libs.ref/sky130_fd_sc_hd/lef/sky130_fd_sc_hd.lef} |& tee /dev/null"

Sat Aug 23 20:19:57 UTC 2025 - Executing "/openlane/scripts/mergeLef.py -o /openlane/designs/alu/runs/RUN_2025.08.23_20.19.57/tmp/merged.min.lef -i /Users/samprita/.ciel/sky130A/libs.ref/sky130_fd_sc_hd/techlef/sky130_fd_sc_hd__min.tlef {/Users/samprita/.ciel/sky130A/libs.ref/sky130_fd_sc_hd/lef/sky130_ef_sc_hd.lef /Users/samprita/.ciel/sky130A/libs.ref/sky130_fd_sc_hd/lef/sky130_fd_sc_hd.lef} |& tee /dev/null"

Sat Aug 23 20:19:57 UTC 2025 - Executing "/openlane/scripts/mergeLef.py -o /openlane/designs/alu/runs/RUN_2025.08.23_20.19.57/tmp/merged.max.lef -i /Users/samprita/.ciel/sky130A/libs.ref/sky130_fd_sc_hd/techlef/sky130_fd_sc_hd__max.tlef {/Users/samprita/.ciel/sky130A/libs.ref/sky130_fd_sc_hd/lef/sky130_ef_sc_hd.lef /Users/samprita/.ciel/sky130A/libs.ref/sky130_fd_sc_hd/lef/sky130_fd_sc_hd.lef} |& tee /dev/null"

Sat Aug 23 20:19:57 UTC 2025 - Executing "python3 /openlane/scripts/mergeLib.py --output /openlane/designs/alu/runs/RUN_2025.08.23_20.19.57/tmp/synthesis/merged.lib --name sky130A_merged /Users/samprita/.ciel/sky130A/libs.ref/sky130_fd_sc_hd/lib/sky130_fd_sc_hd__tt_025C_1v80.lib"

Sat Aug 23 20:19:57 UTC 2025 - Executing "python3 /openlane/scripts/libtrim.py --cell-file /openlane/designs/alu/runs/RUN_2025.08.23_20.19.57/tmp/synthesis/trimmed.lib.exclude.list --output /openlane/designs/alu/runs/RUN_2025.08.23_20.19.57/tmp/synthesis/trimmed.lib /openlane/designs/alu/runs/RUN_2025.08.23_20.19.57/tmp/synthesis/merged.lib"

Sat Aug 23 20:19:57 UTC 2025 - Executing "python3 /openlane/scripts/libtrim.py --cell-file /openlane/designs/alu/runs/RUN_2025.08.23_20.19.57/tmp/cts/cts.lib.exclude.list --output /openlane/designs/alu/runs/RUN_2025.08.23_20.19.57/tmp/cts/cts.lib /Users/samprita/.ciel/sky130A/libs.ref/sky130_fd_sc_hd/lib/sky130_fd_sc_hd__tt_025C_1v80.lib"

Sat Aug 23 20:19:57 UTC 2025 - Executing "python3 /openlane/scripts/libtrim.py --cell-file /openlane/designs/alu/runs/RUN_2025.08.23_20.19.57/tmp/cts/cts-fastest.lib.exclude.list --output /openlane/designs/alu/runs/RUN_2025.08.23_20.19.57/tmp/cts/cts-fastest.lib /Users/samprita/.ciel/sky130A/libs.ref/sky130_fd_sc_hd/lib/sky130_fd_sc_hd__ff_n40C_1v95.lib"

Sat Aug 23 20:19:58 UTC 2025 - Executing "python3 /openlane/scripts/libtrim.py --cell-file /openlane/designs/alu/runs/RUN_2025.08.23_20.19.57/tmp/cts/cts-slowest.lib.exclude.list --output /openlane/designs/alu/runs/RUN_2025.08.23_20.19.57/tmp/cts/cts-slowest.lib /Users/samprita/.ciel/sky130A/libs.ref/sky130_fd_sc_hd/lib/sky130_fd_sc_hd__ss_100C_1v60.lib"

Sat Aug 23 20:19:58 UTC 2025 - Executing "python3 /openlane/scripts/new_tracks.py -i /Users/samprita/.ciel/sky130A/libs.tech/openlane/sky130_fd_sc_hd/tracks.info -o /openlane/designs/alu/runs/RUN_2025.08.23_20.19.57/tmp/routing/config.tracks"

Sat Aug 23 20:19:58 UTC 2025 - Executing "echo {OpenLane 413d301090a476f8d34cf24dc2447da17dfab187} > /openlane/designs/alu/runs/RUN_2025.08.23_20.19.57/OPENLANE_COMMIT"

Sat Aug 23 20:19:58 UTC 2025 - Executing "bash -c {verilator  --lint-only  -Wall  --Wno-DECLFILENAME  --top-module alu  /openlane/designs/alu/src/alu.v -Wno-fatal --relative-includes |& tee /openlane/designs/alu/runs/RUN_2025.08.23_20.19.57/logs/synthesis/linter.log /dev/null}"

Sat Aug 23 20:19:58 UTC 2025 - Executing "sed -E {s/^([[:space:]]+)pg_pin(.*)/\1pin\2\n\1    direction : "inout";/g} /Users/samprita/.ciel/sky130A/libs.ref/sky130_fd_sc_hd/lib/sky130_fd_sc_hd__tt_025C_1v80.lib > /openlane/designs/alu/runs/RUN_2025.08.23_20.19.57/tmp/synthesis/1-sky130_fd_sc_hd__tt_025C_1v80.no_pg.lib"

Sat Aug 23 20:19:58 UTC 2025 - Executing "sed -E {s/^([[:space:]]+)pg_pin(.*)/\1pin\2\n\1    direction : "inout";/g} /openlane/designs/alu/runs/RUN_2025.08.23_20.19.57/tmp/synthesis/trimmed.lib > /openlane/designs/alu/runs/RUN_2025.08.23_20.19.57/tmp/synthesis/1-trimmed.no_pg.lib"

Sat Aug 23 20:19:58 UTC 2025 - Executing "yosys -c /openlane/scripts/yosys/synth.tcl |& tee /dev/null /openlane/designs/alu/runs/RUN_2025.08.23_20.19.57/logs/synthesis/1-synthesis.log"

Sat Aug 23 20:19:59 UTC 2025 - Executing "sed -i.bak -e {s/\(set ::env(CURRENT_NETLIST)\).*/\1 \/openlane\/designs\/alu\/runs\/RUN_2025.08.23_20.19.57\/results\/synthesis\/alu.v/} /openlane/designs/alu/runs/RUN_2025.08.23_20.19.57/config.tcl"

Sat Aug 23 20:19:59 UTC 2025 - Executing "sed -i.bak /defparam/d /openlane/designs/alu/runs/RUN_2025.08.23_20.19.57/results/synthesis/alu.v"

Sat Aug 23 20:19:59 UTC 2025 - Executing "sta -exit -no_init /openlane/scripts/openroad/sta/multi_corner.tcl |& tee /dev/null /openlane/designs/alu/runs/RUN_2025.08.23_20.19.57/logs/synthesis/2-sta.log"

Sat Aug 23 20:19:59 UTC 2025 - Executing "openroad -exit /openlane/scripts/openroad/floorplan.tcl |& tee /dev/null /openlane/designs/alu/runs/RUN_2025.08.23_20.19.57/logs/floorplan/3-initial_fp.log"

Sat Aug 23 20:19:59 UTC 2025 - Executing "openroad -exit -no_init -python /openlane/scripts/odbpy/snap_to_grid.py --output /openlane/designs/alu/runs/RUN_2025.08.23_20.19.57/tmp/floorplan/3-minimized_pdn.txt --input-lef /openlane/designs/alu/runs/RUN_2025.08.23_20.19.57/tmp/merged.nom.lef 5.175000000000001 5.1 10.350000000000001 10.2"

Sat Aug 23 20:20:00 UTC 2025 - Executing "openroad -exit -no_init -python /openlane/scripts/odbpy/defutil.py extract_core_dims --output-data /openlane/designs/alu/runs/RUN_2025.08.23_20.19.57/tmp/dimensions.txt --input-lef /openlane/designs/alu/runs/RUN_2025.08.23_20.19.57/tmp/merged.nom.lef /openlane/designs/alu/runs/RUN_2025.08.23_20.19.57/tmp/floorplan/3-initial_fp.def"

Sat Aug 23 20:20:00 UTC 2025 - Executing "openroad -exit /openlane/scripts/openroad/ioplacer.tcl |& tee /dev/null /openlane/designs/alu/runs/RUN_2025.08.23_20.19.57/logs/floorplan/4-io.log"

Sat Aug 23 20:20:00 UTC 2025 - Executing "openroad -exit /openlane/scripts/openroad/tapcell.tcl |& tee /dev/null /openlane/designs/alu/runs/RUN_2025.08.23_20.19.57/logs/floorplan/5-tap.log"

Sat Aug 23 20:20:00 UTC 2025 - Executing "openroad -exit /openlane/scripts/openroad/pdn.tcl |& tee /dev/null /openlane/designs/alu/runs/RUN_2025.08.23_20.19.57/logs/floorplan/6-pdn.log"

Sat Aug 23 20:20:01 UTC 2025 - Executing "openroad -exit /openlane/scripts/openroad/gpl.tcl |& tee /dev/null /openlane/designs/alu/runs/RUN_2025.08.23_20.19.57/logs/placement/7-global.log"

Sat Aug 23 20:20:01 UTC 2025 - Executing "sed -i.bak -e {s/\(set ::env(CURRENT_NETLIST)\).*/\1 \/openlane\/designs\/alu\/runs\/RUN_2025.08.23_20.19.57\/tmp\/placement\/7-global.nl.v/} /openlane/designs/alu/runs/RUN_2025.08.23_20.19.57/config.tcl"

Sat Aug 23 20:20:01 UTC 2025 - Executing "openroad -exit /openlane/scripts/openroad/sta/multi_corner.tcl |& tee /dev/null /openlane/designs/alu/runs/RUN_2025.08.23_20.19.57/logs/placement/8-gpl_sta.log"

Sat Aug 23 20:20:01 UTC 2025 - Executing "openroad -exit /openlane/scripts/openroad/resizer.tcl |& tee /dev/null /openlane/designs/alu/runs/RUN_2025.08.23_20.19.57/logs/placement/9-resizer.log"

Sat Aug 23 20:20:02 UTC 2025 - Executing "sed -i.bak -e {s/\(set ::env(CURRENT_NETLIST)\).*/\1 \/openlane\/designs\/alu\/runs\/RUN_2025.08.23_20.19.57\/tmp\/placement\/9-resizer.nl.v/} /openlane/designs/alu/runs/RUN_2025.08.23_20.19.57/config.tcl"

Sat Aug 23 20:20:02 UTC 2025 - Executing "openroad -exit /openlane/scripts/openroad/dpl.tcl |& tee /dev/null /openlane/designs/alu/runs/RUN_2025.08.23_20.19.57/logs/placement/10-detailed.log"

Sat Aug 23 20:20:02 UTC 2025 - Executing "sed -i.bak -e {s/\(set ::env(CURRENT_NETLIST)\).*/\1 \/openlane\/designs\/alu\/runs\/RUN_2025.08.23_20.19.57\/results\/placement\/alu.nl.v/} /openlane/designs/alu/runs/RUN_2025.08.23_20.19.57/config.tcl"

Sat Aug 23 20:20:02 UTC 2025 - Executing "openroad -exit /openlane/scripts/openroad/sta/multi_corner.tcl |& tee /dev/null /openlane/designs/alu/runs/RUN_2025.08.23_20.19.57/logs/placement/11-dpl_sta.log"

Sat Aug 23 20:20:03 UTC 2025 - Executing "openroad -exit /openlane/scripts/openroad/cts.tcl |& tee /dev/null /openlane/designs/alu/runs/RUN_2025.08.23_20.19.57/logs/cts/12-cts.log"

Sat Aug 23 20:20:16 UTC 2025 - Executing "openroad -exit /openlane/scripts/openroad/sta/multi_corner.tcl |& tee /dev/null /openlane/designs/alu/runs/RUN_2025.08.23_20.19.57/logs/cts/13-cts_sta.log"

Sat Aug 23 20:20:17 UTC 2025 - Executing "openroad -exit /openlane/scripts/openroad/resizer_timing.tcl |& tee /dev/null /openlane/designs/alu/runs/RUN_2025.08.23_20.19.57/logs/cts/14-resizer.log"

Sat Aug 23 20:20:17 UTC 2025 - Executing "sed -i.bak -e {s/\(set ::env(CURRENT_NETLIST)\).*/\1 \/openlane\/designs\/alu\/runs\/RUN_2025.08.23_20.19.57\/tmp\/cts\/14-alu.resized.nl.v/} /openlane/designs/alu/runs/RUN_2025.08.23_20.19.57/config.tcl"

Sat Aug 23 20:20:17 UTC 2025 - Executing "openroad -exit /openlane/scripts/openroad/resizer_routing_design.tcl |& tee /dev/null /openlane/designs/alu/runs/RUN_2025.08.23_20.19.57/logs/routing/15-resizer_design.log"

Sat Aug 23 20:20:18 UTC 2025 - Executing "sed -i.bak -e {s/\(set ::env(CURRENT_NETLIST)\).*/\1 \/openlane\/designs\/alu\/runs\/RUN_2025.08.23_20.19.57\/tmp\/15-alu.nl.v/} /openlane/designs/alu/runs/RUN_2025.08.23_20.19.57/config.tcl"

Sat Aug 23 20:20:18 UTC 2025 - Executing "openroad -exit /openlane/scripts/openroad/sta/multi_corner.tcl |& tee /dev/null /openlane/designs/alu/runs/RUN_2025.08.23_20.19.57/logs/routing/16-rsz_design_sta.log"

Sat Aug 23 20:20:18 UTC 2025 - Executing "openroad -exit /openlane/scripts/openroad/resizer_routing_timing.tcl |& tee /dev/null /openlane/designs/alu/runs/RUN_2025.08.23_20.19.57/logs/routing/17-resizer_timing.log"

Sat Aug 23 20:20:19 UTC 2025 - Executing "sed -i.bak -e {s/\(set ::env(CURRENT_NETLIST)\).*/\1 \/openlane\/designs\/alu\/runs\/RUN_2025.08.23_20.19.57\/tmp\/17-alu.nl.v/} /openlane/designs/alu/runs/RUN_2025.08.23_20.19.57/config.tcl"

Sat Aug 23 20:20:19 UTC 2025 - Executing "openroad -exit /openlane/scripts/openroad/sta/multi_corner.tcl |& tee /dev/null /openlane/designs/alu/runs/RUN_2025.08.23_20.19.57/logs/routing/18-rsz_timing_sta.log"

Sat Aug 23 20:20:19 UTC 2025 - Executing "openroad -exit /openlane/scripts/openroad/groute.tcl |& tee /dev/null /openlane/designs/alu/runs/RUN_2025.08.23_20.19.57/logs/routing/19-global.log"

Sat Aug 23 20:20:20 UTC 2025 - Executing "openroad -exit /openlane/scripts/openroad/write_views.tcl |& tee /dev/null /openlane/designs/alu/runs/RUN_2025.08.23_20.19.57/logs/routing/19-global_write_netlist.log"

Sat Aug 23 20:20:20 UTC 2025 - Executing "sed -i.bak -e {s/\(set ::env(CURRENT_NETLIST)\).*/\1 \/openlane\/designs\/alu\/runs\/RUN_2025.08.23_20.19.57\/tmp\/routing\/global.nl.v/} /openlane/designs/alu/runs/RUN_2025.08.23_20.19.57/config.tcl"

Sat Aug 23 20:20:20 UTC 2025 - Executing "openroad -exit /openlane/scripts/openroad/sta/multi_corner.tcl |& tee /dev/null /openlane/designs/alu/runs/RUN_2025.08.23_20.19.57/logs/routing/21-grt_sta.log"

Sat Aug 23 20:20:20 UTC 2025 - Executing "openroad -exit /openlane/scripts/openroad/fill.tcl |& tee /dev/null /openlane/designs/alu/runs/RUN_2025.08.23_20.19.57/logs/routing/22-fill.log"

Sat Aug 23 20:20:20 UTC 2025 - Executing "sed -i.bak -e {s/\(set ::env(CURRENT_NETLIST)\).*/\1 \/openlane\/designs\/alu\/runs\/RUN_2025.08.23_20.19.57\/tmp\/routing\/22-fill.nl.v/} /openlane/designs/alu/runs/RUN_2025.08.23_20.19.57/config.tcl"

Sat Aug 23 20:20:21 UTC 2025 - Executing "openroad -exit /openlane/scripts/openroad/droute.tcl |& tee /dev/null /openlane/designs/alu/runs/RUN_2025.08.23_20.19.57/logs/routing/23-detailed.log"

Sat Aug 23 20:20:26 UTC 2025 - Executing "sed -i.bak -e {s/\(set ::env(CURRENT_NETLIST)\).*/\1 \/openlane\/designs\/alu\/runs\/RUN_2025.08.23_20.19.57\/results\/routing\/alu.nl.v/} /openlane/designs/alu/runs/RUN_2025.08.23_20.19.57/config.tcl"

Sat Aug 23 20:20:26 UTC 2025 - Executing "python3 /openlane/scripts/drc_rosetta.py tr to_klayout -o /openlane/designs/alu/runs/RUN_2025.08.23_20.19.57/reports/routing/drt.klayout.xml --design-name alu /openlane/designs/alu/runs/RUN_2025.08.23_20.19.57/reports/routing/drt.drc"

Sat Aug 23 20:20:26 UTC 2025 - Executing "openroad -exit -no_init -python /openlane/scripts/odbpy/wire_lengths.py --report-out /openlane/designs/alu/runs/RUN_2025.08.23_20.19.57/reports/routing/24-wire_lengths.csv --input-lef /openlane/designs/alu/runs/RUN_2025.08.23_20.19.57/tmp/merged.nom.lef --output-def /dev/null --output /openlane/designs/alu/runs/RUN_2025.08.23_20.19.57/results/routing/alu.odb /openlane/designs/alu/runs/RUN_2025.08.23_20.19.57/results/routing/alu.odb |& tee /dev/null /openlane/designs/alu/runs/RUN_2025.08.23_20.19.57/logs/routing/24-wire_lengths.log"

Sat Aug 23 20:20:26 UTC 2025 - Executing "openroad -exit /openlane/scripts/openroad/rcx.tcl |& tee /dev/null /openlane/designs/alu/runs/RUN_2025.08.23_20.19.57/logs/signoff/25-parasitics_extraction.min.log"

Sat Aug 23 20:20:26 UTC 2025 - Executing "sta -exit -no_init /openlane/scripts/openroad/sta/multi_corner.tcl |& tee /dev/null /openlane/designs/alu/runs/RUN_2025.08.23_20.19.57/logs/signoff/26-rcx_mcsta.min.log"

Sat Aug 23 20:20:27 UTC 2025 - Executing "openroad -exit /openlane/scripts/openroad/rcx.tcl |& tee /dev/null /openlane/designs/alu/runs/RUN_2025.08.23_20.19.57/logs/signoff/27-parasitics_extraction.max.log"

Sat Aug 23 20:20:27 UTC 2025 - Executing "sta -exit -no_init /openlane/scripts/openroad/sta/multi_corner.tcl |& tee /dev/null /openlane/designs/alu/runs/RUN_2025.08.23_20.19.57/logs/signoff/28-rcx_mcsta.max.log"

Sat Aug 23 20:20:28 UTC 2025 - Executing "openroad -exit /openlane/scripts/openroad/rcx.tcl |& tee /dev/null /openlane/designs/alu/runs/RUN_2025.08.23_20.19.57/logs/signoff/29-parasitics_extraction.nom.log"

Sat Aug 23 20:20:28 UTC 2025 - Executing "sta -exit -no_init /openlane/scripts/openroad/sta/multi_corner.tcl |& tee /dev/null /openlane/designs/alu/runs/RUN_2025.08.23_20.19.57/logs/signoff/30-rcx_mcsta.nom.log"

Sat Aug 23 20:20:29 UTC 2025 - Executing "sta -exit -no_init /openlane/scripts/openroad/sta/multi_corner.tcl |& tee /dev/null /openlane/designs/alu/runs/RUN_2025.08.23_20.19.57/logs/signoff/31-rcx_sta.log"

Sat Aug 23 20:20:29 UTC 2025 - Executing "openroad -exit /openlane/scripts/openroad/irdrop.tcl |& tee /dev/null /openlane/designs/alu/runs/RUN_2025.08.23_20.19.57/logs/signoff/32-irdrop.log"

Sat Aug 23 20:20:29 UTC 2025 - Executing "magic -noconsole -dnull -rcfile /Users/samprita/.ciel/sky130A/libs.tech/magic/sky130A.magicrc < /openlane/scripts/magic/wrapper.tcl |& tee /dev/null /openlane/designs/alu/runs/RUN_2025.08.23_20.19.57/logs/signoff/33-gdsii.log"

Sat Aug 23 20:20:30 UTC 2025 - Executing "magic -noconsole -dnull -rcfile /Users/samprita/.ciel/sky130A/libs.tech/magic/sky130A.magicrc < /openlane/scripts/magic/wrapper.tcl |& tee /dev/null /openlane/designs/alu/runs/RUN_2025.08.23_20.19.57/logs/signoff/33-gds_ptrs.log"

Sat Aug 23 20:20:30 UTC 2025 - Executing "sed -i.bak -n {/^<< properties >>/,/^<< end >>/p} /openlane/designs/alu/runs/RUN_2025.08.23_20.19.57/tmp/signoff/gds_ptrs.mag"

Sat Aug 23 20:20:30 UTC 2025 - Executing "magic -noconsole -dnull -rcfile /Users/samprita/.ciel/sky130A/libs.tech/magic/sky130A.magicrc < /openlane/scripts/magic/wrapper.tcl |& tee /dev/null /openlane/designs/alu/runs/RUN_2025.08.23_20.19.57/logs/signoff/33-lef.log"

Sat Aug 23 20:20:30 UTC 2025 - Executing "magic -noconsole -dnull -rcfile /Users/samprita/.ciel/sky130A/libs.tech/magic/sky130A.magicrc < /openlane/scripts/magic/wrapper.tcl |& tee /dev/null /openlane/designs/alu/runs/RUN_2025.08.23_20.19.57/logs/signoff/33-maglef.log"

Sat Aug 23 20:20:30 UTC 2025 - Executing "python3 /openlane/scripts/klayout/stream_out.py --output /openlane/designs/alu/runs/RUN_2025.08.23_20.19.57/results/signoff/alu.klayout.gds --lyt /Users/samprita/.ciel/sky130A/libs.tech/klayout/tech/sky130A.lyt --lym /Users/samprita/.ciel/sky130A/libs.tech/klayout/tech/sky130A.map --lyp /Users/samprita/.ciel/sky130A/libs.tech/klayout/tech/sky130A.lyp --top alu --with-gds-file /Users/samprita/.ciel/sky130A/libs.ref/sky130_fd_sc_hd/gds/sky130_fd_sc_hd.gds --input-lef /openlane/designs/alu/runs/RUN_2025.08.23_20.19.57/tmp/merged.nom.lef /openlane/designs/alu/runs/RUN_2025.08.23_20.19.57/results/routing/alu.def |& tee /dev/null /openlane/designs/alu/runs/RUN_2025.08.23_20.19.57/logs/signoff/34-gdsii-klayout.log"

Sat Aug 23 20:20:31 UTC 2025 - Executing "klayout -b -r /openlane/scripts/klayout/xor.drc -rd a=/openlane/designs/alu/runs/RUN_2025.08.23_20.19.57/results/signoff/alu.gds -rd b=/openlane/designs/alu/runs/RUN_2025.08.23_20.19.57/results/signoff/alu.klayout.gds -rd jobs=1 -rd rdb_out=/openlane/designs/alu/runs/RUN_2025.08.23_20.19.57/reports/signoff/35-xor.xml -rd ignore=81/14 -rd rpt_out=/openlane/designs/alu/runs/RUN_2025.08.23_20.19.57/reports/signoff/35-xor.rpt |& tee /dev/null /openlane/designs/alu/runs/RUN_2025.08.23_20.19.57/logs/signoff/35-xor.log"

Sat Aug 23 20:20:31 UTC 2025 - Executing "magic -noconsole -dnull -rcfile /Users/samprita/.ciel/sky130A/libs.tech/magic/sky130A.magicrc < /openlane/scripts/magic/wrapper.tcl |& tee /dev/null /openlane/designs/alu/runs/RUN_2025.08.23_20.19.57/logs/signoff/36-spice.log"

Sat Aug 23 20:20:31 UTC 2025 - Executing "openroad -exit -no_init -python /openlane/scripts/odbpy/power_utils.py write_powered_def --output /openlane/designs/alu/runs/RUN_2025.08.23_20.19.57/tmp/signoff/36-alu.p.def --input-lef /openlane/designs/alu/runs/RUN_2025.08.23_20.19.57/tmp/merged.nom.lef --power-port VPWR --ground-port VGND --powered-netlist {} /openlane/designs/alu/runs/RUN_2025.08.23_20.19.57/results/routing/alu.def |& tee /dev/null /openlane/designs/alu/runs/RUN_2025.08.23_20.19.57/logs/signoff/37-write_powered_def.log"

Sat Aug 23 20:20:31 UTC 2025 - Executing "openroad -exit /openlane/scripts/openroad/write_views.tcl |& tee /dev/null /openlane/designs/alu/runs/RUN_2025.08.23_20.19.57/logs/signoff/37-write_powered_verilog.log"

Sat Aug 23 20:20:32 UTC 2025 - Executing "sed -i.bak -e {s/\(set ::env(CURRENT_NETLIST)\).*/\1 \/openlane\/designs\/alu\/runs\/RUN_2025.08.23_20.19.57\/tmp\/signoff\/36-alu.nl.v/} /openlane/designs/alu/runs/RUN_2025.08.23_20.19.57/config.tcl"

Sat Aug 23 20:20:32 UTC 2025 - Executing "netgen -batch source /openlane/designs/alu/runs/RUN_2025.08.23_20.19.57/tmp/signoff/39-setup_file.lef.lvs |& tee /dev/null /openlane/designs/alu/runs/RUN_2025.08.23_20.19.57/logs/signoff/39-lvs.lef.log"

Sat Aug 23 20:20:32 UTC 2025 - Executing "magic -noconsole -dnull -rcfile /Users/samprita/.ciel/sky130A/libs.tech/magic/sky130A.magicrc < /openlane/scripts/magic/wrapper.tcl |& tee /dev/null /openlane/designs/alu/runs/RUN_2025.08.23_20.19.57/logs/signoff/40-drc.log"

Sat Aug 23 20:20:32 UTC 2025 - Executing "python3 /openlane/scripts/drc_rosetta.py magic to_tcl -o /openlane/designs/alu/runs/RUN_2025.08.23_20.19.57/reports/signoff/drc.tcl /openlane/designs/alu/runs/RUN_2025.08.23_20.19.57/reports/signoff/drc.rpt"

Sat Aug 23 20:20:33 UTC 2025 - Executing "python3 /openlane/scripts/drc_rosetta.py magic to_tr -o /openlane/designs/alu/runs/RUN_2025.08.23_20.19.57/reports/signoff/drc.tr /openlane/designs/alu/runs/RUN_2025.08.23_20.19.57/reports/signoff/drc.rpt"

Sat Aug 23 20:20:33 UTC 2025 - Executing "python3 /openlane/scripts/drc_rosetta.py tr to_klayout -o /openlane/designs/alu/runs/RUN_2025.08.23_20.19.57/reports/signoff/drc.klayout.xml --design-name alu /openlane/designs/alu/runs/RUN_2025.08.23_20.19.57/reports/signoff/drc.tr"

Sat Aug 23 20:20:33 UTC 2025 - Executing "python3 /openlane/scripts/drc_rosetta.py magic to_rdb -o /openlane/designs/alu/runs/RUN_2025.08.23_20.19.57/reports/signoff/drc.rdb /openlane/designs/alu/runs/RUN_2025.08.23_20.19.57/reports/signoff/drc.rpt"

Sat Aug 23 20:20:33 UTC 2025 - Executing "openroad -exit /openlane/scripts/openroad/antenna_check.tcl |& tee /dev/null /openlane/designs/alu/runs/RUN_2025.08.23_20.19.57/logs/signoff/41-arc.log"

Sat Aug 23 20:20:33 UTC 2025 - Executing "python3 /openlane/scripts/extract_antenna_violators.py --output /openlane/designs/alu/runs/RUN_2025.08.23_20.19.57/reports/signoff/41-antenna_violators.rpt --plain-out /openlane/designs/alu/runs/RUN_2025.08.23_20.19.57/reports/signoff/41-antenna_violators_pins.txt /openlane/designs/alu/runs/RUN_2025.08.23_20.19.57/logs/signoff/41-arc.log"

Sat Aug 23 20:20:33 UTC 2025 - Executing "awk -v vdd=VPWR -v gnd=VGND -f /Users/samprita/.ciel/sky130A/libs.tech/openlane/cvc/power.awk /openlane/designs/alu/runs/RUN_2025.08.23_20.19.57/tmp/signoff/36-alu.nl.v > /openlane/designs/alu/runs/RUN_2025.08.23_20.19.57/tmp/signoff/alu.power"

Sat Aug 23 20:20:33 UTC 2025 - Executing "awk -f /Users/samprita/.ciel/sky130A/libs.tech/openlane/cvc/cdl.awk /Users/samprita/.ciel/sky130A/libs.ref/sky130_fd_sc_hd/cdl/sky130_fd_sc_hd.cdl /openlane/designs/alu/runs/RUN_2025.08.23_20.19.57/results/signoff/alu.lef.spice > /openlane/designs/alu/runs/RUN_2025.08.23_20.19.57/tmp/signoff/alu.cdl"

Sat Aug 23 20:20:33 UTC 2025 - Executing "cvc_rv /Users/samprita/.ciel/sky130A/libs.tech/openlane/cvc/cvcrc |& tee /dev/null /openlane/designs/alu/runs/RUN_2025.08.23_20.19.57/logs/signoff/42-erc_screen.log"

