
===========================================================================
report_checks -path_delay min (Hold)
============================================================================
======================= Fastest Corner ===================================

Startpoint: a[0] (input port clocked by clk)
Endpoint: result[0] (output port clocked by clk)
Path Group: clk
Path Type: min
Corner: Fastest

Fanout     Cap    Slew   Delay    Time   Description
-----------------------------------------------------------------------------
                  0.00    0.00    0.00   clock clk (rise edge)
                          0.00    0.00   clock network delay (ideal)
                          2.00    2.00 v input external delay
                  0.01    0.00    2.00 v a[0] (in)
     1    0.00                           a[0] (net)
                  0.01    0.00    2.00 v input1/A (sky130_fd_sc_hd__buf_1)
                  0.06    0.08    2.08 v input1/X (sky130_fd_sc_hd__buf_1)
     4    0.01                           net1 (net)
                  0.06    0.00    2.08 v _088_/A1 (sky130_fd_sc_hd__o21a_1)
                  0.02    0.12    2.20 v _088_/X (sky130_fd_sc_hd__o21a_1)
     1    0.00                           net20 (net)
                  0.02    0.00    2.20 v output20/A (sky130_fd_sc_hd__clkbuf_4)
                  0.06    0.11    2.31 v output20/X (sky130_fd_sc_hd__clkbuf_4)
     1    0.03                           result[0] (net)
                  0.06    0.00    2.31 v result[0] (out)
                                  2.31   data arrival time

                  0.00    0.00    0.00   clock clk (rise edge)
                          0.00    0.00   clock network delay (ideal)
                          0.25    0.25   clock uncertainty
                          0.00    0.25   clock reconvergence pessimism
                         -2.00   -1.75   output external delay
                                 -1.75   data required time
-----------------------------------------------------------------------------
                                 -1.75   data required time
                                 -2.31   data arrival time
-----------------------------------------------------------------------------
                                  4.06   slack (MET)


Startpoint: a[2] (input port clocked by clk)
Endpoint: result[2] (output port clocked by clk)
Path Group: clk
Path Type: min
Corner: Fastest

Fanout     Cap    Slew   Delay    Time   Description
-----------------------------------------------------------------------------
                  0.00    0.00    0.00   clock clk (rise edge)
                          0.00    0.00   clock network delay (ideal)
                          2.00    2.00 ^ input external delay
                  0.02    0.01    2.01 ^ a[2] (in)
     1    0.00                           a[2] (net)
                  0.02    0.00    2.01 ^ input3/A (sky130_fd_sc_hd__clkbuf_2)
                  0.11    0.11    2.12 ^ input3/X (sky130_fd_sc_hd__clkbuf_2)
     6    0.03                           net3 (net)
                  0.11    0.00    2.13 ^ _116_/A1 (sky130_fd_sc_hd__a311o_1)
                  0.03    0.10    2.22 ^ _116_/X (sky130_fd_sc_hd__a311o_1)
     1    0.00                           net22 (net)
                  0.03    0.00    2.22 ^ output22/A (sky130_fd_sc_hd__clkbuf_4)
                  0.08    0.12    2.34 ^ output22/X (sky130_fd_sc_hd__clkbuf_4)
     1    0.03                           result[2] (net)
                  0.08    0.00    2.34 ^ result[2] (out)
                                  2.34   data arrival time

                  0.00    0.00    0.00   clock clk (rise edge)
                          0.00    0.00   clock network delay (ideal)
                          0.25    0.25   clock uncertainty
                          0.00    0.25   clock reconvergence pessimism
                         -2.00   -1.75   output external delay
                                 -1.75   data required time
-----------------------------------------------------------------------------
                                 -1.75   data required time
                                 -2.34   data arrival time
-----------------------------------------------------------------------------
                                  4.09   slack (MET)


Startpoint: b[3] (input port clocked by clk)
Endpoint: result[3] (output port clocked by clk)
Path Group: clk
Path Type: min
Corner: Fastest

Fanout     Cap    Slew   Delay    Time   Description
-----------------------------------------------------------------------------
                  0.00    0.00    0.00   clock clk (rise edge)
                          0.00    0.00   clock network delay (ideal)
                          2.00    2.00 ^ input external delay
                  0.01    0.01    2.01 ^ b[3] (in)
     1    0.00                           b[3] (net)
                  0.01    0.00    2.01 ^ input12/A (sky130_fd_sc_hd__clkbuf_2)
                  0.10    0.10    2.11 ^ input12/X (sky130_fd_sc_hd__clkbuf_2)
     5    0.02                           net12 (net)
                  0.10    0.00    2.11 ^ _127_/A2 (sky130_fd_sc_hd__a311o_1)
                  0.05    0.11    2.22 ^ _127_/X (sky130_fd_sc_hd__a311o_1)
     1    0.01                           net23 (net)
                  0.05    0.00    2.22 ^ output23/A (sky130_fd_sc_hd__clkbuf_4)
                  0.08    0.12    2.35 ^ output23/X (sky130_fd_sc_hd__clkbuf_4)
     1    0.03                           result[3] (net)
                  0.08    0.00    2.35 ^ result[3] (out)
                                  2.35   data arrival time

                  0.00    0.00    0.00   clock clk (rise edge)
                          0.00    0.00   clock network delay (ideal)
                          0.25    0.25   clock uncertainty
                          0.00    0.25   clock reconvergence pessimism
                         -2.00   -1.75   output external delay
                                 -1.75   data required time
-----------------------------------------------------------------------------
                                 -1.75   data required time
                                 -2.35   data arrival time
-----------------------------------------------------------------------------
                                  4.10   slack (MET)


Startpoint: b[1] (input port clocked by clk)
Endpoint: result[1] (output port clocked by clk)
Path Group: clk
Path Type: min
Corner: Fastest

Fanout     Cap    Slew   Delay    Time   Description
-----------------------------------------------------------------------------
                  0.00    0.00    0.00   clock clk (rise edge)
                          0.00    0.00   clock network delay (ideal)
                          2.00    2.00 ^ input external delay
                  0.02    0.01    2.01 ^ b[1] (in)
     1    0.00                           b[1] (net)
                  0.02    0.00    2.01 ^ input10/A (sky130_fd_sc_hd__clkbuf_2)
                  0.11    0.11    2.12 ^ input10/X (sky130_fd_sc_hd__clkbuf_2)
     7    0.02                           net10 (net)
                  0.11    0.00    2.12 ^ _105_/A2 (sky130_fd_sc_hd__a31o_1)
                  0.03    0.09    2.21 ^ _105_/X (sky130_fd_sc_hd__a31o_1)
     1    0.00                           _038_ (net)
                  0.03    0.00    2.21 ^ _106_/B1 (sky130_fd_sc_hd__a21o_1)
                  0.02    0.04    2.25 ^ _106_/X (sky130_fd_sc_hd__a21o_1)
     1    0.00                           net21 (net)
                  0.02    0.00    2.25 ^ output21/A (sky130_fd_sc_hd__clkbuf_4)
                  0.09    0.12    2.37 ^ output21/X (sky130_fd_sc_hd__clkbuf_4)
     1    0.03                           result[1] (net)
                  0.09    0.00    2.37 ^ result[1] (out)
                                  2.37   data arrival time

                  0.00    0.00    0.00   clock clk (rise edge)
                          0.00    0.00   clock network delay (ideal)
                          0.25    0.25   clock uncertainty
                          0.00    0.25   clock reconvergence pessimism
                         -2.00   -1.75   output external delay
                                 -1.75   data required time
-----------------------------------------------------------------------------
                                 -1.75   data required time
                                 -2.37   data arrival time
-----------------------------------------------------------------------------
                                  4.12   slack (MET)


Startpoint: a[7] (input port clocked by clk)
Endpoint: result[7] (output port clocked by clk)
Path Group: clk
Path Type: min
Corner: Fastest

Fanout     Cap    Slew   Delay    Time   Description
-----------------------------------------------------------------------------
                  0.00    0.00    0.00   clock clk (rise edge)
                          0.00    0.00   clock network delay (ideal)
                          2.00    2.00 v input external delay
                  0.01    0.00    2.00 v a[7] (in)
     1    0.00                           a[7] (net)
                  0.01    0.00    2.00 v input8/A (sky130_fd_sc_hd__buf_1)
                  0.06    0.08    2.08 v input8/X (sky130_fd_sc_hd__buf_1)
     4    0.01                           net8 (net)
                  0.06    0.00    2.08 v _174_/A1 (sky130_fd_sc_hd__o22a_1)
                  0.03    0.13    2.21 v _174_/X (sky130_fd_sc_hd__o22a_1)
     1    0.00                           _017_ (net)
                  0.03    0.00    2.21 v _175_/B1 (sky130_fd_sc_hd__a31o_1)
                  0.02    0.06    2.27 v _175_/X (sky130_fd_sc_hd__a31o_1)
     1    0.00                           net27 (net)
                  0.02    0.00    2.27 v output27/A (sky130_fd_sc_hd__buf_2)
                  0.06    0.11    2.38 v output27/X (sky130_fd_sc_hd__buf_2)
     1    0.03                           result[7] (net)
                  0.06    0.00    2.38 v result[7] (out)
                                  2.38   data arrival time

                  0.00    0.00    0.00   clock clk (rise edge)
                          0.00    0.00   clock network delay (ideal)
                          0.25    0.25   clock uncertainty
                          0.00    0.25   clock reconvergence pessimism
                         -2.00   -1.75   output external delay
                                 -1.75   data required time
-----------------------------------------------------------------------------
                                 -1.75   data required time
                                 -2.38   data arrival time
-----------------------------------------------------------------------------
                                  4.13   slack (MET)


Startpoint: b[5] (input port clocked by clk)
Endpoint: result[5] (output port clocked by clk)
Path Group: clk
Path Type: min
Corner: Fastest

Fanout     Cap    Slew   Delay    Time   Description
-----------------------------------------------------------------------------
                  0.00    0.00    0.00   clock clk (rise edge)
                          0.00    0.00   clock network delay (ideal)
                          2.00    2.00 ^ input external delay
                  0.02    0.01    2.01 ^ b[5] (in)
     1    0.00                           b[5] (net)
                  0.02    0.00    2.01 ^ input14/A (sky130_fd_sc_hd__clkbuf_2)
                  0.11    0.11    2.12 ^ input14/X (sky130_fd_sc_hd__clkbuf_2)
     6    0.03                           net14 (net)
                  0.11    0.00    2.12 ^ _152_/A2 (sky130_fd_sc_hd__a31o_1)
                  0.03    0.09    2.21 ^ _152_/X (sky130_fd_sc_hd__a31o_1)
     1    0.00                           _081_ (net)
                  0.03    0.00    2.21 ^ _153_/B1 (sky130_fd_sc_hd__a21o_1)
                  0.04    0.05    2.27 ^ _153_/X (sky130_fd_sc_hd__a21o_1)
     1    0.01                           net25 (net)
                  0.04    0.00    2.27 ^ output25/A (sky130_fd_sc_hd__clkbuf_4)
                  0.08    0.12    2.39 ^ output25/X (sky130_fd_sc_hd__clkbuf_4)
     1    0.03                           result[5] (net)
                  0.08    0.00    2.39 ^ result[5] (out)
                                  2.39   data arrival time

                  0.00    0.00    0.00   clock clk (rise edge)
                          0.00    0.00   clock network delay (ideal)
                          0.25    0.25   clock uncertainty
                          0.00    0.25   clock reconvergence pessimism
                         -2.00   -1.75   output external delay
                                 -1.75   data required time
-----------------------------------------------------------------------------
                                 -1.75   data required time
                                 -2.39   data arrival time
-----------------------------------------------------------------------------
                                  4.14   slack (MET)


Startpoint: a[4] (input port clocked by clk)
Endpoint: result[4] (output port clocked by clk)
Path Group: clk
Path Type: min
Corner: Fastest

Fanout     Cap    Slew   Delay    Time   Description
-----------------------------------------------------------------------------
                  0.00    0.00    0.00   clock clk (rise edge)
                          0.00    0.00   clock network delay (ideal)
                          2.00    2.00 ^ input external delay
                  0.01    0.01    2.01 ^ a[4] (in)
     1    0.00                           a[4] (net)
                  0.01    0.00    2.01 ^ input5/A (sky130_fd_sc_hd__clkbuf_2)
                  0.09    0.10    2.11 ^ input5/X (sky130_fd_sc_hd__clkbuf_2)
     5    0.02                           net5 (net)
                  0.09    0.00    2.11 ^ _137_/A1 (sky130_fd_sc_hd__a31o_1)
                  0.04    0.09    2.19 ^ _137_/X (sky130_fd_sc_hd__a31o_1)
     1    0.00                           _067_ (net)
                  0.04    0.00    2.19 ^ _138_/B1 (sky130_fd_sc_hd__a31o_1)
                  0.06    0.07    2.26 ^ _138_/X (sky130_fd_sc_hd__a31o_1)
     1    0.01                           net24 (net)
                  0.06    0.00    2.26 ^ output24/A (sky130_fd_sc_hd__clkbuf_4)
                  0.08    0.13    2.39 ^ output24/X (sky130_fd_sc_hd__clkbuf_4)
     1    0.03                           result[4] (net)
                  0.08    0.00    2.39 ^ result[4] (out)
                                  2.39   data arrival time

                  0.00    0.00    0.00   clock clk (rise edge)
                          0.00    0.00   clock network delay (ideal)
                          0.25    0.25   clock uncertainty
                          0.00    0.25   clock reconvergence pessimism
                         -2.00   -1.75   output external delay
                                 -1.75   data required time
-----------------------------------------------------------------------------
                                 -1.75   data required time
                                 -2.39   data arrival time
-----------------------------------------------------------------------------
                                  4.14   slack (MET)


Startpoint: b[6] (input port clocked by clk)
Endpoint: result[6] (output port clocked by clk)
Path Group: clk
Path Type: min
Corner: Fastest

Fanout     Cap    Slew   Delay    Time   Description
-----------------------------------------------------------------------------
                  0.00    0.00    0.00   clock clk (rise edge)
                          0.00    0.00   clock network delay (ideal)
                          2.00    2.00 ^ input external delay
                  0.02    0.01    2.01 ^ b[6] (in)
     1    0.00                           b[6] (net)
                  0.02    0.00    2.01 ^ input15/A (sky130_fd_sc_hd__clkbuf_2)
                  0.09    0.10    2.11 ^ input15/X (sky130_fd_sc_hd__clkbuf_2)
     5    0.02                           net15 (net)
                  0.09    0.00    2.11 ^ _163_/A2 (sky130_fd_sc_hd__a31o_1)
                  0.03    0.09    2.20 ^ _163_/X (sky130_fd_sc_hd__a31o_1)
     1    0.00                           _007_ (net)
                  0.03    0.00    2.20 ^ _164_/B1 (sky130_fd_sc_hd__a21o_1)
                  0.06    0.07    2.26 ^ _164_/X (sky130_fd_sc_hd__a21o_1)
     1    0.01                           net26 (net)
                  0.06    0.00    2.26 ^ output26/A (sky130_fd_sc_hd__clkbuf_4)
                  0.09    0.13    2.39 ^ output26/X (sky130_fd_sc_hd__clkbuf_4)
     1    0.04                           result[6] (net)
                  0.09    0.00    2.40 ^ result[6] (out)
                                  2.40   data arrival time

                  0.00    0.00    0.00   clock clk (rise edge)
                          0.00    0.00   clock network delay (ideal)
                          0.25    0.25   clock uncertainty
                          0.00    0.25   clock reconvergence pessimism
                         -2.00   -1.75   output external delay
                                 -1.75   data required time
-----------------------------------------------------------------------------
                                 -1.75   data required time
                                 -2.40   data arrival time
-----------------------------------------------------------------------------
                                  4.15   slack (MET)



======================= Slowest Corner ===================================

Startpoint: b[0] (input port clocked by clk)
Endpoint: result[0] (output port clocked by clk)
Path Group: clk
Path Type: min
Corner: Slowest

Fanout     Cap    Slew   Delay    Time   Description
-----------------------------------------------------------------------------
                  0.00    0.00    0.00   clock clk (rise edge)
                          0.00    0.00   clock network delay (ideal)
                          2.00    2.00 ^ input external delay
                  0.04    0.02    2.02 ^ b[0] (in)
     1    0.00                           b[0] (net)
                  0.04    0.00    2.02 ^ input9/A (sky130_fd_sc_hd__buf_2)
                  0.25    0.30    2.32 ^ input9/X (sky130_fd_sc_hd__buf_2)
     8    0.03                           net9 (net)
                  0.25    0.00    2.32 ^ _088_/A2 (sky130_fd_sc_hd__o21a_1)
                  0.07    0.26    2.58 ^ _088_/X (sky130_fd_sc_hd__o21a_1)
     1    0.00                           net20 (net)
                  0.07    0.00    2.58 ^ output20/A (sky130_fd_sc_hd__clkbuf_4)
                  0.18    0.31    2.89 ^ output20/X (sky130_fd_sc_hd__clkbuf_4)
     1    0.03                           result[0] (net)
                  0.18    0.00    2.89 ^ result[0] (out)
                                  2.89   data arrival time

                  0.00    0.00    0.00   clock clk (rise edge)
                          0.00    0.00   clock network delay (ideal)
                          0.25    0.25   clock uncertainty
                          0.00    0.25   clock reconvergence pessimism
                         -2.00   -1.75   output external delay
                                 -1.75   data required time
-----------------------------------------------------------------------------
                                 -1.75   data required time
                                 -2.89   data arrival time
-----------------------------------------------------------------------------
                                  4.64   slack (MET)


Startpoint: a[2] (input port clocked by clk)
Endpoint: result[2] (output port clocked by clk)
Path Group: clk
Path Type: min
Corner: Slowest

Fanout     Cap    Slew   Delay    Time   Description
-----------------------------------------------------------------------------
                  0.00    0.00    0.00   clock clk (rise edge)
                          0.00    0.00   clock network delay (ideal)
                          2.00    2.00 ^ input external delay
                  0.04    0.02    2.02 ^ a[2] (in)
     1    0.00                           a[2] (net)
                  0.04    0.00    2.02 ^ input3/A (sky130_fd_sc_hd__clkbuf_2)
                  0.23    0.28    2.30 ^ input3/X (sky130_fd_sc_hd__clkbuf_2)
     6    0.03                           net3 (net)
                  0.23    0.00    2.30 ^ _116_/A1 (sky130_fd_sc_hd__a311o_1)
                  0.08    0.35    2.66 ^ _116_/X (sky130_fd_sc_hd__a311o_1)
     1    0.00                           net22 (net)
                  0.08    0.00    2.66 ^ output22/A (sky130_fd_sc_hd__clkbuf_4)
                  0.18    0.32    2.97 ^ output22/X (sky130_fd_sc_hd__clkbuf_4)
     1    0.03                           result[2] (net)
                  0.18    0.00    2.97 ^ result[2] (out)
                                  2.97   data arrival time

                  0.00    0.00    0.00   clock clk (rise edge)
                          0.00    0.00   clock network delay (ideal)
                          0.25    0.25   clock uncertainty
                          0.00    0.25   clock reconvergence pessimism
                         -2.00   -1.75   output external delay
                                 -1.75   data required time
-----------------------------------------------------------------------------
                                 -1.75   data required time
                                 -2.97   data arrival time
-----------------------------------------------------------------------------
                                  4.72   slack (MET)


Startpoint: b[3] (input port clocked by clk)
Endpoint: result[3] (output port clocked by clk)
Path Group: clk
Path Type: min
Corner: Slowest

Fanout     Cap    Slew   Delay    Time   Description
-----------------------------------------------------------------------------
                  0.00    0.00    0.00   clock clk (rise edge)
                          0.00    0.00   clock network delay (ideal)
                          2.00    2.00 ^ input external delay
                  0.03    0.02    2.02 ^ b[3] (in)
     1    0.00                           b[3] (net)
                  0.03    0.00    2.02 ^ input12/A (sky130_fd_sc_hd__clkbuf_2)
                  0.20    0.25    2.27 ^ input12/X (sky130_fd_sc_hd__clkbuf_2)
     5    0.02                           net12 (net)
                  0.20    0.00    2.27 ^ _127_/A2 (sky130_fd_sc_hd__a311o_1)
                  0.11    0.39    2.67 ^ _127_/X (sky130_fd_sc_hd__a311o_1)
     1    0.01                           net23 (net)
                  0.11    0.00    2.67 ^ output23/A (sky130_fd_sc_hd__clkbuf_4)
                  0.18    0.33    3.00 ^ output23/X (sky130_fd_sc_hd__clkbuf_4)
     1    0.03                           result[3] (net)
                  0.18    0.00    3.00 ^ result[3] (out)
                                  3.00   data arrival time

                  0.00    0.00    0.00   clock clk (rise edge)
                          0.00    0.00   clock network delay (ideal)
                          0.25    0.25   clock uncertainty
                          0.00    0.25   clock reconvergence pessimism
                         -2.00   -1.75   output external delay
                                 -1.75   data required time
-----------------------------------------------------------------------------
                                 -1.75   data required time
                                 -3.00   data arrival time
-----------------------------------------------------------------------------
                                  4.75   slack (MET)


Startpoint: op[1] (input port clocked by clk)
Endpoint: result[1] (output port clocked by clk)
Path Group: clk
Path Type: min
Corner: Slowest

Fanout     Cap    Slew   Delay    Time   Description
-----------------------------------------------------------------------------
                  0.00    0.00    0.00   clock clk (rise edge)
                          0.00    0.00   clock network delay (ideal)
                          2.00    2.00 ^ input external delay
                  0.03    0.02    2.02 ^ op[1] (in)
     1    0.00                           op[1] (net)
                  0.03    0.00    2.02 ^ input18/A (sky130_fd_sc_hd__clkbuf_2)
                  0.17    0.23    2.25 ^ input18/X (sky130_fd_sc_hd__clkbuf_2)
     6    0.02                           net18 (net)
                  0.17    0.00    2.25 ^ _089_/B (sky130_fd_sc_hd__nor2_2)
                  0.14    0.18    2.43 v _089_/Y (sky130_fd_sc_hd__nor2_2)
     7    0.03                           _022_ (net)
                  0.14    0.00    2.43 v _106_/A1 (sky130_fd_sc_hd__a21o_1)
                  0.05    0.29    2.73 v _106_/X (sky130_fd_sc_hd__a21o_1)
     1    0.00                           net21 (net)
                  0.05    0.00    2.73 v output21/A (sky130_fd_sc_hd__clkbuf_4)
                  0.14    0.30    3.03 v output21/X (sky130_fd_sc_hd__clkbuf_4)
     1    0.03                           result[1] (net)
                  0.14    0.00    3.03 v result[1] (out)
                                  3.03   data arrival time

                  0.00    0.00    0.00   clock clk (rise edge)
                          0.00    0.00   clock network delay (ideal)
                          0.25    0.25   clock uncertainty
                          0.00    0.25   clock reconvergence pessimism
                         -2.00   -1.75   output external delay
                                 -1.75   data required time
-----------------------------------------------------------------------------
                                 -1.75   data required time
                                 -3.03   data arrival time
-----------------------------------------------------------------------------
                                  4.78   slack (MET)


Startpoint: op[1] (input port clocked by clk)
Endpoint: result[7] (output port clocked by clk)
Path Group: clk
Path Type: min
Corner: Slowest

Fanout     Cap    Slew   Delay    Time   Description
-----------------------------------------------------------------------------
                  0.00    0.00    0.00   clock clk (rise edge)
                          0.00    0.00   clock network delay (ideal)
                          2.00    2.00 ^ input external delay
                  0.03    0.02    2.02 ^ op[1] (in)
     1    0.00                           op[1] (net)
                  0.03    0.00    2.02 ^ input18/A (sky130_fd_sc_hd__clkbuf_2)
                  0.17    0.23    2.25 ^ input18/X (sky130_fd_sc_hd__clkbuf_2)
     6    0.02                           net18 (net)
                  0.17    0.00    2.25 ^ _089_/B (sky130_fd_sc_hd__nor2_2)
                  0.14    0.18    2.43 v _089_/Y (sky130_fd_sc_hd__nor2_2)
     7    0.03                           _022_ (net)
                  0.14    0.00    2.43 v _175_/A1 (sky130_fd_sc_hd__a31o_1)
                  0.06    0.33    2.76 v _175_/X (sky130_fd_sc_hd__a31o_1)
     1    0.00                           net27 (net)
                  0.06    0.00    2.76 v output27/A (sky130_fd_sc_hd__buf_2)
                  0.17    0.32    3.08 v output27/X (sky130_fd_sc_hd__buf_2)
     1    0.03                           result[7] (net)
                  0.17    0.00    3.08 v result[7] (out)
                                  3.08   data arrival time

                  0.00    0.00    0.00   clock clk (rise edge)
                          0.00    0.00   clock network delay (ideal)
                          0.25    0.25   clock uncertainty
                          0.00    0.25   clock reconvergence pessimism
                         -2.00   -1.75   output external delay
                                 -1.75   data required time
-----------------------------------------------------------------------------
                                 -1.75   data required time
                                 -3.08   data arrival time
-----------------------------------------------------------------------------
                                  4.83   slack (MET)


Startpoint: b[5] (input port clocked by clk)
Endpoint: result[5] (output port clocked by clk)
Path Group: clk
Path Type: min
Corner: Slowest

Fanout     Cap    Slew   Delay    Time   Description
-----------------------------------------------------------------------------
                  0.00    0.00    0.00   clock clk (rise edge)
                          0.00    0.00   clock network delay (ideal)
                          2.00    2.00 ^ input external delay
                  0.04    0.02    2.02 ^ b[5] (in)
     1    0.00                           b[5] (net)
                  0.04    0.00    2.02 ^ input14/A (sky130_fd_sc_hd__clkbuf_2)
                  0.23    0.28    2.30 ^ input14/X (sky130_fd_sc_hd__clkbuf_2)
     6    0.03                           net14 (net)
                  0.23    0.00    2.30 ^ _152_/A2 (sky130_fd_sc_hd__a31o_1)
                  0.07    0.33    2.62 ^ _152_/X (sky130_fd_sc_hd__a31o_1)
     1    0.00                           _081_ (net)
                  0.07    0.00    2.62 ^ _153_/B1 (sky130_fd_sc_hd__a21o_1)
                  0.09    0.15    2.78 ^ _153_/X (sky130_fd_sc_hd__a21o_1)
     1    0.01                           net25 (net)
                  0.09    0.00    2.78 ^ output25/A (sky130_fd_sc_hd__clkbuf_4)
                  0.18    0.32    3.10 ^ output25/X (sky130_fd_sc_hd__clkbuf_4)
     1    0.03                           result[5] (net)
                  0.18    0.00    3.10 ^ result[5] (out)
                                  3.10   data arrival time

                  0.00    0.00    0.00   clock clk (rise edge)
                          0.00    0.00   clock network delay (ideal)
                          0.25    0.25   clock uncertainty
                          0.00    0.25   clock reconvergence pessimism
                         -2.00   -1.75   output external delay
                                 -1.75   data required time
-----------------------------------------------------------------------------
                                 -1.75   data required time
                                 -3.10   data arrival time
-----------------------------------------------------------------------------
                                  4.85   slack (MET)


Startpoint: op[1] (input port clocked by clk)
Endpoint: result[6] (output port clocked by clk)
Path Group: clk
Path Type: min
Corner: Slowest

Fanout     Cap    Slew   Delay    Time   Description
-----------------------------------------------------------------------------
                  0.00    0.00    0.00   clock clk (rise edge)
                          0.00    0.00   clock network delay (ideal)
                          2.00    2.00 ^ input external delay
                  0.03    0.02    2.02 ^ op[1] (in)
     1    0.00                           op[1] (net)
                  0.03    0.00    2.02 ^ input18/A (sky130_fd_sc_hd__clkbuf_2)
                  0.17    0.23    2.25 ^ input18/X (sky130_fd_sc_hd__clkbuf_2)
     6    0.02                           net18 (net)
                  0.17    0.00    2.25 ^ _089_/B (sky130_fd_sc_hd__nor2_2)
                  0.14    0.18    2.43 v _089_/Y (sky130_fd_sc_hd__nor2_2)
     7    0.03                           _022_ (net)
                  0.14    0.00    2.43 v _164_/A1 (sky130_fd_sc_hd__a21o_1)
                  0.10    0.34    2.78 v _164_/X (sky130_fd_sc_hd__a21o_1)
     1    0.01                           net26 (net)
                  0.10    0.00    2.78 v output26/A (sky130_fd_sc_hd__clkbuf_4)
                  0.14    0.33    3.10 v output26/X (sky130_fd_sc_hd__clkbuf_4)
     1    0.04                           result[6] (net)
                  0.14    0.00    3.11 v result[6] (out)
                                  3.11   data arrival time

                  0.00    0.00    0.00   clock clk (rise edge)
                          0.00    0.00   clock network delay (ideal)
                          0.25    0.25   clock uncertainty
                          0.00    0.25   clock reconvergence pessimism
                         -2.00   -1.75   output external delay
                                 -1.75   data required time
-----------------------------------------------------------------------------
                                 -1.75   data required time
                                 -3.11   data arrival time
-----------------------------------------------------------------------------
                                  4.86   slack (MET)


Startpoint: a[4] (input port clocked by clk)
Endpoint: result[4] (output port clocked by clk)
Path Group: clk
Path Type: min
Corner: Slowest

Fanout     Cap    Slew   Delay    Time   Description
-----------------------------------------------------------------------------
                  0.00    0.00    0.00   clock clk (rise edge)
                          0.00    0.00   clock network delay (ideal)
                          2.00    2.00 ^ input external delay
                  0.03    0.02    2.02 ^ a[4] (in)
     1    0.00                           a[4] (net)
                  0.03    0.00    2.02 ^ input5/A (sky130_fd_sc_hd__clkbuf_2)
                  0.19    0.25    2.26 ^ input5/X (sky130_fd_sc_hd__clkbuf_2)
     5    0.02                           net5 (net)
                  0.19    0.00    2.26 ^ _137_/A1 (sky130_fd_sc_hd__a31o_1)
                  0.09    0.31    2.57 ^ _137_/X (sky130_fd_sc_hd__a31o_1)
     1    0.00                           _067_ (net)
                  0.09    0.00    2.57 ^ _138_/B1 (sky130_fd_sc_hd__a31o_1)
                  0.13    0.21    2.78 ^ _138_/X (sky130_fd_sc_hd__a31o_1)
     1    0.01                           net24 (net)
                  0.13    0.00    2.78 ^ output24/A (sky130_fd_sc_hd__clkbuf_4)
                  0.18    0.34    3.12 ^ output24/X (sky130_fd_sc_hd__clkbuf_4)
     1    0.03                           result[4] (net)
                  0.18    0.00    3.12 ^ result[4] (out)
                                  3.12   data arrival time

                  0.00    0.00    0.00   clock clk (rise edge)
                          0.00    0.00   clock network delay (ideal)
                          0.25    0.25   clock uncertainty
                          0.00    0.25   clock reconvergence pessimism
                         -2.00   -1.75   output external delay
                                 -1.75   data required time
-----------------------------------------------------------------------------
                                 -1.75   data required time
                                 -3.12   data arrival time
-----------------------------------------------------------------------------
                                  4.87   slack (MET)



======================= Typical Corner ===================================

Startpoint: a[0] (input port clocked by clk)
Endpoint: result[0] (output port clocked by clk)
Path Group: clk
Path Type: min
Corner: Typical

Fanout     Cap    Slew   Delay    Time   Description
-----------------------------------------------------------------------------
                  0.00    0.00    0.00   clock clk (rise edge)
                          0.00    0.00   clock network delay (ideal)
                          2.00    2.00 v input external delay
                  0.01    0.01    2.01 v a[0] (in)
     1    0.00                           a[0] (net)
                  0.01    0.00    2.01 v input1/A (sky130_fd_sc_hd__buf_1)
                  0.08    0.12    2.12 v input1/X (sky130_fd_sc_hd__buf_1)
     4    0.01                           net1 (net)
                  0.08    0.00    2.12 v _088_/A1 (sky130_fd_sc_hd__o21a_1)
                  0.03    0.18    2.31 v _088_/X (sky130_fd_sc_hd__o21a_1)
     1    0.00                           net20 (net)
                  0.03    0.00    2.31 v output20/A (sky130_fd_sc_hd__clkbuf_4)
                  0.08    0.17    2.47 v output20/X (sky130_fd_sc_hd__clkbuf_4)
     1    0.03                           result[0] (net)
                  0.08    0.00    2.47 v result[0] (out)
                                  2.47   data arrival time

                  0.00    0.00    0.00   clock clk (rise edge)
                          0.00    0.00   clock network delay (ideal)
                          0.25    0.25   clock uncertainty
                          0.00    0.25   clock reconvergence pessimism
                         -2.00   -1.75   output external delay
                                 -1.75   data required time
-----------------------------------------------------------------------------
                                 -1.75   data required time
                                 -2.47   data arrival time
-----------------------------------------------------------------------------
                                  4.22   slack (MET)


Startpoint: a[2] (input port clocked by clk)
Endpoint: result[2] (output port clocked by clk)
Path Group: clk
Path Type: min
Corner: Typical

Fanout     Cap    Slew   Delay    Time   Description
-----------------------------------------------------------------------------
                  0.00    0.00    0.00   clock clk (rise edge)
                          0.00    0.00   clock network delay (ideal)
                          2.00    2.00 ^ input external delay
                  0.02    0.01    2.01 ^ a[2] (in)
     1    0.00                           a[2] (net)
                  0.02    0.00    2.01 ^ input3/A (sky130_fd_sc_hd__clkbuf_2)
                  0.15    0.16    2.17 ^ input3/X (sky130_fd_sc_hd__clkbuf_2)
     6    0.03                           net3 (net)
                  0.15    0.00    2.18 ^ _116_/A1 (sky130_fd_sc_hd__a311o_1)
                  0.05    0.17    2.34 ^ _116_/X (sky130_fd_sc_hd__a311o_1)
     1    0.00                           net22 (net)
                  0.05    0.00    2.34 ^ output22/A (sky130_fd_sc_hd__clkbuf_4)
                  0.11    0.18    2.52 ^ output22/X (sky130_fd_sc_hd__clkbuf_4)
     1    0.03                           result[2] (net)
                  0.11    0.00    2.52 ^ result[2] (out)
                                  2.52   data arrival time

                  0.00    0.00    0.00   clock clk (rise edge)
                          0.00    0.00   clock network delay (ideal)
                          0.25    0.25   clock uncertainty
                          0.00    0.25   clock reconvergence pessimism
                         -2.00   -1.75   output external delay
                                 -1.75   data required time
-----------------------------------------------------------------------------
                                 -1.75   data required time
                                 -2.52   data arrival time
-----------------------------------------------------------------------------
                                  4.27   slack (MET)


Startpoint: b[3] (input port clocked by clk)
Endpoint: result[3] (output port clocked by clk)
Path Group: clk
Path Type: min
Corner: Typical

Fanout     Cap    Slew   Delay    Time   Description
-----------------------------------------------------------------------------
                  0.00    0.00    0.00   clock clk (rise edge)
                          0.00    0.00   clock network delay (ideal)
                          2.00    2.00 ^ input external delay
                  0.02    0.01    2.01 ^ b[3] (in)
     1    0.00                           b[3] (net)
                  0.02    0.00    2.01 ^ input12/A (sky130_fd_sc_hd__clkbuf_2)
                  0.13    0.15    2.16 ^ input12/X (sky130_fd_sc_hd__clkbuf_2)
     5    0.02                           net12 (net)
                  0.13    0.00    2.16 ^ _127_/A2 (sky130_fd_sc_hd__a311o_1)
                  0.07    0.18    2.34 ^ _127_/X (sky130_fd_sc_hd__a311o_1)
     1    0.01                           net23 (net)
                  0.07    0.00    2.34 ^ output23/A (sky130_fd_sc_hd__clkbuf_4)
                  0.11    0.18    2.53 ^ output23/X (sky130_fd_sc_hd__clkbuf_4)
     1    0.03                           result[3] (net)
                  0.11    0.00    2.53 ^ result[3] (out)
                                  2.53   data arrival time

                  0.00    0.00    0.00   clock clk (rise edge)
                          0.00    0.00   clock network delay (ideal)
                          0.25    0.25   clock uncertainty
                          0.00    0.25   clock reconvergence pessimism
                         -2.00   -1.75   output external delay
                                 -1.75   data required time
-----------------------------------------------------------------------------
                                 -1.75   data required time
                                 -2.53   data arrival time
-----------------------------------------------------------------------------
                                  4.28   slack (MET)


Startpoint: b[1] (input port clocked by clk)
Endpoint: result[1] (output port clocked by clk)
Path Group: clk
Path Type: min
Corner: Typical

Fanout     Cap    Slew   Delay    Time   Description
-----------------------------------------------------------------------------
                  0.00    0.00    0.00   clock clk (rise edge)
                          0.00    0.00   clock network delay (ideal)
                          2.00    2.00 ^ input external delay
                  0.02    0.01    2.01 ^ b[1] (in)
     1    0.00                           b[1] (net)
                  0.02    0.00    2.01 ^ input10/A (sky130_fd_sc_hd__clkbuf_2)
                  0.14    0.15    2.17 ^ input10/X (sky130_fd_sc_hd__clkbuf_2)
     7    0.02                           net10 (net)
                  0.14    0.00    2.17 ^ _105_/A2 (sky130_fd_sc_hd__a31o_1)
                  0.05    0.15    2.32 ^ _105_/X (sky130_fd_sc_hd__a31o_1)
     1    0.00                           _038_ (net)
                  0.05    0.00    2.32 ^ _106_/B1 (sky130_fd_sc_hd__a21o_1)
                  0.03    0.07    2.39 ^ _106_/X (sky130_fd_sc_hd__a21o_1)
     1    0.00                           net21 (net)
                  0.03    0.00    2.39 ^ output21/A (sky130_fd_sc_hd__clkbuf_4)
                  0.11    0.17    2.56 ^ output21/X (sky130_fd_sc_hd__clkbuf_4)
     1    0.03                           result[1] (net)
                  0.11    0.00    2.57 ^ result[1] (out)
                                  2.57   data arrival time

                  0.00    0.00    0.00   clock clk (rise edge)
                          0.00    0.00   clock network delay (ideal)
                          0.25    0.25   clock uncertainty
                          0.00    0.25   clock reconvergence pessimism
                         -2.00   -1.75   output external delay
                                 -1.75   data required time
-----------------------------------------------------------------------------
                                 -1.75   data required time
                                 -2.57   data arrival time
-----------------------------------------------------------------------------
                                  4.32   slack (MET)


Startpoint: op[1] (input port clocked by clk)
Endpoint: result[7] (output port clocked by clk)
Path Group: clk
Path Type: min
Corner: Typical

Fanout     Cap    Slew   Delay    Time   Description
-----------------------------------------------------------------------------
                  0.00    0.00    0.00   clock clk (rise edge)
                          0.00    0.00   clock network delay (ideal)
                          2.00    2.00 ^ input external delay
                  0.02    0.01    2.01 ^ op[1] (in)
     1    0.00                           op[1] (net)
                  0.02    0.00    2.01 ^ input18/A (sky130_fd_sc_hd__clkbuf_2)
                  0.11    0.13    2.15 ^ input18/X (sky130_fd_sc_hd__clkbuf_2)
     6    0.02                           net18 (net)
                  0.11    0.00    2.15 ^ _089_/B (sky130_fd_sc_hd__nor2_2)
                  0.08    0.09    2.24 v _089_/Y (sky130_fd_sc_hd__nor2_2)
     7    0.03                           _022_ (net)
                  0.08    0.00    2.24 v _175_/A1 (sky130_fd_sc_hd__a31o_1)
                  0.03    0.17    2.41 v _175_/X (sky130_fd_sc_hd__a31o_1)
     1    0.00                           net27 (net)
                  0.03    0.00    2.41 v output27/A (sky130_fd_sc_hd__buf_2)
                  0.09    0.17    2.58 v output27/X (sky130_fd_sc_hd__buf_2)
     1    0.03                           result[7] (net)
                  0.09    0.00    2.58 v result[7] (out)
                                  2.58   data arrival time

                  0.00    0.00    0.00   clock clk (rise edge)
                          0.00    0.00   clock network delay (ideal)
                          0.25    0.25   clock uncertainty
                          0.00    0.25   clock reconvergence pessimism
                         -2.00   -1.75   output external delay
                                 -1.75   data required time
-----------------------------------------------------------------------------
                                 -1.75   data required time
                                 -2.58   data arrival time
-----------------------------------------------------------------------------
                                  4.33   slack (MET)


Startpoint: b[5] (input port clocked by clk)
Endpoint: result[5] (output port clocked by clk)
Path Group: clk
Path Type: min
Corner: Typical

Fanout     Cap    Slew   Delay    Time   Description
-----------------------------------------------------------------------------
                  0.00    0.00    0.00   clock clk (rise edge)
                          0.00    0.00   clock network delay (ideal)
                          2.00    2.00 ^ input external delay
                  0.03    0.01    2.01 ^ b[5] (in)
     1    0.00                           b[5] (net)
                  0.03    0.00    2.01 ^ input14/A (sky130_fd_sc_hd__clkbuf_2)
                  0.14    0.16    2.17 ^ input14/X (sky130_fd_sc_hd__clkbuf_2)
     6    0.03                           net14 (net)
                  0.14    0.00    2.18 ^ _152_/A2 (sky130_fd_sc_hd__a31o_1)
                  0.04    0.15    2.33 ^ _152_/X (sky130_fd_sc_hd__a31o_1)
     1    0.00                           _081_ (net)
                  0.04    0.00    2.33 ^ _153_/B1 (sky130_fd_sc_hd__a21o_1)
                  0.05    0.08    2.41 ^ _153_/X (sky130_fd_sc_hd__a21o_1)
     1    0.01                           net25 (net)
                  0.05    0.00    2.41 ^ output25/A (sky130_fd_sc_hd__clkbuf_4)
                  0.11    0.18    2.59 ^ output25/X (sky130_fd_sc_hd__clkbuf_4)
     1    0.03                           result[5] (net)
                  0.11    0.00    2.59 ^ result[5] (out)
                                  2.59   data arrival time

                  0.00    0.00    0.00   clock clk (rise edge)
                          0.00    0.00   clock network delay (ideal)
                          0.25    0.25   clock uncertainty
                          0.00    0.25   clock reconvergence pessimism
                         -2.00   -1.75   output external delay
                                 -1.75   data required time
-----------------------------------------------------------------------------
                                 -1.75   data required time
                                 -2.59   data arrival time
-----------------------------------------------------------------------------
                                  4.34   slack (MET)


Startpoint: b[6] (input port clocked by clk)
Endpoint: result[6] (output port clocked by clk)
Path Group: clk
Path Type: min
Corner: Typical

Fanout     Cap    Slew   Delay    Time   Description
-----------------------------------------------------------------------------
                  0.00    0.00    0.00   clock clk (rise edge)
                          0.00    0.00   clock network delay (ideal)
                          2.00    2.00 ^ input external delay
                  0.02    0.01    2.01 ^ b[6] (in)
     1    0.00                           b[6] (net)
                  0.02    0.00    2.01 ^ input15/A (sky130_fd_sc_hd__clkbuf_2)
                  0.11    0.14    2.15 ^ input15/X (sky130_fd_sc_hd__clkbuf_2)
     5    0.02                           net15 (net)
                  0.11    0.00    2.16 ^ _163_/A2 (sky130_fd_sc_hd__a31o_1)
                  0.04    0.15    2.30 ^ _163_/X (sky130_fd_sc_hd__a31o_1)
     1    0.00                           _007_ (net)
                  0.04    0.00    2.30 ^ _164_/B1 (sky130_fd_sc_hd__a21o_1)
                  0.08    0.10    2.41 ^ _164_/X (sky130_fd_sc_hd__a21o_1)
     1    0.01                           net26 (net)
                  0.08    0.00    2.41 ^ output26/A (sky130_fd_sc_hd__clkbuf_4)
                  0.12    0.19    2.60 ^ output26/X (sky130_fd_sc_hd__clkbuf_4)
     1    0.04                           result[6] (net)
                  0.12    0.00    2.60 ^ result[6] (out)
                                  2.60   data arrival time

                  0.00    0.00    0.00   clock clk (rise edge)
                          0.00    0.00   clock network delay (ideal)
                          0.25    0.25   clock uncertainty
                          0.00    0.25   clock reconvergence pessimism
                         -2.00   -1.75   output external delay
                                 -1.75   data required time
-----------------------------------------------------------------------------
                                 -1.75   data required time
                                 -2.60   data arrival time
-----------------------------------------------------------------------------
                                  4.35   slack (MET)


Startpoint: a[4] (input port clocked by clk)
Endpoint: result[4] (output port clocked by clk)
Path Group: clk
Path Type: min
Corner: Typical

Fanout     Cap    Slew   Delay    Time   Description
-----------------------------------------------------------------------------
                  0.00    0.00    0.00   clock clk (rise edge)
                          0.00    0.00   clock network delay (ideal)
                          2.00    2.00 ^ input external delay
                  0.02    0.01    2.01 ^ a[4] (in)
     1    0.00                           a[4] (net)
                  0.02    0.00    2.01 ^ input5/A (sky130_fd_sc_hd__clkbuf_2)
                  0.12    0.14    2.15 ^ input5/X (sky130_fd_sc_hd__clkbuf_2)
     5    0.02                           net5 (net)
                  0.12    0.00    2.15 ^ _137_/A1 (sky130_fd_sc_hd__a31o_1)
                  0.05    0.15    2.30 ^ _137_/X (sky130_fd_sc_hd__a31o_1)
     1    0.00                           _067_ (net)
                  0.05    0.00    2.30 ^ _138_/B1 (sky130_fd_sc_hd__a31o_1)
                  0.08    0.11    2.41 ^ _138_/X (sky130_fd_sc_hd__a31o_1)
     1    0.01                           net24 (net)
                  0.08    0.00    2.42 ^ output24/A (sky130_fd_sc_hd__clkbuf_4)
                  0.11    0.19    2.60 ^ output24/X (sky130_fd_sc_hd__clkbuf_4)
     1    0.03                           result[4] (net)
                  0.11    0.00    2.60 ^ result[4] (out)
                                  2.60   data arrival time

                  0.00    0.00    0.00   clock clk (rise edge)
                          0.00    0.00   clock network delay (ideal)
                          0.25    0.25   clock uncertainty
                          0.00    0.25   clock reconvergence pessimism
                         -2.00   -1.75   output external delay
                                 -1.75   data required time
-----------------------------------------------------------------------------
                                 -1.75   data required time
                                 -2.60   data arrival time
-----------------------------------------------------------------------------
                                  4.35   slack (MET)



