
===========================================================================
report_checks -unconstrained
===========================================================================
======================= Fastest Corner ===================================

Startpoint: op[0] (input port clocked by clk)
Endpoint: result[7] (output port clocked by clk)
Path Group: clk
Path Type: max
Corner: Fastest

Fanout     Cap    Slew   Delay    Time   Description
-----------------------------------------------------------------------------
                  0.00    0.00    0.00   clock clk (rise edge)
                          0.00    0.00   clock network delay (ideal)
                          2.00    2.00 ^ input external delay
                  0.02    0.01    2.01 ^ op[0] (in)
     1    0.00                           op[0] (net)
                  0.02    0.00    2.01 ^ input17/A (sky130_fd_sc_hd__clkbuf_2)
                  0.10    0.12    2.13 ^ input17/X (sky130_fd_sc_hd__clkbuf_2)
     6    0.02                           net17 (net)
                  0.10    0.00    2.13 ^ _090_/C_N (sky130_fd_sc_hd__or3b_1)
                  0.04    0.21    2.34 v _090_/X (sky130_fd_sc_hd__or3b_1)
     1    0.00                           _023_ (net)
                  0.04    0.00    2.34 v _091_/A (sky130_fd_sc_hd__buf_2)
                  0.06    0.12    2.46 v _091_/X (sky130_fd_sc_hd__buf_2)
     8    0.03                           _024_ (net)
                  0.06    0.00    2.46 v _092_/A2 (sky130_fd_sc_hd__a21bo_1)
                  0.03    0.15    2.61 v _092_/X (sky130_fd_sc_hd__a21bo_1)
     2    0.01                           _025_ (net)
                  0.03    0.00    2.61 v _095_/A1 (sky130_fd_sc_hd__a21o_1)
                  0.03    0.11    2.72 v _095_/X (sky130_fd_sc_hd__a21o_1)
     2    0.00                           _028_ (net)
                  0.03    0.00    2.72 v _107_/A1 (sky130_fd_sc_hd__a21o_1)
                  0.03    0.11    2.83 v _107_/X (sky130_fd_sc_hd__a21o_1)
     2    0.01                           _039_ (net)
                  0.03    0.00    2.83 v _111_/A (sky130_fd_sc_hd__and2_1)
                  0.07    0.13    2.96 v _111_/X (sky130_fd_sc_hd__and2_1)
     5    0.02                           _043_ (net)
                  0.07    0.00    2.96 v _157_/A1 (sky130_fd_sc_hd__o211a_1)
                  0.04    0.17    3.13 v _157_/X (sky130_fd_sc_hd__o211a_1)
     2    0.01                           _001_ (net)
                  0.04    0.00    3.13 v _166_/A1 (sky130_fd_sc_hd__o211a_1)
                  0.04    0.16    3.29 v _166_/X (sky130_fd_sc_hd__o211a_1)
     2    0.01                           _009_ (net)
                  0.04    0.00    3.29 v _171_/B (sky130_fd_sc_hd__or3_1)
                  0.04    0.21    3.50 v _171_/X (sky130_fd_sc_hd__or3_1)
     1    0.00                           _014_ (net)
                  0.04    0.00    3.50 v _175_/A3 (sky130_fd_sc_hd__a31o_1)
                  0.03    0.14    3.64 v _175_/X (sky130_fd_sc_hd__a31o_1)
     1    0.00                           net27 (net)
                  0.03    0.00    3.64 v output27/A (sky130_fd_sc_hd__buf_2)
                  0.06    0.12    3.76 v output27/X (sky130_fd_sc_hd__buf_2)
     1    0.03                           result[7] (net)
                  0.06    0.00    3.76 v result[7] (out)
                                  3.76   data arrival time

                  0.00   10.00   10.00   clock clk (rise edge)
                          0.00   10.00   clock network delay (ideal)
                         -0.25    9.75   clock uncertainty
                          0.00    9.75   clock reconvergence pessimism
                         -2.00    7.75   output external delay
                                  7.75   data required time
-----------------------------------------------------------------------------
                                  7.75   data required time
                                 -3.76   data arrival time
-----------------------------------------------------------------------------
                                  3.99   slack (MET)



======================= Slowest Corner ===================================

Startpoint: op[2] (input port clocked by clk)
Endpoint: result[7] (output port clocked by clk)
Path Group: clk
Path Type: max
Corner: Slowest

Fanout     Cap    Slew   Delay    Time   Description
-----------------------------------------------------------------------------
                  0.00    0.00    0.00   clock clk (rise edge)
                          0.00    0.00   clock network delay (ideal)
                          2.00    2.00 v input external delay
                  0.02    0.01    2.01 v op[2] (in)
     1    0.00                           op[2] (net)
                  0.02    0.00    2.01 v input19/A (sky130_fd_sc_hd__clkbuf_2)
                  0.15    0.26    2.27 v input19/X (sky130_fd_sc_hd__clkbuf_2)
     6    0.02                           net19 (net)
                  0.15    0.00    2.27 v _090_/A (sky130_fd_sc_hd__or3b_1)
                  0.13    0.92    3.19 v _090_/X (sky130_fd_sc_hd__or3b_1)
     1    0.00                           _023_ (net)
                  0.13    0.00    3.19 v _091_/A (sky130_fd_sc_hd__buf_2)
                  0.15    0.38    3.57 v _091_/X (sky130_fd_sc_hd__buf_2)
     8    0.03                           _024_ (net)
                  0.15    0.00    3.57 v _092_/A2 (sky130_fd_sc_hd__a21bo_1)
                  0.09    0.42    3.99 v _092_/X (sky130_fd_sc_hd__a21bo_1)
     2    0.01                           _025_ (net)
                  0.09    0.00    3.99 v _094_/B (sky130_fd_sc_hd__and3_1)
                  0.09    0.38    4.37 v _094_/X (sky130_fd_sc_hd__and3_1)
     2    0.00                           _027_ (net)
                  0.09    0.00    4.37 v _107_/B1 (sky130_fd_sc_hd__a21o_1)
                  0.08    0.33    4.70 v _107_/X (sky130_fd_sc_hd__a21o_1)
     2    0.01                           _039_ (net)
                  0.08    0.00    4.70 v _111_/A (sky130_fd_sc_hd__and2_1)
                  0.18    0.41    5.11 v _111_/X (sky130_fd_sc_hd__and2_1)
     5    0.02                           _043_ (net)
                  0.18    0.00    5.11 v _157_/A1 (sky130_fd_sc_hd__o211a_1)
                  0.10    0.50    5.61 v _157_/X (sky130_fd_sc_hd__o211a_1)
     2    0.01                           _001_ (net)
                  0.10    0.00    5.61 v _166_/A1 (sky130_fd_sc_hd__o211a_1)
                  0.11    0.48    6.09 v _166_/X (sky130_fd_sc_hd__o211a_1)
     2    0.01                           _009_ (net)
                  0.11    0.00    6.09 v _171_/B (sky130_fd_sc_hd__or3_1)
                  0.14    0.85    6.94 v _171_/X (sky130_fd_sc_hd__or3_1)
     1    0.00                           _014_ (net)
                  0.14    0.00    6.94 v _175_/A3 (sky130_fd_sc_hd__a31o_1)
                  0.06    0.43    7.37 v _175_/X (sky130_fd_sc_hd__a31o_1)
     1    0.00                           net27 (net)
                  0.06    0.00    7.37 v output27/A (sky130_fd_sc_hd__buf_2)
                  0.17    0.36    7.72 v output27/X (sky130_fd_sc_hd__buf_2)
     1    0.03                           result[7] (net)
                  0.17    0.00    7.73 v result[7] (out)
                                  7.73   data arrival time

                  0.00   10.00   10.00   clock clk (rise edge)
                          0.00   10.00   clock network delay (ideal)
                         -0.25    9.75   clock uncertainty
                          0.00    9.75   clock reconvergence pessimism
                         -2.00    7.75   output external delay
                                  7.75   data required time
-----------------------------------------------------------------------------
                                  7.75   data required time
                                 -7.73   data arrival time
-----------------------------------------------------------------------------
                                  0.02   slack (MET)



======================= Typical Corner ===================================

Startpoint: op[0] (input port clocked by clk)
Endpoint: result[7] (output port clocked by clk)
Path Group: clk
Path Type: max
Corner: Typical

Fanout     Cap    Slew   Delay    Time   Description
-----------------------------------------------------------------------------
                  0.00    0.00    0.00   clock clk (rise edge)
                          0.00    0.00   clock network delay (ideal)
                          2.00    2.00 ^ input external delay
                  0.02    0.01    2.01 ^ op[0] (in)
     1    0.00                           op[0] (net)
                  0.02    0.00    2.01 ^ input17/A (sky130_fd_sc_hd__clkbuf_2)
                  0.13    0.17    2.18 ^ input17/X (sky130_fd_sc_hd__clkbuf_2)
     6    0.02                           net17 (net)
                  0.13    0.00    2.18 ^ _090_/C_N (sky130_fd_sc_hd__or3b_1)
                  0.06    0.37    2.56 v _090_/X (sky130_fd_sc_hd__or3b_1)
     1    0.00                           _023_ (net)
                  0.06    0.00    2.56 v _091_/A (sky130_fd_sc_hd__buf_2)
                  0.08    0.19    2.75 v _091_/X (sky130_fd_sc_hd__buf_2)
     8    0.03                           _024_ (net)
                  0.08    0.00    2.75 v _092_/A2 (sky130_fd_sc_hd__a21bo_1)
                  0.05    0.22    2.97 v _092_/X (sky130_fd_sc_hd__a21bo_1)
     2    0.01                           _025_ (net)
                  0.05    0.00    2.97 v _094_/B (sky130_fd_sc_hd__and3_1)
                  0.05    0.18    3.15 v _094_/X (sky130_fd_sc_hd__and3_1)
     2    0.00                           _027_ (net)
                  0.05    0.00    3.15 v _107_/B1 (sky130_fd_sc_hd__a21o_1)
                  0.05    0.17    3.32 v _107_/X (sky130_fd_sc_hd__a21o_1)
     2    0.01                           _039_ (net)
                  0.05    0.00    3.32 v _111_/A (sky130_fd_sc_hd__and2_1)
                  0.10    0.20    3.52 v _111_/X (sky130_fd_sc_hd__and2_1)
     5    0.02                           _043_ (net)
                  0.10    0.00    3.52 v _157_/A1 (sky130_fd_sc_hd__o211a_1)
                  0.05    0.26    3.79 v _157_/X (sky130_fd_sc_hd__o211a_1)
     2    0.01                           _001_ (net)
                  0.05    0.00    3.79 v _166_/A1 (sky130_fd_sc_hd__o211a_1)
                  0.06    0.25    4.04 v _166_/X (sky130_fd_sc_hd__o211a_1)
     2    0.01                           _009_ (net)
                  0.06    0.00    4.04 v _171_/B (sky130_fd_sc_hd__or3_1)
                  0.07    0.36    4.40 v _171_/X (sky130_fd_sc_hd__or3_1)
     1    0.00                           _014_ (net)
                  0.07    0.00    4.40 v _175_/A3 (sky130_fd_sc_hd__a31o_1)
                  0.03    0.23    4.63 v _175_/X (sky130_fd_sc_hd__a31o_1)
     1    0.00                           net27 (net)
                  0.03    0.00    4.63 v output27/A (sky130_fd_sc_hd__buf_2)
                  0.09    0.18    4.81 v output27/X (sky130_fd_sc_hd__buf_2)
     1    0.03                           result[7] (net)
                  0.09    0.00    4.81 v result[7] (out)
                                  4.81   data arrival time

                  0.00   10.00   10.00   clock clk (rise edge)
                          0.00   10.00   clock network delay (ideal)
                         -0.25    9.75   clock uncertainty
                          0.00    9.75   clock reconvergence pessimism
                         -2.00    7.75   output external delay
                                  7.75   data required time
-----------------------------------------------------------------------------
                                  7.75   data required time
                                 -4.81   data arrival time
-----------------------------------------------------------------------------
                                  2.94   slack (MET)




===========================================================================
report_checks --slack_max -0.01
============================================================================
======================= Fastest Corner ===================================

No paths found.

======================= Slowest Corner ===================================

No paths found.

======================= Typical Corner ===================================

No paths found.


===========================================================================
 report_check_types -max_slew -max_cap -max_fanout -violators
============================================================================
======================= Fastest Corner ===================================


======================= Slowest Corner ===================================


======================= Typical Corner ===================================



===========================================================================
report_parasitic_annotation -report_unannotated
============================================================================
Found 0 unannotated drivers.
Found 0 partially unannotated drivers.

===========================================================================
max slew violation count 0
max fanout violation count 0
max cap violation count 0
============================================================================

===========================================================================
check_setup -verbose -unconstrained_endpoints -multiple_clock -no_clock -no_input_delay -loops -generated_clocks
===========================================================================
